FastTree Version 2.1.7 SSE3
Alignment: all_broad.aln.fasta
Nucleotide distances: Jukes-Cantor Joins: balanced Support: SH-like 1000
Search: Normal +NNI +SPR (2 rounds range 10) +ML-NNI opt-each=1
TopHits: 1.00*sqrtN close=default refresh=0.80
ML Model: Generalized Time-Reversible, CAT approximation with 20 rate categories
Ignored unknown character b (seen 2 times)
Ignored unknown character d (seen 3 times)
Ignored unknown character h (seen 1 times)
Ignored unknown character k (seen 48 times)
Ignored unknown character m (seen 50 times)
Ignored unknown character n (seen 15205 times)
Ignored unknown character r (seen 146 times)
Ignored unknown character v (seen 2 times)
Ignored unknown character w (seen 1 times)
Ignored unknown character y (seen 208 times)
      2.08 seconds: Top hits for    963 of   3841 seqs (at seed    100)
      2.41 seconds: Top hits for   1153 of   3841 seqs (at seed    200)
      3.56 seconds: Top hits for   2081 of   3841 seqs (at seed    300)
      4.47 seconds: Top hits for   2641 of   3841 seqs (at seed    400)
      5.07 seconds: Top hits for   2955 of   3841 seqs (at seed    500)
      5.36 seconds: Top hits for   3054 of   3841 seqs (at seed    600)
      5.60 seconds: Top hits for   3146 of   3841 seqs (at seed    700)
      5.76 seconds: Top hits for   3181 of   3841 seqs (at seed    900)
      5.90 seconds: Top hits for   3258 of   3841 seqs (at seed   1100)
      6.03 seconds: Top hits for   3272 of   3841 seqs (at seed   1300)
      6.23 seconds: Top hits for   3373 of   3841 seqs (at seed   1400)
      6.63 seconds: Top hits for   3493 of   3841 seqs (at seed   1500)
      6.91 seconds: Top hits for   3626 of   3841 seqs (at seed   1600)
      7.10 seconds: Top hits for   3665 of   3841 seqs (at seed   1700)
      7.26 seconds: Top hits for   3710 of   3841 seqs (at seed   1800)
      7.42 seconds: Top hits for   3750 of   3841 seqs (at seed   2000)
      7.57 seconds: Top hits for   3774 of   3841 seqs (at seed   2200)
      7.72 seconds: Top hits for   3814 of   3841 seqs (at seed   2600)
      7.83 seconds: Top hits for   3823 of   3841 seqs (at seed   3000)
      7.93 seconds: Top hits for   3832 of   3841 seqs (at seed   3200)
      8.06 seconds: Top hits for   3841 of   3841 seqs (at seed   3800)
      9.02 seconds: Joined    100 of   3838
     11.02 seconds: Joined    200 of   3838
     12.82 seconds: Joined    300 of   3838
     14.86 seconds: Joined    400 of   3838
     16.43 seconds: Joined    500 of   3838
     18.67 seconds: Joined    600 of   3838
     20.44 seconds: Joined    700 of   3838
     21.85 seconds: Joined    800 of   3838
     23.98 seconds: Joined    900 of   3838
     25.82 seconds: Joined   1000 of   3838
     27.52 seconds: Joined   1100 of   3838
     29.84 seconds: Joined   1200 of   3838
     32.10 seconds: Joined   1300 of   3838
     34.13 seconds: Joined   1400 of   3838
     35.25 seconds: Joined   1500 of   3838
     37.35 seconds: Joined   1600 of   3838
     38.54 seconds: Joined   1700 of   3838
     40.27 seconds: Joined   1800 of   3838
     40.91 seconds: Joined   1900 of   3838
     42.61 seconds: Joined   2000 of   3838
     43.26 seconds: Joined   2100 of   3838
     45.11 seconds: Joined   2200 of   3838
     45.99 seconds: Joined   2300 of   3838
     47.21 seconds: Joined   2400 of   3838
     48.18 seconds: Joined   2500 of   3838
     50.38 seconds: Joined   2700 of   3838
     51.67 seconds: Joined   2800 of   3838
     53.09 seconds: Joined   2900 of   3838
     54.20 seconds: Joined   3000 of   3838
     55.16 seconds: Joined   3100 of   3838
     56.28 seconds: Joined   3200 of   3838
     58.62 seconds: Joined   3400 of   3838
     59.15 seconds: Joined   3500 of   3838
     60.00 seconds: Joined   3600 of   3838
     60.84 seconds: Joined   3700 of   3838
     61.32 seconds: Joined   3800 of   3838
Initial topology in 61.42 seconds
Refining topology: 48 rounds ME-NNIs, 2 rounds ME-SPRs, 24 rounds ML-NNIs
     61.42 seconds: ME NNI round 1 of 48, 1 of 3839 splits
     61.55 seconds: ME NNI round 1 of 48, 301 of 3839 splits, 71 changes (max delta 0.016)
     61.68 seconds: ME NNI round 1 of 48, 601 of 3839 splits, 144 changes (max delta 0.016)
     61.81 seconds: ME NNI round 1 of 48, 901 of 3839 splits, 239 changes (max delta 0.016)
     61.93 seconds: ME NNI round 1 of 48, 1201 of 3839 splits, 312 changes (max delta 0.016)
     62.06 seconds: ME NNI round 1 of 48, 1501 of 3839 splits, 388 changes (max delta 0.016)
     62.20 seconds: ME NNI round 1 of 48, 1801 of 3839 splits, 472 changes (max delta 0.048)
     62.32 seconds: ME NNI round 1 of 48, 2101 of 3839 splits, 537 changes (max delta 0.048)
     62.45 seconds: ME NNI round 1 of 48, 2401 of 3839 splits, 620 changes (max delta 0.048)
     62.58 seconds: ME NNI round 1 of 48, 2701 of 3839 splits, 709 changes (max delta 0.048)
     62.70 seconds: ME NNI round 1 of 48, 3001 of 3839 splits, 766 changes (max delta 0.048)
     62.83 seconds: ME NNI round 1 of 48, 3301 of 3839 splits, 845 changes (max delta 0.048)
     62.95 seconds: ME NNI round 1 of 48, 3601 of 3839 splits, 908 changes (max delta 0.048)
     63.08 seconds: ME NNI round 2 of 48, 101 of 3839 splits, 8 changes (max delta 0.002)
     63.20 seconds: ME NNI round 2 of 48, 401 of 3839 splits, 34 changes (max delta 0.007)
     63.33 seconds: ME NNI round 2 of 48, 701 of 3839 splits, 76 changes (max delta 0.028)
     63.46 seconds: ME NNI round 2 of 48, 1001 of 3839 splits, 127 changes (max delta 0.028)
     63.59 seconds: ME NNI round 2 of 48, 1301 of 3839 splits, 182 changes (max delta 0.028)
     63.72 seconds: ME NNI round 2 of 48, 1601 of 3839 splits, 219 changes (max delta 0.028)
     63.86 seconds: ME NNI round 2 of 48, 1901 of 3839 splits, 261 changes (max delta 0.028)
     63.99 seconds: ME NNI round 2 of 48, 2201 of 3839 splits, 312 changes (max delta 0.028)
     64.11 seconds: ME NNI round 2 of 48, 2501 of 3839 splits, 364 changes (max delta 0.028)
     64.24 seconds: ME NNI round 2 of 48, 2801 of 3839 splits, 395 changes (max delta 0.028)
     64.36 seconds: ME NNI round 2 of 48, 3101 of 3839 splits, 424 changes (max delta 0.029)
     64.48 seconds: ME NNI round 2 of 48, 3401 of 3839 splits, 456 changes (max delta 0.029)
     64.61 seconds: ME NNI round 2 of 48, 3701 of 3839 splits, 497 changes (max delta 0.029)
     64.75 seconds: ME NNI round 3 of 48, 201 of 3839 splits, 18 changes (max delta 0.002)
     64.88 seconds: ME NNI round 3 of 48, 501 of 3839 splits, 36 changes (max delta 0.035)
     64.99 seconds: ME NNI round 3 of 48, 801 of 3839 splits, 74 changes (max delta 0.035)
     65.12 seconds: ME NNI round 3 of 48, 1101 of 3839 splits, 103 changes (max delta 0.035)
     65.25 seconds: ME NNI round 3 of 48, 1401 of 3839 splits, 131 changes (max delta 0.035)
     65.38 seconds: ME NNI round 3 of 48, 1701 of 3839 splits, 165 changes (max delta 0.035)
     65.50 seconds: ME NNI round 3 of 48, 2001 of 3839 splits, 191 changes (max delta 0.035)
     65.64 seconds: ME NNI round 3 of 48, 2301 of 3839 splits, 218 changes (max delta 0.035)
     65.76 seconds: ME NNI round 3 of 48, 2601 of 3839 splits, 237 changes (max delta 0.035)
     65.89 seconds: ME NNI round 3 of 48, 2901 of 3839 splits, 273 changes (max delta 0.035)
     66.01 seconds: ME NNI round 4 of 48, 201 of 3839 splits, 8 changes (max delta 0.002)
     66.14 seconds: ME NNI round 4 of 48, 501 of 3839 splits, 31 changes (max delta 0.005)
     66.26 seconds: ME NNI round 4 of 48, 801 of 3839 splits, 51 changes (max delta 0.005)
     66.39 seconds: ME NNI round 4 of 48, 1101 of 3839 splits, 74 changes (max delta 0.005)
     66.53 seconds: ME NNI round 4 of 48, 1401 of 3839 splits, 98 changes (max delta 0.005)
     66.65 seconds: ME NNI round 4 of 48, 1701 of 3839 splits, 110 changes (max delta 0.005)
     66.79 seconds: ME NNI round 5 of 48, 1 of 3839 splits
     66.92 seconds: ME NNI round 5 of 48, 301 of 3839 splits, 10 changes (max delta 0.002)
     67.05 seconds: ME NNI round 5 of 48, 601 of 3839 splits, 31 changes (max delta 0.002)
     67.19 seconds: ME NNI round 5 of 48, 901 of 3839 splits, 60 changes (max delta 0.003)
     67.32 seconds: ME NNI round 5 of 48, 1201 of 3839 splits, 70 changes (max delta 0.003)
     67.46 seconds: ME NNI round 6 of 48, 301 of 3839 splits, 15 changes (max delta 0.002)
     67.61 seconds: ME NNI round 6 of 48, 601 of 3839 splits, 27 changes (max delta 0.002)
     67.75 seconds: ME NNI round 7 of 48, 201 of 3839 splits, 8 changes (max delta 0.000)
     67.89 seconds: ME NNI round 8 of 48, 1 of 3839 splits
     67.99 seconds: ME NNI round 8 of 48, 201 of 3839 splits, 10 changes (max delta 0.001)
     68.11 seconds: ME NNI round 10 of 48, 1 of 3839 splits
     68.79 seconds: SPR round   1 of   2, 101 of 7680 nodes
     69.53 seconds: SPR round   1 of   2, 201 of 7680 nodes
     70.25 seconds: SPR round   1 of   2, 301 of 7680 nodes
     70.92 seconds: SPR round   1 of   2, 401 of 7680 nodes
     71.57 seconds: SPR round   1 of   2, 501 of 7680 nodes
     72.21 seconds: SPR round   1 of   2, 601 of 7680 nodes
     72.94 seconds: SPR round   1 of   2, 701 of 7680 nodes
     73.58 seconds: SPR round   1 of   2, 801 of 7680 nodes
     74.37 seconds: SPR round   1 of   2, 901 of 7680 nodes
     75.10 seconds: SPR round   1 of   2, 1001 of 7680 nodes
     76.02 seconds: SPR round   1 of   2, 1101 of 7680 nodes
     76.77 seconds: SPR round   1 of   2, 1201 of 7680 nodes
     77.44 seconds: SPR round   1 of   2, 1301 of 7680 nodes
     78.05 seconds: SPR round   1 of   2, 1401 of 7680 nodes
     78.90 seconds: SPR round   1 of   2, 1501 of 7680 nodes
     79.73 seconds: SPR round   1 of   2, 1601 of 7680 nodes
     80.48 seconds: SPR round   1 of   2, 1701 of 7680 nodes
     81.37 seconds: SPR round   1 of   2, 1801 of 7680 nodes
     82.07 seconds: SPR round   1 of   2, 1901 of 7680 nodes
     82.77 seconds: SPR round   1 of   2, 2001 of 7680 nodes
     83.48 seconds: SPR round   1 of   2, 2101 of 7680 nodes
     84.16 seconds: SPR round   1 of   2, 2201 of 7680 nodes
     85.09 seconds: SPR round   1 of   2, 2301 of 7680 nodes
     85.79 seconds: SPR round   1 of   2, 2401 of 7680 nodes
     86.65 seconds: SPR round   1 of   2, 2501 of 7680 nodes
     87.34 seconds: SPR round   1 of   2, 2601 of 7680 nodes
     87.99 seconds: SPR round   1 of   2, 2701 of 7680 nodes
     88.73 seconds: SPR round   1 of   2, 2801 of 7680 nodes
     89.45 seconds: SPR round   1 of   2, 2901 of 7680 nodes
     90.40 seconds: SPR round   1 of   2, 3001 of 7680 nodes
     91.16 seconds: SPR round   1 of   2, 3101 of 7680 nodes
     91.91 seconds: SPR round   1 of   2, 3201 of 7680 nodes
     92.76 seconds: SPR round   1 of   2, 3301 of 7680 nodes
     93.42 seconds: SPR round   1 of   2, 3401 of 7680 nodes
     94.12 seconds: SPR round   1 of   2, 3501 of 7680 nodes
     94.94 seconds: SPR round   1 of   2, 3601 of 7680 nodes
     95.67 seconds: SPR round   1 of   2, 3701 of 7680 nodes
     96.40 seconds: SPR round   1 of   2, 3801 of 7680 nodes
     97.40 seconds: SPR round   1 of   2, 3901 of 7680 nodes
     98.15 seconds: SPR round   1 of   2, 4001 of 7680 nodes
     99.06 seconds: SPR round   1 of   2, 4101 of 7680 nodes
     99.72 seconds: SPR round   1 of   2, 4201 of 7680 nodes
    100.47 seconds: SPR round   1 of   2, 4301 of 7680 nodes
    101.16 seconds: SPR round   1 of   2, 4401 of 7680 nodes
    101.85 seconds: SPR round   1 of   2, 4501 of 7680 nodes
    102.52 seconds: SPR round   1 of   2, 4601 of 7680 nodes
    103.30 seconds: SPR round   1 of   2, 4701 of 7680 nodes
    104.19 seconds: SPR round   1 of   2, 4801 of 7680 nodes
    104.89 seconds: SPR round   1 of   2, 4901 of 7680 nodes
    105.44 seconds: SPR round   1 of   2, 5001 of 7680 nodes
    106.36 seconds: SPR round   1 of   2, 5101 of 7680 nodes
    107.10 seconds: SPR round   1 of   2, 5201 of 7680 nodes
    107.74 seconds: SPR round   1 of   2, 5301 of 7680 nodes
    108.41 seconds: SPR round   1 of   2, 5401 of 7680 nodes
    109.06 seconds: SPR round   1 of   2, 5501 of 7680 nodes
    109.68 seconds: SPR round   1 of   2, 5601 of 7680 nodes
    111.51 seconds: SPR round   1 of   2, 5801 of 7680 nodes
    112.46 seconds: SPR round   1 of   2, 5901 of 7680 nodes
    113.07 seconds: SPR round   1 of   2, 6001 of 7680 nodes
    113.75 seconds: SPR round   1 of   2, 6101 of 7680 nodes
    114.39 seconds: SPR round   1 of   2, 6201 of 7680 nodes
    115.10 seconds: SPR round   1 of   2, 6301 of 7680 nodes
    115.82 seconds: SPR round   1 of   2, 6401 of 7680 nodes
    116.51 seconds: SPR round   1 of   2, 6501 of 7680 nodes
    117.24 seconds: SPR round   1 of   2, 6601 of 7680 nodes
    118.01 seconds: SPR round   1 of   2, 6701 of 7680 nodes
    118.66 seconds: SPR round   1 of   2, 6801 of 7680 nodes
    119.33 seconds: SPR round   1 of   2, 6901 of 7680 nodes
    120.21 seconds: SPR round   1 of   2, 7001 of 7680 nodes
    120.89 seconds: SPR round   1 of   2, 7101 of 7680 nodes
    121.84 seconds: SPR round   1 of   2, 7201 of 7680 nodes
    122.45 seconds: SPR round   1 of   2, 7301 of 7680 nodes
    123.16 seconds: SPR round   1 of   2, 7401 of 7680 nodes
    124.06 seconds: SPR round   1 of   2, 7501 of 7680 nodes
    124.70 seconds: SPR round   1 of   2, 7601 of 7680 nodes
    125.14 seconds: ME NNI round 17 of 48, 1 of 3839 splits
    125.26 seconds: ME NNI round 17 of 48, 301 of 3839 splits, 6 changes (max delta 0.001)
    125.38 seconds: ME NNI round 17 of 48, 601 of 3839 splits, 16 changes (max delta 0.003)
    125.51 seconds: ME NNI round 17 of 48, 901 of 3839 splits, 19 changes (max delta 0.003)
    125.63 seconds: ME NNI round 17 of 48, 1201 of 3839 splits, 20 changes (max delta 0.004)
    125.75 seconds: ME NNI round 17 of 48, 1501 of 3839 splits, 25 changes (max delta 0.004)
    125.87 seconds: ME NNI round 17 of 48, 1801 of 3839 splits, 25 changes (max delta 0.004)
    125.99 seconds: ME NNI round 17 of 48, 2101 of 3839 splits, 26 changes (max delta 0.004)
    126.11 seconds: ME NNI round 17 of 48, 2401 of 3839 splits, 27 changes (max delta 0.004)
    126.24 seconds: ME NNI round 17 of 48, 2701 of 3839 splits, 33 changes (max delta 0.020)
    126.35 seconds: ME NNI round 17 of 48, 3001 of 3839 splits, 36 changes (max delta 0.020)
    126.47 seconds: ME NNI round 17 of 48, 3301 of 3839 splits, 38 changes (max delta 0.020)
    126.59 seconds: ME NNI round 17 of 48, 3601 of 3839 splits, 47 changes (max delta 0.020)
    126.72 seconds: ME NNI round 18 of 48, 101 of 3839 splits, 1 changes (max delta 0.000)
    126.84 seconds: ME NNI round 18 of 48, 401 of 3839 splits, 2 changes (max delta 0.000)
    126.96 seconds: ME NNI round 18 of 48, 701 of 3839 splits, 12 changes (max delta 0.002)
    127.08 seconds: ME NNI round 18 of 48, 1001 of 3839 splits, 15 changes (max delta 0.002)
    127.21 seconds: ME NNI round 18 of 48, 1301 of 3839 splits, 15 changes (max delta 0.002)
    127.33 seconds: ME NNI round 18 of 48, 1601 of 3839 splits, 15 changes (max delta 0.002)
    127.45 seconds: ME NNI round 18 of 48, 1901 of 3839 splits, 15 changes (max delta 0.002)
    127.56 seconds: ME NNI round 18 of 48, 2201 of 3839 splits, 15 changes (max delta 0.002)
    127.68 seconds: ME NNI round 18 of 48, 2501 of 3839 splits, 15 changes (max delta 0.002)
    127.80 seconds: ME NNI round 18 of 48, 2801 of 3839 splits, 17 changes (max delta 0.004)
    127.92 seconds: ME NNI round 18 of 48, 3101 of 3839 splits, 19 changes (max delta 0.004)
    128.04 seconds: ME NNI round 18 of 48, 3401 of 3839 splits, 19 changes (max delta 0.004)
    128.16 seconds: ME NNI round 18 of 48, 3701 of 3839 splits, 21 changes (max delta 0.004)
    128.26 seconds: ME NNI round 19 of 48, 101 of 3839 splits, 6 changes (max delta 0.001)
    128.36 seconds: ME NNI round 19 of 48, 301 of 3839 splits, 10 changes (max delta 0.002)
    128.48 seconds: ME NNI round 21 of 48, 1 of 3839 splits
    129.19 seconds: SPR round   2 of   2, 101 of 7680 nodes
    129.74 seconds: SPR round   2 of   2, 201 of 7680 nodes
    130.41 seconds: SPR round   2 of   2, 301 of 7680 nodes
    131.05 seconds: SPR round   2 of   2, 401 of 7680 nodes
    131.79 seconds: SPR round   2 of   2, 501 of 7680 nodes
    132.46 seconds: SPR round   2 of   2, 601 of 7680 nodes
    133.01 seconds: SPR round   2 of   2, 701 of 7680 nodes
    133.72 seconds: SPR round   2 of   2, 801 of 7680 nodes
    134.45 seconds: SPR round   2 of   2, 901 of 7680 nodes
    135.12 seconds: SPR round   2 of   2, 1001 of 7680 nodes
    135.88 seconds: SPR round   2 of   2, 1101 of 7680 nodes
    136.75 seconds: SPR round   2 of   2, 1201 of 7680 nodes
    137.46 seconds: SPR round   2 of   2, 1301 of 7680 nodes
    138.13 seconds: SPR round   2 of   2, 1401 of 7680 nodes
    138.76 seconds: SPR round   2 of   2, 1501 of 7680 nodes
    139.57 seconds: SPR round   2 of   2, 1601 of 7680 nodes
    140.41 seconds: SPR round   2 of   2, 1701 of 7680 nodes
    141.19 seconds: SPR round   2 of   2, 1801 of 7680 nodes
    142.14 seconds: SPR round   2 of   2, 1901 of 7680 nodes
    142.87 seconds: SPR round   2 of   2, 2001 of 7680 nodes
    143.54 seconds: SPR round   2 of   2, 2101 of 7680 nodes
    144.33 seconds: SPR round   2 of   2, 2201 of 7680 nodes
    145.05 seconds: SPR round   2 of   2, 2301 of 7680 nodes
    145.94 seconds: SPR round   2 of   2, 2401 of 7680 nodes
    146.78 seconds: SPR round   2 of   2, 2501 of 7680 nodes
    147.42 seconds: SPR round   2 of   2, 2601 of 7680 nodes
    148.10 seconds: SPR round   2 of   2, 2701 of 7680 nodes
    148.78 seconds: SPR round   2 of   2, 2801 of 7680 nodes
    149.51 seconds: SPR round   2 of   2, 2901 of 7680 nodes
    150.43 seconds: SPR round   2 of   2, 3001 of 7680 nodes
    151.21 seconds: SPR round   2 of   2, 3101 of 7680 nodes
    151.99 seconds: SPR round   2 of   2, 3201 of 7680 nodes
    152.75 seconds: SPR round   2 of   2, 3301 of 7680 nodes
    153.47 seconds: SPR round   2 of   2, 3401 of 7680 nodes
    154.19 seconds: SPR round   2 of   2, 3501 of 7680 nodes
    154.97 seconds: SPR round   2 of   2, 3601 of 7680 nodes
    155.68 seconds: SPR round   2 of   2, 3701 of 7680 nodes
    156.37 seconds: SPR round   2 of   2, 3801 of 7680 nodes
    157.18 seconds: SPR round   2 of   2, 3901 of 7680 nodes
    158.09 seconds: SPR round   2 of   2, 4001 of 7680 nodes
    158.90 seconds: SPR round   2 of   2, 4101 of 7680 nodes
    159.51 seconds: SPR round   2 of   2, 4201 of 7680 nodes
    160.18 seconds: SPR round   2 of   2, 4301 of 7680 nodes
    160.85 seconds: SPR round   2 of   2, 4401 of 7680 nodes
    161.44 seconds: SPR round   2 of   2, 4501 of 7680 nodes
    162.20 seconds: SPR round   2 of   2, 4601 of 7680 nodes
    163.09 seconds: SPR round   2 of   2, 4701 of 7680 nodes
    163.75 seconds: SPR round   2 of   2, 4801 of 7680 nodes
    164.47 seconds: SPR round   2 of   2, 4901 of 7680 nodes
    165.14 seconds: SPR round   2 of   2, 5001 of 7680 nodes
    165.84 seconds: SPR round   2 of   2, 5101 of 7680 nodes
    166.50 seconds: SPR round   2 of   2, 5201 of 7680 nodes
    167.20 seconds: SPR round   2 of   2, 5301 of 7680 nodes
    168.07 seconds: SPR round   2 of   2, 5401 of 7680 nodes
    168.80 seconds: SPR round   2 of   2, 5501 of 7680 nodes
    169.35 seconds: SPR round   2 of   2, 5601 of 7680 nodes
    170.19 seconds: SPR round   2 of   2, 5701 of 7680 nodes
    170.91 seconds: SPR round   2 of   2, 5801 of 7680 nodes
    171.59 seconds: SPR round   2 of   2, 5901 of 7680 nodes
    172.24 seconds: SPR round   2 of   2, 6001 of 7680 nodes
    172.93 seconds: SPR round   2 of   2, 6101 of 7680 nodes
    173.63 seconds: SPR round   2 of   2, 6201 of 7680 nodes
    174.27 seconds: SPR round   2 of   2, 6301 of 7680 nodes
    174.98 seconds: SPR round   2 of   2, 6401 of 7680 nodes
    175.69 seconds: SPR round   2 of   2, 6501 of 7680 nodes
    176.45 seconds: SPR round   2 of   2, 6601 of 7680 nodes
    177.09 seconds: SPR round   2 of   2, 6701 of 7680 nodes
    177.82 seconds: SPR round   2 of   2, 6801 of 7680 nodes
    178.50 seconds: SPR round   2 of   2, 6901 of 7680 nodes
    179.32 seconds: SPR round   2 of   2, 7001 of 7680 nodes
    179.96 seconds: SPR round   2 of   2, 7101 of 7680 nodes
    180.53 seconds: SPR round   2 of   2, 7201 of 7680 nodes
    181.46 seconds: SPR round   2 of   2, 7301 of 7680 nodes
    182.18 seconds: SPR round   2 of   2, 7401 of 7680 nodes
    183.12 seconds: SPR round   2 of   2, 7501 of 7680 nodes
    183.95 seconds: SPR round   2 of   2, 7601 of 7680 nodes
    184.60 seconds: ME NNI round 33 of 48, 1 of 3839 splits
    184.72 seconds: ME NNI round 33 of 48, 301 of 3839 splits, 8 changes (max delta 0.000)
    184.84 seconds: ME NNI round 33 of 48, 601 of 3839 splits, 9 changes (max delta 0.000)
    184.97 seconds: ME NNI round 33 of 48, 901 of 3839 splits, 9 changes (max delta 0.000)
    185.10 seconds: ME NNI round 33 of 48, 1201 of 3839 splits, 10 changes (max delta 0.000)
    185.22 seconds: ME NNI round 33 of 48, 1501 of 3839 splits, 16 changes (max delta 0.000)
    185.34 seconds: ME NNI round 33 of 48, 1801 of 3839 splits, 16 changes (max delta 0.000)
    185.46 seconds: ME NNI round 33 of 48, 2101 of 3839 splits, 16 changes (max delta 0.000)
    185.58 seconds: ME NNI round 33 of 48, 2401 of 3839 splits, 17 changes (max delta 0.000)
    185.71 seconds: ME NNI round 33 of 48, 2701 of 3839 splits, 18 changes (max delta 0.000)
    185.82 seconds: ME NNI round 33 of 48, 3001 of 3839 splits, 19 changes (max delta 0.000)
    185.94 seconds: ME NNI round 33 of 48, 3301 of 3839 splits, 21 changes (max delta 0.000)
    186.06 seconds: ME NNI round 33 of 48, 3601 of 3839 splits, 22 changes (max delta 0.000)
    186.20 seconds: ME NNI round 34 of 48, 101 of 3839 splits, 0 changes
    186.32 seconds: ME NNI round 34 of 48, 401 of 3839 splits, 3 changes (max delta 0.000)
    186.45 seconds: ME NNI round 34 of 48, 701 of 3839 splits, 3 changes (max delta 0.000)
    186.58 seconds: ME NNI round 34 of 48, 1001 of 3839 splits, 3 changes (max delta 0.000)
    186.70 seconds: ME NNI round 34 of 48, 1301 of 3839 splits, 3 changes (max delta 0.000)
    186.82 seconds: ME NNI round 34 of 48, 1601 of 3839 splits, 4 changes (max delta 0.000)
    186.94 seconds: ME NNI round 34 of 48, 1901 of 3839 splits, 4 changes (max delta 0.000)
    187.06 seconds: ME NNI round 34 of 48, 2201 of 3839 splits, 5 changes (max delta 0.000)
    187.17 seconds: ME NNI round 34 of 48, 2501 of 3839 splits, 6 changes (max delta 0.000)
    187.30 seconds: ME NNI round 34 of 48, 2801 of 3839 splits, 6 changes (max delta 0.000)
    187.41 seconds: ME NNI round 34 of 48, 3101 of 3839 splits, 6 changes (max delta 0.000)
    187.53 seconds: ME NNI round 34 of 48, 3401 of 3839 splits, 6 changes (max delta 0.000)
    187.65 seconds: ME NNI round 34 of 48, 3701 of 3839 splits, 9 changes (max delta 0.008)
    187.75 seconds: ME NNI round 35 of 48, 101 of 3839 splits, 7 changes (max delta 0.003)
    187.87 seconds: ME NNI round 39 of 48, 1 of 3839 splits
    187.97 seconds: ME NNI round 46 of 48, 1 of 3839 splits
Total branch-length 44.831 after 189.91 sec
    190.14 seconds: ML Lengths 1 of 3839 splits
    190.57 seconds: ML Lengths 101 of 3839 splits
    191.00 seconds: ML Lengths 201 of 3839 splits
    191.43 seconds: ML Lengths 301 of 3839 splits
    191.87 seconds: ML Lengths 401 of 3839 splits
    192.32 seconds: ML Lengths 501 of 3839 splits
    192.76 seconds: ML Lengths 601 of 3839 splits
    193.21 seconds: ML Lengths 701 of 3839 splits
    193.68 seconds: ML Lengths 801 of 3839 splits
    194.14 seconds: ML Lengths 901 of 3839 splits
    194.58 seconds: ML Lengths 1001 of 3839 splits
    195.04 seconds: ML Lengths 1101 of 3839 splits
    195.49 seconds: ML Lengths 1201 of 3839 splits
    195.92 seconds: ML Lengths 1301 of 3839 splits
    196.37 seconds: ML Lengths 1401 of 3839 splits
    196.84 seconds: ML Lengths 1501 of 3839 splits
    197.28 seconds: ML Lengths 1601 of 3839 splits
    197.73 seconds: ML Lengths 1701 of 3839 splits
    198.20 seconds: ML Lengths 1801 of 3839 splits
    198.67 seconds: ML Lengths 1901 of 3839 splits
    199.13 seconds: ML Lengths 2001 of 3839 splits
    199.56 seconds: ML Lengths 2101 of 3839 splits
    200.00 seconds: ML Lengths 2201 of 3839 splits
    200.43 seconds: ML Lengths 2301 of 3839 splits
    200.89 seconds: ML Lengths 2401 of 3839 splits
    201.33 seconds: ML Lengths 2501 of 3839 splits
    201.78 seconds: ML Lengths 2601 of 3839 splits
    202.21 seconds: ML Lengths 2701 of 3839 splits
    202.67 seconds: ML Lengths 2801 of 3839 splits
    203.10 seconds: ML Lengths 2901 of 3839 splits
    203.56 seconds: ML Lengths 3001 of 3839 splits
    203.99 seconds: ML Lengths 3101 of 3839 splits
    204.44 seconds: ML Lengths 3201 of 3839 splits
    204.88 seconds: ML Lengths 3301 of 3839 splits
    205.33 seconds: ML Lengths 3401 of 3839 splits
    205.77 seconds: ML Lengths 3501 of 3839 splits
    206.22 seconds: ML Lengths 3601 of 3839 splits
    206.67 seconds: ML Lengths 3701 of 3839 splits
    207.12 seconds: ML Lengths 3801 of 3839 splits
    207.28 seconds: ML NNI round 1 of 24, 1 of 3839 splits
    208.68 seconds: ML NNI round 1 of 24, 101 of 3839 splits, 22 changes (max delta 16.107)
    210.06 seconds: ML NNI round 1 of 24, 201 of 3839 splits, 49 changes (max delta 36.630)
    211.46 seconds: ML NNI round 1 of 24, 301 of 3839 splits, 70 changes (max delta 36.630)
    212.86 seconds: ML NNI round 1 of 24, 401 of 3839 splits, 86 changes (max delta 36.630)
    214.35 seconds: ML NNI round 1 of 24, 501 of 3839 splits, 107 changes (max delta 36.630)
    215.74 seconds: ML NNI round 1 of 24, 601 of 3839 splits, 126 changes (max delta 36.630)
    217.15 seconds: ML NNI round 1 of 24, 701 of 3839 splits, 146 changes (max delta 79.098)
    218.64 seconds: ML NNI round 1 of 24, 801 of 3839 splits, 164 changes (max delta 79.098)
    220.16 seconds: ML NNI round 1 of 24, 901 of 3839 splits, 180 changes (max delta 79.098)
    221.55 seconds: ML NNI round 1 of 24, 1001 of 3839 splits, 199 changes (max delta 79.098)
    223.01 seconds: ML NNI round 1 of 24, 1101 of 3839 splits, 219 changes (max delta 79.098)
    224.45 seconds: ML NNI round 1 of 24, 1201 of 3839 splits, 240 changes (max delta 79.098)
    225.80 seconds: ML NNI round 1 of 24, 1301 of 3839 splits, 270 changes (max delta 79.098)
    227.15 seconds: ML NNI round 1 of 24, 1401 of 3839 splits, 288 changes (max delta 79.098)
    228.67 seconds: ML NNI round 1 of 24, 1501 of 3839 splits, 303 changes (max delta 79.098)
    230.11 seconds: ML NNI round 1 of 24, 1601 of 3839 splits, 320 changes (max delta 79.098)
    231.64 seconds: ML NNI round 1 of 24, 1701 of 3839 splits, 333 changes (max delta 79.098)
    233.20 seconds: ML NNI round 1 of 24, 1801 of 3839 splits, 350 changes (max delta 79.098)
    234.75 seconds: ML NNI round 1 of 24, 1901 of 3839 splits, 366 changes (max delta 122.623)
    236.31 seconds: ML NNI round 1 of 24, 2001 of 3839 splits, 391 changes (max delta 122.623)
    237.75 seconds: ML NNI round 1 of 24, 2101 of 3839 splits, 407 changes (max delta 122.623)
    239.14 seconds: ML NNI round 1 of 24, 2201 of 3839 splits, 419 changes (max delta 122.623)
    240.46 seconds: ML NNI round 1 of 24, 2301 of 3839 splits, 434 changes (max delta 122.623)
    241.90 seconds: ML NNI round 1 of 24, 2401 of 3839 splits, 452 changes (max delta 122.623)
    243.35 seconds: ML NNI round 1 of 24, 2501 of 3839 splits, 466 changes (max delta 122.623)
    244.73 seconds: ML NNI round 1 of 24, 2601 of 3839 splits, 485 changes (max delta 122.623)
    246.14 seconds: ML NNI round 1 of 24, 2701 of 3839 splits, 498 changes (max delta 122.623)
    247.64 seconds: ML NNI round 1 of 24, 2801 of 3839 splits, 520 changes (max delta 122.623)
    249.01 seconds: ML NNI round 1 of 24, 2901 of 3839 splits, 535 changes (max delta 122.623)
    250.40 seconds: ML NNI round 1 of 24, 3001 of 3839 splits, 545 changes (max delta 122.623)
    251.78 seconds: ML NNI round 1 of 24, 3101 of 3839 splits, 566 changes (max delta 122.623)
    253.20 seconds: ML NNI round 1 of 24, 3201 of 3839 splits, 577 changes (max delta 122.623)
    254.61 seconds: ML NNI round 1 of 24, 3301 of 3839 splits, 603 changes (max delta 122.623)
    256.09 seconds: ML NNI round 1 of 24, 3401 of 3839 splits, 628 changes (max delta 122.623)
    257.51 seconds: ML NNI round 1 of 24, 3501 of 3839 splits, 647 changes (max delta 122.623)
    258.90 seconds: ML NNI round 1 of 24, 3601 of 3839 splits, 667 changes (max delta 122.623)
    260.30 seconds: ML NNI round 1 of 24, 3701 of 3839 splits, 686 changes (max delta 122.623)
    261.72 seconds: ML NNI round 1 of 24, 3801 of 3839 splits, 709 changes (max delta 122.623)
ML-NNI round 1: LogLk = -511170.264 NNIs 721 max delta 122.62 Time 262.75
    285.20 seconds: Optimizing GTR model, step 2 of 12
    305.13 seconds: Optimizing GTR model, step 3 of 12
    330.24 seconds: Optimizing GTR model, step 4 of 12
    353.77 seconds: Optimizing GTR model, step 5 of 12
    376.24 seconds: Optimizing GTR model, step 6 of 12
    403.31 seconds: Optimizing GTR model, step 7 of 12
    417.08 seconds: Optimizing GTR model, step 8 of 12
    429.81 seconds: Optimizing GTR model, step 9 of 12
    442.18 seconds: Optimizing GTR model, step 10 of 12
    460.83 seconds: Optimizing GTR model, step 11 of 12
    474.53 seconds: Optimizing GTR model, step 12 of 12
GTR Frequencies: 0.2733 0.2128 0.2466 0.2674
GTR rates(ac ag at cg ct gt) 1.6484 6.1628 0.8393 1.0049 11.5568 1.0000
    486.63 seconds: ML Lengths 1 of 3839 splits
    487.22 seconds: ML Lengths 101 of 3839 splits
    487.83 seconds: ML Lengths 201 of 3839 splits
    488.44 seconds: ML Lengths 301 of 3839 splits
    489.04 seconds: ML Lengths 401 of 3839 splits
    489.66 seconds: ML Lengths 501 of 3839 splits
    490.30 seconds: ML Lengths 601 of 3839 splits
    490.95 seconds: ML Lengths 701 of 3839 splits
    491.61 seconds: ML Lengths 801 of 3839 splits
    492.25 seconds: ML Lengths 901 of 3839 splits
    492.88 seconds: ML Lengths 1001 of 3839 splits
    493.51 seconds: ML Lengths 1101 of 3839 splits
    494.14 seconds: ML Lengths 1201 of 3839 splits
    494.78 seconds: ML Lengths 1301 of 3839 splits
    495.40 seconds: ML Lengths 1401 of 3839 splits
    496.04 seconds: ML Lengths 1501 of 3839 splits
    496.67 seconds: ML Lengths 1601 of 3839 splits
    497.30 seconds: ML Lengths 1701 of 3839 splits
    497.92 seconds: ML Lengths 1801 of 3839 splits
    498.54 seconds: ML Lengths 1901 of 3839 splits
    499.18 seconds: ML Lengths 2001 of 3839 splits
    499.78 seconds: ML Lengths 2101 of 3839 splits
    500.37 seconds: ML Lengths 2201 of 3839 splits
    501.00 seconds: ML Lengths 2301 of 3839 splits
    501.61 seconds: ML Lengths 2401 of 3839 splits
    502.21 seconds: ML Lengths 2501 of 3839 splits
    502.83 seconds: ML Lengths 2601 of 3839 splits
    503.45 seconds: ML Lengths 2701 of 3839 splits
    504.09 seconds: ML Lengths 2801 of 3839 splits
    504.73 seconds: ML Lengths 2901 of 3839 splits
    505.35 seconds: ML Lengths 3001 of 3839 splits
    505.94 seconds: ML Lengths 3101 of 3839 splits
    506.55 seconds: ML Lengths 3201 of 3839 splits
    507.15 seconds: ML Lengths 3301 of 3839 splits
    507.77 seconds: ML Lengths 3401 of 3839 splits
    508.39 seconds: ML Lengths 3501 of 3839 splits
    509.00 seconds: ML Lengths 3601 of 3839 splits
    509.60 seconds: ML Lengths 3701 of 3839 splits
    510.22 seconds: ML Lengths 3801 of 3839 splits
    511.74 seconds: Site likelihoods with rate category 1 of 20
    513.01 seconds: Site likelihoods with rate category 2 of 20
    514.28 seconds: Site likelihoods with rate category 3 of 20
    515.54 seconds: Site likelihoods with rate category 4 of 20
    516.81 seconds: Site likelihoods with rate category 5 of 20
    518.08 seconds: Site likelihoods with rate category 6 of 20
    519.34 seconds: Site likelihoods with rate category 7 of 20
    520.61 seconds: Site likelihoods with rate category 8 of 20
    521.90 seconds: Site likelihoods with rate category 9 of 20
    523.16 seconds: Site likelihoods with rate category 10 of 20
    524.43 seconds: Site likelihoods with rate category 11 of 20
    525.74 seconds: Site likelihoods with rate category 12 of 20
    527.04 seconds: Site likelihoods with rate category 13 of 20
    528.30 seconds: Site likelihoods with rate category 14 of 20
    529.56 seconds: Site likelihoods with rate category 15 of 20
    530.82 seconds: Site likelihoods with rate category 16 of 20
    532.10 seconds: Site likelihoods with rate category 17 of 20
    533.40 seconds: Site likelihoods with rate category 18 of 20
    534.69 seconds: Site likelihoods with rate category 19 of 20
    535.97 seconds: Site likelihoods with rate category 20 of 20
Switched to using 20 rate categories (CAT approximation)
Rate categories were divided by 0.987 so that average rate = 1.0
CAT-based log-likelihoods may not be comparable across runs
Use -gamma for approximate but comparable Gamma(20) log-likelihoods
    538.00 seconds: ML NNI round 2 of 24, 1 of 3839 splits
    539.84 seconds: ML NNI round 2 of 24, 101 of 3839 splits, 14 changes (max delta 2.999)
    541.63 seconds: ML NNI round 2 of 24, 201 of 3839 splits, 24 changes (max delta 2.999)
    543.26 seconds: ML NNI round 2 of 24, 301 of 3839 splits, 37 changes (max delta 4.165)
    545.25 seconds: ML NNI round 2 of 24, 401 of 3839 splits, 55 changes (max delta 4.500)
    547.18 seconds: ML NNI round 2 of 24, 501 of 3839 splits, 66 changes (max delta 4.500)
    548.82 seconds: ML NNI round 2 of 24, 601 of 3839 splits, 79 changes (max delta 32.307)
    550.16 seconds: ML NNI round 2 of 24, 701 of 3839 splits, 86 changes (max delta 32.307)
    551.79 seconds: ML NNI round 2 of 24, 801 of 3839 splits, 93 changes (max delta 32.307)
    553.48 seconds: ML NNI round 2 of 24, 901 of 3839 splits, 102 changes (max delta 32.307)
    555.16 seconds: ML NNI round 2 of 24, 1001 of 3839 splits, 115 changes (max delta 32.307)
    556.93 seconds: ML NNI round 2 of 24, 1101 of 3839 splits, 122 changes (max delta 46.818)
    558.60 seconds: ML NNI round 2 of 24, 1201 of 3839 splits, 141 changes (max delta 46.818)
    560.52 seconds: ML NNI round 2 of 24, 1301 of 3839 splits, 155 changes (max delta 46.818)
    562.27 seconds: ML NNI round 2 of 24, 1401 of 3839 splits, 165 changes (max delta 46.818)
    563.52 seconds: ML NNI round 2 of 24, 1501 of 3839 splits, 171 changes (max delta 46.818)
    565.23 seconds: ML NNI round 2 of 24, 1601 of 3839 splits, 183 changes (max delta 46.818)
    566.73 seconds: ML NNI round 2 of 24, 1701 of 3839 splits, 194 changes (max delta 46.818)
    568.47 seconds: ML NNI round 2 of 24, 1801 of 3839 splits, 205 changes (max delta 46.818)
    570.12 seconds: ML NNI round 2 of 24, 1901 of 3839 splits, 214 changes (max delta 46.818)
    571.67 seconds: ML NNI round 2 of 24, 2001 of 3839 splits, 228 changes (max delta 62.602)
    573.44 seconds: ML NNI round 2 of 24, 2101 of 3839 splits, 235 changes (max delta 62.602)
    575.09 seconds: ML NNI round 2 of 24, 2201 of 3839 splits, 244 changes (max delta 62.602)
    576.81 seconds: ML NNI round 2 of 24, 2301 of 3839 splits, 257 changes (max delta 62.602)
    578.31 seconds: ML NNI round 2 of 24, 2401 of 3839 splits, 262 changes (max delta 62.602)
    580.09 seconds: ML NNI round 2 of 24, 2501 of 3839 splits, 274 changes (max delta 62.602)
    581.86 seconds: ML NNI round 2 of 24, 2601 of 3839 splits, 284 changes (max delta 62.602)
    583.71 seconds: ML NNI round 2 of 24, 2701 of 3839 splits, 295 changes (max delta 62.602)
    585.40 seconds: ML NNI round 2 of 24, 2801 of 3839 splits, 309 changes (max delta 62.602)
    587.32 seconds: ML NNI round 2 of 24, 2901 of 3839 splits, 323 changes (max delta 62.602)
    589.15 seconds: ML NNI round 2 of 24, 3001 of 3839 splits, 333 changes (max delta 62.602)
    591.02 seconds: ML NNI round 2 of 24, 3101 of 3839 splits, 344 changes (max delta 62.602)
    592.55 seconds: ML NNI round 2 of 24, 3201 of 3839 splits, 350 changes (max delta 62.602)
    594.36 seconds: ML NNI round 2 of 24, 3301 of 3839 splits, 362 changes (max delta 62.602)
    596.17 seconds: ML NNI round 2 of 24, 3401 of 3839 splits, 375 changes (max delta 62.602)
    597.84 seconds: ML NNI round 2 of 24, 3501 of 3839 splits, 388 changes (max delta 62.602)
    599.79 seconds: ML NNI round 2 of 24, 3601 of 3839 splits, 403 changes (max delta 62.602)
    601.68 seconds: ML NNI round 2 of 24, 3701 of 3839 splits, 415 changes (max delta 62.602)
    603.56 seconds: ML NNI round 2 of 24, 3801 of 3839 splits, 432 changes (max delta 62.602)
ML-NNI round 2: LogLk = -410492.461 NNIs 440 max delta 62.60 Time 604.59
    606.46 seconds: ML NNI round 3 of 24, 101 of 3839 splits, 11 changes (max delta 0.682)
    608.22 seconds: ML NNI round 3 of 24, 201 of 3839 splits, 23 changes (max delta 2.733)
    609.88 seconds: ML NNI round 3 of 24, 301 of 3839 splits, 33 changes (max delta 2.733)
    611.61 seconds: ML NNI round 3 of 24, 401 of 3839 splits, 41 changes (max delta 2.733)
    613.42 seconds: ML NNI round 3 of 24, 501 of 3839 splits, 57 changes (max delta 2.733)
    615.24 seconds: ML NNI round 3 of 24, 601 of 3839 splits, 71 changes (max delta 3.917)
    616.71 seconds: ML NNI round 3 of 24, 701 of 3839 splits, 80 changes (max delta 22.824)
    618.25 seconds: ML NNI round 3 of 24, 801 of 3839 splits, 88 changes (max delta 22.824)
    619.61 seconds: ML NNI round 3 of 24, 901 of 3839 splits, 91 changes (max delta 22.824)
    621.14 seconds: ML NNI round 3 of 24, 1001 of 3839 splits, 102 changes (max delta 22.824)
    622.83 seconds: ML NNI round 3 of 24, 1101 of 3839 splits, 112 changes (max delta 22.824)
    624.20 seconds: ML NNI round 3 of 24, 1201 of 3839 splits, 114 changes (max delta 22.824)
    625.97 seconds: ML NNI round 3 of 24, 1301 of 3839 splits, 124 changes (max delta 22.824)
    627.67 seconds: ML NNI round 3 of 24, 1401 of 3839 splits, 140 changes (max delta 22.824)
    629.05 seconds: ML NNI round 3 of 24, 1501 of 3839 splits, 149 changes (max delta 22.824)
    630.67 seconds: ML NNI round 3 of 24, 1601 of 3839 splits, 155 changes (max delta 22.824)
    632.48 seconds: ML NNI round 3 of 24, 1701 of 3839 splits, 167 changes (max delta 22.824)
    634.15 seconds: ML NNI round 3 of 24, 1801 of 3839 splits, 175 changes (max delta 22.824)
    635.64 seconds: ML NNI round 3 of 24, 1901 of 3839 splits, 178 changes (max delta 22.824)
    637.30 seconds: ML NNI round 3 of 24, 2001 of 3839 splits, 184 changes (max delta 22.824)
    638.88 seconds: ML NNI round 3 of 24, 2101 of 3839 splits, 186 changes (max delta 22.824)
    640.60 seconds: ML NNI round 3 of 24, 2201 of 3839 splits, 195 changes (max delta 22.824)
    642.15 seconds: ML NNI round 3 of 24, 2301 of 3839 splits, 199 changes (max delta 22.824)
    643.77 seconds: ML NNI round 3 of 24, 2401 of 3839 splits, 207 changes (max delta 22.824)
    645.46 seconds: ML NNI round 3 of 24, 2501 of 3839 splits, 215 changes (max delta 22.824)
    647.15 seconds: ML NNI round 3 of 24, 2601 of 3839 splits, 219 changes (max delta 22.824)
    648.90 seconds: ML NNI round 3 of 24, 2701 of 3839 splits, 226 changes (max delta 22.824)
ML-NNI round 3: LogLk = -410335.871 NNIs 228 max delta 22.82 Time 649.39
    649.39 seconds: ML NNI round 4 of 24, 1 of 3839 splits
    651.33 seconds: ML NNI round 4 of 24, 101 of 3839 splits, 13 changes (max delta 1.070)
    652.81 seconds: ML NNI round 4 of 24, 201 of 3839 splits, 21 changes (max delta 1.070)
    654.47 seconds: ML NNI round 4 of 24, 301 of 3839 splits, 29 changes (max delta 1.070)
    656.19 seconds: ML NNI round 4 of 24, 401 of 3839 splits, 47 changes (max delta 1.154)
    657.69 seconds: ML NNI round 4 of 24, 501 of 3839 splits, 58 changes (max delta 8.281)
    659.07 seconds: ML NNI round 4 of 24, 601 of 3839 splits, 63 changes (max delta 8.281)
    660.48 seconds: ML NNI round 4 of 24, 701 of 3839 splits, 72 changes (max delta 8.281)
    662.03 seconds: ML NNI round 4 of 24, 801 of 3839 splits, 75 changes (max delta 8.281)
    663.70 seconds: ML NNI round 4 of 24, 901 of 3839 splits, 80 changes (max delta 8.281)
    665.39 seconds: ML NNI round 4 of 24, 1001 of 3839 splits, 93 changes (max delta 8.281)
    666.97 seconds: ML NNI round 4 of 24, 1101 of 3839 splits, 96 changes (max delta 8.281)
    668.60 seconds: ML NNI round 4 of 24, 1201 of 3839 splits, 103 changes (max delta 8.281)
    670.16 seconds: ML NNI round 4 of 24, 1301 of 3839 splits, 112 changes (max delta 8.281)
    671.66 seconds: ML NNI round 4 of 24, 1401 of 3839 splits, 117 changes (max delta 8.281)
    673.30 seconds: ML NNI round 4 of 24, 1501 of 3839 splits, 126 changes (max delta 8.281)
    675.04 seconds: ML NNI round 4 of 24, 1601 of 3839 splits, 138 changes (max delta 8.281)
    676.64 seconds: ML NNI round 4 of 24, 1701 of 3839 splits, 141 changes (max delta 8.281)
ML-NNI round 4: LogLk = -410274.732 NNIs 149 max delta 8.28 Time 678.47
    678.47 seconds: ML NNI round 5 of 24, 1 of 3839 splits
    680.25 seconds: ML NNI round 5 of 24, 101 of 3839 splits, 13 changes (max delta 0.682)
    682.03 seconds: ML NNI round 5 of 24, 201 of 3839 splits, 26 changes (max delta 0.682)
    683.70 seconds: ML NNI round 5 of 24, 301 of 3839 splits, 43 changes (max delta 1.603)
    685.11 seconds: ML NNI round 5 of 24, 401 of 3839 splits, 53 changes (max delta 1.603)
    686.44 seconds: ML NNI round 5 of 24, 501 of 3839 splits, 63 changes (max delta 7.577)
    688.02 seconds: ML NNI round 5 of 24, 601 of 3839 splits, 71 changes (max delta 7.748)
    689.52 seconds: ML NNI round 5 of 24, 701 of 3839 splits, 77 changes (max delta 7.748)
    691.13 seconds: ML NNI round 5 of 24, 801 of 3839 splits, 87 changes (max delta 7.748)
    692.60 seconds: ML NNI round 5 of 24, 901 of 3839 splits, 94 changes (max delta 7.748)
    694.40 seconds: ML NNI round 5 of 24, 1001 of 3839 splits, 108 changes (max delta 7.748)
ML-NNI round 5: LogLk = -410256.027 NNIs 113 max delta 7.75 Time 695.98
    695.97 seconds: ML NNI round 6 of 24, 1 of 3839 splits
    697.78 seconds: ML NNI round 6 of 24, 101 of 3839 splits, 14 changes (max delta 1.022)
    699.55 seconds: ML NNI round 6 of 24, 201 of 3839 splits, 31 changes (max delta 1.022)
    701.08 seconds: ML NNI round 6 of 24, 301 of 3839 splits, 45 changes (max delta 1.163)
    702.55 seconds: ML NNI round 6 of 24, 401 of 3839 splits, 59 changes (max delta 3.928)
    704.14 seconds: ML NNI round 6 of 24, 501 of 3839 splits, 65 changes (max delta 3.928)
    705.63 seconds: ML NNI round 6 of 24, 601 of 3839 splits, 73 changes (max delta 3.928)
    707.20 seconds: ML NNI round 6 of 24, 701 of 3839 splits, 83 changes (max delta 3.928)
    708.84 seconds: ML NNI round 6 of 24, 801 of 3839 splits, 98 changes (max delta 3.928)
ML-NNI round 6: LogLk = -410249.671 NNIs 104 max delta 3.93 Time 710.52
    710.51 seconds: ML NNI round 7 of 24, 1 of 3839 splits
    712.31 seconds: ML NNI round 7 of 24, 101 of 3839 splits, 15 changes (max delta 0.758)
    714.04 seconds: ML NNI round 7 of 24, 201 of 3839 splits, 35 changes (max delta 1.608)
    715.50 seconds: ML NNI round 7 of 24, 301 of 3839 splits, 51 changes (max delta 7.485)
    716.80 seconds: ML NNI round 7 of 24, 401 of 3839 splits, 60 changes (max delta 7.485)
    718.40 seconds: ML NNI round 7 of 24, 501 of 3839 splits, 68 changes (max delta 7.485)
    719.89 seconds: ML NNI round 7 of 24, 601 of 3839 splits, 79 changes (max delta 7.485)
    721.55 seconds: ML NNI round 7 of 24, 701 of 3839 splits, 90 changes (max delta 7.485)
ML-NNI round 7: LogLk = -410242.677 NNIs 94 max delta 7.48 Time 722.52
    722.52 seconds: ML NNI round 8 of 24, 1 of 3839 splits
    724.32 seconds: ML NNI round 8 of 24, 101 of 3839 splits, 14 changes (max delta 0.701)
    726.08 seconds: ML NNI round 8 of 24, 201 of 3839 splits, 34 changes (max delta 1.154)
    727.52 seconds: ML NNI round 8 of 24, 301 of 3839 splits, 46 changes (max delta 1.154)
    728.84 seconds: ML NNI round 8 of 24, 401 of 3839 splits, 54 changes (max delta 1.154)
    730.42 seconds: ML NNI round 8 of 24, 501 of 3839 splits, 62 changes (max delta 1.154)
    731.96 seconds: ML NNI round 8 of 24, 601 of 3839 splits, 73 changes (max delta 1.761)
    733.56 seconds: ML NNI round 8 of 24, 701 of 3839 splits, 84 changes (max delta 1.761)
ML-NNI round 8: LogLk = -410240.797 NNIs 88 max delta 1.76 Time 734.45
    734.45 seconds: ML NNI round 9 of 24, 1 of 3839 splits
    736.26 seconds: ML NNI round 9 of 24, 101 of 3839 splits, 15 changes (max delta 1.028)
    737.99 seconds: ML NNI round 9 of 24, 201 of 3839 splits, 34 changes (max delta 1.609)
    739.43 seconds: ML NNI round 9 of 24, 301 of 3839 splits, 47 changes (max delta 1.609)
    740.70 seconds: ML NNI round 9 of 24, 401 of 3839 splits, 55 changes (max delta 1.609)
    742.29 seconds: ML NNI round 9 of 24, 501 of 3839 splits, 64 changes (max delta 1.609)
    743.82 seconds: ML NNI round 9 of 24, 601 of 3839 splits, 76 changes (max delta 1.609)
    745.46 seconds: ML NNI round 9 of 24, 701 of 3839 splits, 86 changes (max delta 1.609)
ML-NNI round 9: LogLk = -410242.576 NNIs 88 max delta 1.61 Time 746.08
Turning off heuristics for final round of ML NNIs (converged)
    746.08 seconds: ML NNI round 10 of 24, 1 of 3839 splits
    748.06 seconds: ML NNI round 10 of 24, 101 of 3839 splits, 7 changes (max delta 0.689)
    750.17 seconds: ML NNI round 10 of 24, 201 of 3839 splits, 16 changes (max delta 0.758)
    752.28 seconds: ML NNI round 10 of 24, 301 of 3839 splits, 21 changes (max delta 0.758)
    754.19 seconds: ML NNI round 10 of 24, 401 of 3839 splits, 28 changes (max delta 0.758)
    756.16 seconds: ML NNI round 10 of 24, 501 of 3839 splits, 32 changes (max delta 0.758)
    758.35 seconds: ML NNI round 10 of 24, 601 of 3839 splits, 42 changes (max delta 0.758)
    760.48 seconds: ML NNI round 10 of 24, 701 of 3839 splits, 48 changes (max delta 0.758)
    762.45 seconds: ML NNI round 10 of 24, 801 of 3839 splits, 56 changes (max delta 1.154)
    764.62 seconds: ML NNI round 10 of 24, 901 of 3839 splits, 62 changes (max delta 1.154)
    766.66 seconds: ML NNI round 10 of 24, 1001 of 3839 splits, 63 changes (max delta 1.154)
    768.85 seconds: ML NNI round 10 of 24, 1101 of 3839 splits, 68 changes (max delta 1.154)
    771.11 seconds: ML NNI round 10 of 24, 1201 of 3839 splits, 72 changes (max delta 11.656)
    773.14 seconds: ML NNI round 10 of 24, 1301 of 3839 splits, 76 changes (max delta 11.656)
    775.39 seconds: ML NNI round 10 of 24, 1401 of 3839 splits, 78 changes (max delta 11.656)
    777.67 seconds: ML NNI round 10 of 24, 1501 of 3839 splits, 81 changes (max delta 11.656)
    779.80 seconds: ML NNI round 10 of 24, 1601 of 3839 splits, 81 changes (max delta 11.656)
    781.85 seconds: ML NNI round 10 of 24, 1701 of 3839 splits, 81 changes (max delta 11.656)
    783.91 seconds: ML NNI round 10 of 24, 1801 of 3839 splits, 83 changes (max delta 11.656)
    785.85 seconds: ML NNI round 10 of 24, 1901 of 3839 splits, 90 changes (max delta 11.656)
    788.04 seconds: ML NNI round 10 of 24, 2001 of 3839 splits, 93 changes (max delta 11.656)
    790.01 seconds: ML NNI round 10 of 24, 2101 of 3839 splits, 95 changes (max delta 11.656)
    791.99 seconds: ML NNI round 10 of 24, 2201 of 3839 splits, 99 changes (max delta 11.656)
    794.14 seconds: ML NNI round 10 of 24, 2301 of 3839 splits, 100 changes (max delta 11.656)
    796.21 seconds: ML NNI round 10 of 24, 2401 of 3839 splits, 103 changes (max delta 11.656)
    798.23 seconds: ML NNI round 10 of 24, 2501 of 3839 splits, 109 changes (max delta 11.656)
    800.35 seconds: ML NNI round 10 of 24, 2601 of 3839 splits, 111 changes (max delta 11.656)
    802.46 seconds: ML NNI round 10 of 24, 2701 of 3839 splits, 115 changes (max delta 11.656)
    804.55 seconds: ML NNI round 10 of 24, 2801 of 3839 splits, 121 changes (max delta 11.656)
    806.60 seconds: ML NNI round 10 of 24, 2901 of 3839 splits, 124 changes (max delta 11.656)
    808.73 seconds: ML NNI round 10 of 24, 3001 of 3839 splits, 125 changes (max delta 11.656)
    810.70 seconds: ML NNI round 10 of 24, 3101 of 3839 splits, 133 changes (max delta 11.656)
    812.79 seconds: ML NNI round 10 of 24, 3201 of 3839 splits, 133 changes (max delta 11.656)
    814.76 seconds: ML NNI round 10 of 24, 3301 of 3839 splits, 137 changes (max delta 11.656)
    816.85 seconds: ML NNI round 10 of 24, 3401 of 3839 splits, 141 changes (max delta 11.656)
    818.82 seconds: ML NNI round 10 of 24, 3501 of 3839 splits, 147 changes (max delta 11.656)
    820.94 seconds: ML NNI round 10 of 24, 3601 of 3839 splits, 147 changes (max delta 11.656)
    822.86 seconds: ML NNI round 10 of 24, 3701 of 3839 splits, 148 changes (max delta 11.656)
    824.99 seconds: ML NNI round 10 of 24, 3801 of 3839 splits, 154 changes (max delta 11.656)
ML-NNI round 10: LogLk = -410145.911 NNIs 156 max delta 11.66 Time 825.97 (final)
    825.97 seconds: ML Lengths 1 of 3839 splits
    826.57 seconds: ML Lengths 101 of 3839 splits
    827.20 seconds: ML Lengths 201 of 3839 splits
    827.82 seconds: ML Lengths 301 of 3839 splits
    828.42 seconds: ML Lengths 401 of 3839 splits
    829.03 seconds: ML Lengths 501 of 3839 splits
    829.66 seconds: ML Lengths 601 of 3839 splits
    830.30 seconds: ML Lengths 701 of 3839 splits
    830.92 seconds: ML Lengths 801 of 3839 splits
    831.54 seconds: ML Lengths 901 of 3839 splits
    832.17 seconds: ML Lengths 1001 of 3839 splits
    832.80 seconds: ML Lengths 1101 of 3839 splits
    833.44 seconds: ML Lengths 1201 of 3839 splits
    834.05 seconds: ML Lengths 1301 of 3839 splits
    834.69 seconds: ML Lengths 1401 of 3839 splits
    835.33 seconds: ML Lengths 1501 of 3839 splits
    835.97 seconds: ML Lengths 1601 of 3839 splits
    836.60 seconds: ML Lengths 1701 of 3839 splits
    837.22 seconds: ML Lengths 1801 of 3839 splits
    837.82 seconds: ML Lengths 1901 of 3839 splits
    838.45 seconds: ML Lengths 2001 of 3839 splits
    839.05 seconds: ML Lengths 2101 of 3839 splits
    839.65 seconds: ML Lengths 2201 of 3839 splits
    840.28 seconds: ML Lengths 2301 of 3839 splits
    840.88 seconds: ML Lengths 2401 of 3839 splits
    841.50 seconds: ML Lengths 2501 of 3839 splits
    842.13 seconds: ML Lengths 2601 of 3839 splits
    842.75 seconds: ML Lengths 2701 of 3839 splits
    843.36 seconds: ML Lengths 2801 of 3839 splits
    843.99 seconds: ML Lengths 2901 of 3839 splits
    844.62 seconds: ML Lengths 3001 of 3839 splits
    845.22 seconds: ML Lengths 3101 of 3839 splits
    845.83 seconds: ML Lengths 3201 of 3839 splits
    846.43 seconds: ML Lengths 3301 of 3839 splits
    847.05 seconds: ML Lengths 3401 of 3839 splits
    847.66 seconds: ML Lengths 3501 of 3839 splits
    848.28 seconds: ML Lengths 3601 of 3839 splits
    848.89 seconds: ML Lengths 3701 of 3839 splits
    849.50 seconds: ML Lengths 3801 of 3839 splits
Optimize all lengths: LogLk = -410145.167 Time 849.98
    853.53 seconds: ML split tests for    100 of   3838 internal splits
    856.99 seconds: ML split tests for    200 of   3838 internal splits
    860.59 seconds: ML split tests for    300 of   3838 internal splits
    864.15 seconds: ML split tests for    400 of   3838 internal splits
    867.75 seconds: ML split tests for    500 of   3838 internal splits
    871.34 seconds: ML split tests for    600 of   3838 internal splits
    875.02 seconds: ML split tests for    700 of   3838 internal splits
    878.61 seconds: ML split tests for    800 of   3838 internal splits
    882.21 seconds: ML split tests for    900 of   3838 internal splits
    885.85 seconds: ML split tests for   1000 of   3838 internal splits
    889.45 seconds: ML split tests for   1100 of   3838 internal splits
    893.08 seconds: ML split tests for   1200 of   3838 internal splits
    896.63 seconds: ML split tests for   1300 of   3838 internal splits
    900.28 seconds: ML split tests for   1400 of   3838 internal splits
    903.95 seconds: ML split tests for   1500 of   3838 internal splits
    907.62 seconds: ML split tests for   1600 of   3838 internal splits
    911.26 seconds: ML split tests for   1700 of   3838 internal splits
    914.90 seconds: ML split tests for   1800 of   3838 internal splits
    918.51 seconds: ML split tests for   1900 of   3838 internal splits
    922.24 seconds: ML split tests for   2000 of   3838 internal splits
    925.84 seconds: ML split tests for   2100 of   3838 internal splits
    929.42 seconds: ML split tests for   2200 of   3838 internal splits
    933.06 seconds: ML split tests for   2300 of   3838 internal splits
    936.66 seconds: ML split tests for   2400 of   3838 internal splits
    940.18 seconds: ML split tests for   2500 of   3838 internal splits
    943.78 seconds: ML split tests for   2600 of   3838 internal splits
    947.40 seconds: ML split tests for   2700 of   3838 internal splits
    950.95 seconds: ML split tests for   2800 of   3838 internal splits
    954.53 seconds: ML split tests for   2900 of   3838 internal splits
    958.17 seconds: ML split tests for   3000 of   3838 internal splits
    961.76 seconds: ML split tests for   3100 of   3838 internal splits
    965.36 seconds: ML split tests for   3200 of   3838 internal splits
    968.98 seconds: ML split tests for   3300 of   3838 internal splits
    972.63 seconds: ML split tests for   3400 of   3838 internal splits
    976.22 seconds: ML split tests for   3500 of   3838 internal splits
    979.98 seconds: ML split tests for   3600 of   3838 internal splits
    983.62 seconds: ML split tests for   3700 of   3838 internal splits
    987.30 seconds: ML split tests for   3800 of   3838 internal splits
Total time: 988.69 seconds Unique: 3841/4037 Bad splits: 81/3838 Worst delta-LogLk 10.010
