FastTree Version 2.1.3 SSE3
Alignment: all_broad.aln.fasta
Nucleotide distances: Jukes-Cantor Joins: balanced Support: SH-like 1000
Search: Normal +NNI +SPR (2 rounds range 10) +ML-NNI opt-each=1
TopHits: 1.00*sqrtN close=default refresh=0.80
ML Model: Generalized Time-Reversible, CAT approximation with 20 rate categories
Ignored unknown character b (seen 2 times)
Ignored unknown character d (seen 3 times)
Ignored unknown character h (seen 1 times)
Ignored unknown character k (seen 48 times)
Ignored unknown character m (seen 50 times)
Ignored unknown character n (seen 15203 times)
Ignored unknown character r (seen 146 times)
Ignored unknown character v (seen 2 times)
Ignored unknown character w (seen 1 times)
Ignored unknown character y (seen 208 times)
      3.42 seconds: Top hits for    975 of   3840 seqs (at seed    100)
      4.08 seconds: Top hits for   1165 of   3840 seqs (at seed    200)
      6.48 seconds: Top hits for   2143 of   3840 seqs (at seed    300)
      8.40 seconds: Top hits for   2723 of   3840 seqs (at seed    400)
      9.21 seconds: Top hits for   2912 of   3840 seqs (at seed    500)
      9.84 seconds: Top hits for   3007 of   3840 seqs (at seed    600)
     10.29 seconds: Top hits for   3099 of   3840 seqs (at seed    700)
     10.47 seconds: Top hits for   3122 of   3840 seqs (at seed    800)
     10.62 seconds: Top hits for   3134 of   3840 seqs (at seed    900)
     10.99 seconds: Top hits for   3248 of   3840 seqs (at seed   1000)
     11.23 seconds: Top hits for   3285 of   3840 seqs (at seed   1200)
     11.34 seconds: Top hits for   3289 of   3840 seqs (at seed   1300)
     11.71 seconds: Top hits for   3388 of   3840 seqs (at seed   1400)
     12.51 seconds: Top hits for   3506 of   3840 seqs (at seed   1500)
     13.13 seconds: Top hits for   3641 of   3840 seqs (at seed   1600)
     13.50 seconds: Top hits for   3679 of   3840 seqs (at seed   1700)
     13.81 seconds: Top hits for   3723 of   3840 seqs (at seed   1800)
     14.02 seconds: Top hits for   3742 of   3840 seqs (at seed   1900)
     14.16 seconds: Top hits for   3763 of   3840 seqs (at seed   2000)
     14.45 seconds: Top hits for   3786 of   3840 seqs (at seed   2200)
     14.59 seconds: Top hits for   3804 of   3840 seqs (at seed   2500)
     14.72 seconds: Top hits for   3815 of   3840 seqs (at seed   2600)
     14.94 seconds: Top hits for   3823 of   3840 seqs (at seed   3000)
     15.10 seconds: Top hits for   3830 of   3840 seqs (at seed   3200)
     15.22 seconds: Top hits for   3834 of   3840 seqs (at seed   3700)
     15.40 seconds: Top hits for   3840 of   3840 seqs (at seed   3800)
     17.11 seconds: Joined    100 of   3837
     20.29 seconds: Joined    200 of   3837
     23.47 seconds: Joined    300 of   3837
     26.71 seconds: Joined    400 of   3837
     29.47 seconds: Joined    500 of   3837
     33.12 seconds: Joined    600 of   3837
     36.32 seconds: Joined    700 of   3837
     38.57 seconds: Joined    800 of   3837
     41.99 seconds: Joined    900 of   3837
     45.07 seconds: Joined   1000 of   3837
     48.30 seconds: Joined   1100 of   3837
     52.31 seconds: Joined   1200 of   3837
     55.91 seconds: Joined   1300 of   3837
     59.80 seconds: Joined   1400 of   3837
     61.90 seconds: Joined   1500 of   3837
     65.30 seconds: Joined   1600 of   3837
     67.78 seconds: Joined   1700 of   3837
     70.24 seconds: Joined   1800 of   3837
     71.70 seconds: Joined   1900 of   3837
     73.95 seconds: Joined   2000 of   3837
     75.20 seconds: Joined   2100 of   3837
     78.26 seconds: Joined   2200 of   3837
     79.84 seconds: Joined   2300 of   3837
     81.52 seconds: Joined   2400 of   3837
     83.40 seconds: Joined   2500 of   3837
     85.40 seconds: Joined   2600 of   3837
     87.35 seconds: Joined   2700 of   3837
     89.66 seconds: Joined   2800 of   3837
     92.10 seconds: Joined   2900 of   3837
     93.98 seconds: Joined   3000 of   3837
     95.55 seconds: Joined   3100 of   3837
     97.23 seconds: Joined   3200 of   3837
     99.28 seconds: Joined   3300 of   3837
    101.49 seconds: Joined   3400 of   3837
    102.70 seconds: Joined   3500 of   3837
    104.54 seconds: Joined   3600 of   3837
    106.11 seconds: Joined   3700 of   3837
    106.98 seconds: Joined   3800 of   3837
Initial topology in 107.16 seconds
Refining topology: 48 rounds ME-NNIs, 2 rounds ME-SPRs, 24 rounds ML-NNIs
    107.16 seconds: ME NNI round 1 of 48, 1 of 3838 splits
    107.31 seconds: ME NNI round 1 of 48, 201 of 3838 splits, 40 changes (max delta 0.002)
    107.46 seconds: ME NNI round 1 of 48, 401 of 3838 splits, 94 changes (max delta 0.020)
    107.61 seconds: ME NNI round 1 of 48, 601 of 3838 splits, 146 changes (max delta 0.020)
    107.75 seconds: ME NNI round 1 of 48, 801 of 3838 splits, 192 changes (max delta 0.020)
    107.91 seconds: ME NNI round 1 of 48, 1001 of 3838 splits, 233 changes (max delta 0.020)
    108.06 seconds: ME NNI round 1 of 48, 1201 of 3838 splits, 299 changes (max delta 0.020)
    108.22 seconds: ME NNI round 1 of 48, 1401 of 3838 splits, 352 changes (max delta 0.020)
    108.37 seconds: ME NNI round 1 of 48, 1601 of 3838 splits, 402 changes (max delta 0.020)
    108.54 seconds: ME NNI round 1 of 48, 1801 of 3838 splits, 452 changes (max delta 0.048)
    108.69 seconds: ME NNI round 1 of 48, 2001 of 3838 splits, 504 changes (max delta 0.048)
    108.85 seconds: ME NNI round 1 of 48, 2201 of 3838 splits, 555 changes (max delta 0.048)
    108.99 seconds: ME NNI round 1 of 48, 2401 of 3838 splits, 598 changes (max delta 0.048)
    109.15 seconds: ME NNI round 1 of 48, 2601 of 3838 splits, 651 changes (max delta 0.048)
    109.31 seconds: ME NNI round 1 of 48, 2801 of 3838 splits, 718 changes (max delta 0.048)
    109.47 seconds: ME NNI round 1 of 48, 3001 of 3838 splits, 760 changes (max delta 0.048)
    109.62 seconds: ME NNI round 1 of 48, 3201 of 3838 splits, 812 changes (max delta 0.048)
    109.76 seconds: ME NNI round 1 of 48, 3401 of 3838 splits, 852 changes (max delta 0.048)
    109.91 seconds: ME NNI round 1 of 48, 3601 of 3838 splits, 890 changes (max delta 0.048)
    110.05 seconds: ME NNI round 1 of 48, 3801 of 3838 splits, 928 changes (max delta 0.048)
    110.22 seconds: ME NNI round 2 of 48, 201 of 3838 splits, 15 changes (max delta 0.003)
    110.37 seconds: ME NNI round 2 of 48, 401 of 3838 splits, 38 changes (max delta 0.012)
    110.53 seconds: ME NNI round 2 of 48, 601 of 3838 splits, 71 changes (max delta 0.028)
    110.67 seconds: ME NNI round 2 of 48, 801 of 3838 splits, 99 changes (max delta 0.028)
    110.82 seconds: ME NNI round 2 of 48, 1001 of 3838 splits, 130 changes (max delta 0.028)
    110.98 seconds: ME NNI round 2 of 48, 1201 of 3838 splits, 164 changes (max delta 0.028)
    111.13 seconds: ME NNI round 2 of 48, 1401 of 3838 splits, 200 changes (max delta 0.028)
    111.30 seconds: ME NNI round 2 of 48, 1601 of 3838 splits, 226 changes (max delta 0.028)
    111.46 seconds: ME NNI round 2 of 48, 1801 of 3838 splits, 253 changes (max delta 0.028)
    111.61 seconds: ME NNI round 2 of 48, 2001 of 3838 splits, 287 changes (max delta 0.028)
    111.77 seconds: ME NNI round 2 of 48, 2201 of 3838 splits, 318 changes (max delta 0.028)
    111.93 seconds: ME NNI round 2 of 48, 2401 of 3838 splits, 361 changes (max delta 0.028)
    112.08 seconds: ME NNI round 2 of 48, 2601 of 3838 splits, 378 changes (max delta 0.028)
    112.23 seconds: ME NNI round 2 of 48, 2801 of 3838 splits, 403 changes (max delta 0.028)
    112.39 seconds: ME NNI round 2 of 48, 3001 of 3838 splits, 418 changes (max delta 0.029)
    112.53 seconds: ME NNI round 2 of 48, 3201 of 3838 splits, 446 changes (max delta 0.029)
    112.68 seconds: ME NNI round 2 of 48, 3401 of 3838 splits, 462 changes (max delta 0.029)
    112.84 seconds: ME NNI round 2 of 48, 3601 of 3838 splits, 486 changes (max delta 0.029)
    112.99 seconds: ME NNI round 2 of 48, 3801 of 3838 splits, 509 changes (max delta 0.029)
    113.16 seconds: ME NNI round 3 of 48, 201 of 3838 splits, 16 changes (max delta 0.001)
    113.32 seconds: ME NNI round 3 of 48, 401 of 3838 splits, 25 changes (max delta 0.035)
    113.47 seconds: ME NNI round 3 of 48, 601 of 3838 splits, 52 changes (max delta 0.035)
    113.62 seconds: ME NNI round 3 of 48, 801 of 3838 splits, 69 changes (max delta 0.035)
    113.76 seconds: ME NNI round 3 of 48, 1001 of 3838 splits, 96 changes (max delta 0.035)
    113.91 seconds: ME NNI round 3 of 48, 1201 of 3838 splits, 120 changes (max delta 0.035)
    114.08 seconds: ME NNI round 3 of 48, 1401 of 3838 splits, 137 changes (max delta 0.035)
    114.23 seconds: ME NNI round 3 of 48, 1601 of 3838 splits, 152 changes (max delta 0.035)
    114.39 seconds: ME NNI round 3 of 48, 1801 of 3838 splits, 181 changes (max delta 0.035)
    114.53 seconds: ME NNI round 3 of 48, 2001 of 3838 splits, 201 changes (max delta 0.035)
    114.69 seconds: ME NNI round 3 of 48, 2201 of 3838 splits, 213 changes (max delta 0.035)
    114.83 seconds: ME NNI round 3 of 48, 2401 of 3838 splits, 226 changes (max delta 0.035)
    114.98 seconds: ME NNI round 3 of 48, 2601 of 3838 splits, 242 changes (max delta 0.035)
    115.14 seconds: ME NNI round 3 of 48, 2801 of 3838 splits, 268 changes (max delta 0.035)
    115.29 seconds: ME NNI round 3 of 48, 3001 of 3838 splits, 287 changes (max delta 0.035)
    115.44 seconds: ME NNI round 4 of 48, 201 of 3838 splits, 10 changes (max delta 0.002)
    115.60 seconds: ME NNI round 4 of 48, 401 of 3838 splits, 22 changes (max delta 0.002)
    115.75 seconds: ME NNI round 4 of 48, 601 of 3838 splits, 33 changes (max delta 0.002)
    115.90 seconds: ME NNI round 4 of 48, 801 of 3838 splits, 46 changes (max delta 0.002)
    116.05 seconds: ME NNI round 4 of 48, 1001 of 3838 splits, 61 changes (max delta 0.002)
    116.22 seconds: ME NNI round 4 of 48, 1201 of 3838 splits, 76 changes (max delta 0.005)
    116.37 seconds: ME NNI round 4 of 48, 1401 of 3838 splits, 91 changes (max delta 0.005)
    116.53 seconds: ME NNI round 4 of 48, 1601 of 3838 splits, 101 changes (max delta 0.005)
    116.69 seconds: ME NNI round 4 of 48, 1801 of 3838 splits, 121 changes (max delta 0.005)
    116.84 seconds: ME NNI round 4 of 48, 2001 of 3838 splits, 136 changes (max delta 0.005)
    117.01 seconds: ME NNI round 5 of 48, 201 of 3838 splits, 10 changes (max delta 0.006)
    117.17 seconds: ME NNI round 5 of 48, 401 of 3838 splits, 26 changes (max delta 0.007)
    117.33 seconds: ME NNI round 5 of 48, 601 of 3838 splits, 40 changes (max delta 0.007)
    117.49 seconds: ME NNI round 5 of 48, 801 of 3838 splits, 61 changes (max delta 0.007)
    117.66 seconds: ME NNI round 5 of 48, 1001 of 3838 splits, 74 changes (max delta 0.007)
    117.82 seconds: ME NNI round 5 of 48, 1201 of 3838 splits, 89 changes (max delta 0.007)
    117.96 seconds: ME NNI round 6 of 48, 101 of 3838 splits, 2 changes (max delta 0.001)
    118.12 seconds: ME NNI round 6 of 48, 301 of 3838 splits, 18 changes (max delta 0.003)
    118.28 seconds: ME NNI round 6 of 48, 501 of 3838 splits, 36 changes (max delta 0.003)
    118.45 seconds: ME NNI round 6 of 48, 701 of 3838 splits, 54 changes (max delta 0.003)
    118.62 seconds: ME NNI round 7 of 48, 101 of 3838 splits, 1 changes (max delta 0.000)
    118.79 seconds: ME NNI round 7 of 48, 301 of 3838 splits, 12 changes (max delta 0.003)
    118.96 seconds: ME NNI round 7 of 48, 501 of 3838 splits, 21 changes (max delta 0.003)
    119.11 seconds: ME NNI round 8 of 48, 101 of 3838 splits, 4 changes (max delta 0.001)
    119.28 seconds: ME NNI round 8 of 48, 301 of 3838 splits, 6 changes (max delta 0.001)
    119.43 seconds: ME NNI round 9 of 48, 101 of 3838 splits, 1 changes (max delta 0.000)
    119.63 seconds: ME NNI round 10 of 48, 101 of 3838 splits, 0 changes
    120.77 seconds: SPR round   1 of   2, 101 of 7678 nodes
    122.14 seconds: SPR round   1 of   2, 201 of 7678 nodes
    123.44 seconds: SPR round   1 of   2, 301 of 7678 nodes
    124.65 seconds: SPR round   1 of   2, 401 of 7678 nodes
    125.79 seconds: SPR round   1 of   2, 501 of 7678 nodes
    126.96 seconds: SPR round   1 of   2, 601 of 7678 nodes
    128.32 seconds: SPR round   1 of   2, 701 of 7678 nodes
    129.47 seconds: SPR round   1 of   2, 801 of 7678 nodes
    130.80 seconds: SPR round   1 of   2, 901 of 7678 nodes
    132.14 seconds: SPR round   1 of   2, 1001 of 7678 nodes
    133.92 seconds: SPR round   1 of   2, 1101 of 7678 nodes
    135.28 seconds: SPR round   1 of   2, 1201 of 7678 nodes
    136.82 seconds: SPR round   1 of   2, 1301 of 7678 nodes
    138.12 seconds: SPR round   1 of   2, 1401 of 7678 nodes
    139.30 seconds: SPR round   1 of   2, 1501 of 7678 nodes
    140.45 seconds: SPR round   1 of   2, 1601 of 7678 nodes
    141.73 seconds: SPR round   1 of   2, 1701 of 7678 nodes
    142.88 seconds: SPR round   1 of   2, 1801 of 7678 nodes
    144.28 seconds: SPR round   1 of   2, 1901 of 7678 nodes
    146.41 seconds: SPR round   1 of   2, 2101 of 7678 nodes
    147.71 seconds: SPR round   1 of   2, 2201 of 7678 nodes
    149.04 seconds: SPR round   1 of   2, 2301 of 7678 nodes
    150.42 seconds: SPR round   1 of   2, 2401 of 7678 nodes
    151.89 seconds: SPR round   1 of   2, 2501 of 7678 nodes
    153.18 seconds: SPR round   1 of   2, 2601 of 7678 nodes
    154.72 seconds: SPR round   1 of   2, 2701 of 7678 nodes
    156.12 seconds: SPR round   1 of   2, 2801 of 7678 nodes
    158.04 seconds: SPR round   1 of   2, 2901 of 7678 nodes
    159.43 seconds: SPR round   1 of   2, 3001 of 7678 nodes
    160.75 seconds: SPR round   1 of   2, 3101 of 7678 nodes
    161.86 seconds: SPR round   1 of   2, 3201 of 7678 nodes
    163.32 seconds: SPR round   1 of   2, 3301 of 7678 nodes
    164.66 seconds: SPR round   1 of   2, 3401 of 7678 nodes
    166.12 seconds: SPR round   1 of   2, 3501 of 7678 nodes
    167.79 seconds: SPR round   1 of   2, 3601 of 7678 nodes
    168.98 seconds: SPR round   1 of   2, 3701 of 7678 nodes
    170.42 seconds: SPR round   1 of   2, 3801 of 7678 nodes
    171.71 seconds: SPR round   1 of   2, 3901 of 7678 nodes
    172.82 seconds: SPR round   1 of   2, 4001 of 7678 nodes
    174.24 seconds: SPR round   1 of   2, 4101 of 7678 nodes
    175.79 seconds: SPR round   1 of   2, 4201 of 7678 nodes
    177.28 seconds: SPR round   1 of   2, 4301 of 7678 nodes
    178.62 seconds: SPR round   1 of   2, 4401 of 7678 nodes
    179.78 seconds: SPR round   1 of   2, 4501 of 7678 nodes
    181.18 seconds: SPR round   1 of   2, 4601 of 7678 nodes
    182.54 seconds: SPR round   1 of   2, 4701 of 7678 nodes
    184.20 seconds: SPR round   1 of   2, 4801 of 7678 nodes
    185.67 seconds: SPR round   1 of   2, 4901 of 7678 nodes
    187.00 seconds: SPR round   1 of   2, 5001 of 7678 nodes
    188.53 seconds: SPR round   1 of   2, 5101 of 7678 nodes
    189.74 seconds: SPR round   1 of   2, 5201 of 7678 nodes
    191.02 seconds: SPR round   1 of   2, 5301 of 7678 nodes
    192.50 seconds: SPR round   1 of   2, 5401 of 7678 nodes
    193.87 seconds: SPR round   1 of   2, 5501 of 7678 nodes
    195.28 seconds: SPR round   1 of   2, 5601 of 7678 nodes
    197.30 seconds: SPR round   1 of   2, 5701 of 7678 nodes
    198.92 seconds: SPR round   1 of   2, 5801 of 7678 nodes
    200.11 seconds: SPR round   1 of   2, 5901 of 7678 nodes
    201.33 seconds: SPR round   1 of   2, 6001 of 7678 nodes
    202.52 seconds: SPR round   1 of   2, 6101 of 7678 nodes
    203.71 seconds: SPR round   1 of   2, 6201 of 7678 nodes
    205.02 seconds: SPR round   1 of   2, 6301 of 7678 nodes
    206.31 seconds: SPR round   1 of   2, 6401 of 7678 nodes
    208.85 seconds: SPR round   1 of   2, 6601 of 7678 nodes
    210.06 seconds: SPR round   1 of   2, 6701 of 7678 nodes
    211.51 seconds: SPR round   1 of   2, 6801 of 7678 nodes
    212.89 seconds: SPR round   1 of   2, 6901 of 7678 nodes
    214.41 seconds: SPR round   1 of   2, 7001 of 7678 nodes
    215.79 seconds: SPR round   1 of   2, 7101 of 7678 nodes
    216.93 seconds: SPR round   1 of   2, 7201 of 7678 nodes
    218.30 seconds: SPR round   1 of   2, 7301 of 7678 nodes
    219.90 seconds: SPR round   1 of   2, 7401 of 7678 nodes
    221.38 seconds: SPR round   1 of   2, 7501 of 7678 nodes
    222.53 seconds: SPR round   1 of   2, 7601 of 7678 nodes
    223.34 seconds: ME NNI round 17 of 48, 1 of 3838 splits
    223.48 seconds: ME NNI round 17 of 48, 201 of 3838 splits, 5 changes (max delta 0.001)
    223.62 seconds: ME NNI round 17 of 48, 401 of 3838 splits, 12 changes (max delta 0.001)
    223.77 seconds: ME NNI round 17 of 48, 601 of 3838 splits, 13 changes (max delta 0.001)
    223.91 seconds: ME NNI round 17 of 48, 801 of 3838 splits, 13 changes (max delta 0.001)
    224.06 seconds: ME NNI round 17 of 48, 1001 of 3838 splits, 18 changes (max delta 0.004)
    224.21 seconds: ME NNI round 17 of 48, 1201 of 3838 splits, 19 changes (max delta 0.004)
    224.36 seconds: ME NNI round 17 of 48, 1401 of 3838 splits, 20 changes (max delta 0.004)
    224.51 seconds: ME NNI round 17 of 48, 1601 of 3838 splits, 20 changes (max delta 0.004)
    224.64 seconds: ME NNI round 17 of 48, 1801 of 3838 splits, 20 changes (max delta 0.004)
    224.79 seconds: ME NNI round 17 of 48, 2001 of 3838 splits, 22 changes (max delta 0.004)
    224.93 seconds: ME NNI round 17 of 48, 2201 of 3838 splits, 24 changes (max delta 0.004)
    225.07 seconds: ME NNI round 17 of 48, 2401 of 3838 splits, 24 changes (max delta 0.004)
    225.22 seconds: ME NNI round 17 of 48, 2601 of 3838 splits, 32 changes (max delta 0.004)
    225.37 seconds: ME NNI round 17 of 48, 2801 of 3838 splits, 32 changes (max delta 0.004)
    225.51 seconds: ME NNI round 17 of 48, 3001 of 3838 splits, 35 changes (max delta 0.004)
    225.64 seconds: ME NNI round 17 of 48, 3201 of 3838 splits, 37 changes (max delta 0.004)
    225.79 seconds: ME NNI round 17 of 48, 3401 of 3838 splits, 38 changes (max delta 0.004)
    225.94 seconds: ME NNI round 17 of 48, 3601 of 3838 splits, 43 changes (max delta 0.004)
    226.09 seconds: ME NNI round 17 of 48, 3801 of 3838 splits, 47 changes (max delta 0.004)
    226.25 seconds: ME NNI round 18 of 48, 201 of 3838 splits, 2 changes (max delta 0.000)
    226.39 seconds: ME NNI round 18 of 48, 401 of 3838 splits, 2 changes (max delta 0.000)
    226.54 seconds: ME NNI round 18 of 48, 601 of 3838 splits, 4 changes (max delta 0.000)
    226.68 seconds: ME NNI round 18 of 48, 801 of 3838 splits, 4 changes (max delta 0.000)
    226.83 seconds: ME NNI round 18 of 48, 1001 of 3838 splits, 7 changes (max delta 0.001)
    226.98 seconds: ME NNI round 18 of 48, 1201 of 3838 splits, 7 changes (max delta 0.001)
    227.13 seconds: ME NNI round 18 of 48, 1401 of 3838 splits, 7 changes (max delta 0.001)
    227.28 seconds: ME NNI round 18 of 48, 1601 of 3838 splits, 7 changes (max delta 0.001)
    227.41 seconds: ME NNI round 18 of 48, 1801 of 3838 splits, 7 changes (max delta 0.001)
    227.57 seconds: ME NNI round 18 of 48, 2001 of 3838 splits, 7 changes (max delta 0.001)
    227.71 seconds: ME NNI round 18 of 48, 2201 of 3838 splits, 7 changes (max delta 0.001)
    227.84 seconds: ME NNI round 18 of 48, 2401 of 3838 splits, 7 changes (max delta 0.001)
    228.00 seconds: ME NNI round 18 of 48, 2601 of 3838 splits, 9 changes (max delta 0.002)
    228.14 seconds: ME NNI round 18 of 48, 2801 of 3838 splits, 9 changes (max delta 0.002)
    228.29 seconds: ME NNI round 18 of 48, 3001 of 3838 splits, 13 changes (max delta 0.002)
    228.42 seconds: ME NNI round 18 of 48, 3201 of 3838 splits, 13 changes (max delta 0.002)
    228.57 seconds: ME NNI round 18 of 48, 3401 of 3838 splits, 13 changes (max delta 0.002)
    228.72 seconds: ME NNI round 18 of 48, 3601 of 3838 splits, 14 changes (max delta 0.002)
    228.87 seconds: ME NNI round 18 of 48, 3801 of 3838 splits, 16 changes (max delta 0.002)
    228.98 seconds: ME NNI round 19 of 48, 101 of 3838 splits, 1 changes (max delta 0.000)
    229.17 seconds: ME NNI round 19 of 48, 301 of 3838 splits, 3 changes (max delta 0.002)
    229.32 seconds: ME NNI round 20 of 48, 101 of 3838 splits, 0 changes
    230.50 seconds: SPR round   2 of   2, 101 of 7678 nodes
    232.77 seconds: SPR round   2 of   2, 301 of 7678 nodes
    233.96 seconds: SPR round   2 of   2, 401 of 7678 nodes
    235.28 seconds: SPR round   2 of   2, 501 of 7678 nodes
    236.53 seconds: SPR round   2 of   2, 601 of 7678 nodes
    238.86 seconds: SPR round   2 of   2, 801 of 7678 nodes
    240.18 seconds: SPR round   2 of   2, 901 of 7678 nodes
    242.64 seconds: SPR round   2 of   2, 1101 of 7678 nodes
    244.21 seconds: SPR round   2 of   2, 1201 of 7678 nodes
    245.43 seconds: SPR round   2 of   2, 1301 of 7678 nodes
    246.54 seconds: SPR round   2 of   2, 1401 of 7678 nodes
    247.65 seconds: SPR round   2 of   2, 1501 of 7678 nodes
    249.21 seconds: SPR round   2 of   2, 1601 of 7678 nodes
    250.42 seconds: SPR round   2 of   2, 1701 of 7678 nodes
    251.74 seconds: SPR round   2 of   2, 1801 of 7678 nodes
    253.39 seconds: SPR round   2 of   2, 1901 of 7678 nodes
    254.63 seconds: SPR round   2 of   2, 2001 of 7678 nodes
    255.88 seconds: SPR round   2 of   2, 2101 of 7678 nodes
    257.07 seconds: SPR round   2 of   2, 2201 of 7678 nodes
    258.52 seconds: SPR round   2 of   2, 2301 of 7678 nodes
    260.09 seconds: SPR round   2 of   2, 2401 of 7678 nodes
    261.42 seconds: SPR round   2 of   2, 2501 of 7678 nodes
    263.60 seconds: SPR round   2 of   2, 2701 of 7678 nodes
    264.85 seconds: SPR round   2 of   2, 2801 of 7678 nodes
    266.16 seconds: SPR round   2 of   2, 2901 of 7678 nodes
    267.82 seconds: SPR round   2 of   2, 3001 of 7678 nodes
    269.24 seconds: SPR round   2 of   2, 3101 of 7678 nodes
    270.54 seconds: SPR round   2 of   2, 3201 of 7678 nodes
    271.86 seconds: SPR round   2 of   2, 3301 of 7678 nodes
    273.10 seconds: SPR round   2 of   2, 3401 of 7678 nodes
    274.35 seconds: SPR round   2 of   2, 3501 of 7678 nodes
    275.73 seconds: SPR round   2 of   2, 3601 of 7678 nodes
    277.01 seconds: SPR round   2 of   2, 3701 of 7678 nodes
    278.21 seconds: SPR round   2 of   2, 3801 of 7678 nodes
    279.66 seconds: SPR round   2 of   2, 3901 of 7678 nodes
    281.28 seconds: SPR round   2 of   2, 4001 of 7678 nodes
    282.71 seconds: SPR round   2 of   2, 4101 of 7678 nodes
    284.80 seconds: SPR round   2 of   2, 4301 of 7678 nodes
    285.76 seconds: SPR round   2 of   2, 4401 of 7678 nodes
    288.24 seconds: SPR round   2 of   2, 4601 of 7678 nodes
    290.53 seconds: SPR round   2 of   2, 4801 of 7678 nodes
    291.73 seconds: SPR round   2 of   2, 4901 of 7678 nodes
    292.93 seconds: SPR round   2 of   2, 5001 of 7678 nodes
    294.17 seconds: SPR round   2 of   2, 5101 of 7678 nodes
    295.41 seconds: SPR round   2 of   2, 5201 of 7678 nodes
    296.94 seconds: SPR round   2 of   2, 5301 of 7678 nodes
    298.10 seconds: SPR round   2 of   2, 5401 of 7678 nodes
    299.44 seconds: SPR round   2 of   2, 5501 of 7678 nodes
    301.03 seconds: SPR round   2 of   2, 5601 of 7678 nodes
    302.33 seconds: SPR round   2 of   2, 5701 of 7678 nodes
    303.65 seconds: SPR round   2 of   2, 5801 of 7678 nodes
    304.90 seconds: SPR round   2 of   2, 5901 of 7678 nodes
    306.07 seconds: SPR round   2 of   2, 6001 of 7678 nodes
    307.29 seconds: SPR round   2 of   2, 6101 of 7678 nodes
    308.44 seconds: SPR round   2 of   2, 6201 of 7678 nodes
    309.78 seconds: SPR round   2 of   2, 6301 of 7678 nodes
    311.91 seconds: SPR round   2 of   2, 6501 of 7678 nodes
    313.24 seconds: SPR round   2 of   2, 6601 of 7678 nodes
    314.44 seconds: SPR round   2 of   2, 6701 of 7678 nodes
    315.73 seconds: SPR round   2 of   2, 6801 of 7678 nodes
    316.98 seconds: SPR round   2 of   2, 6901 of 7678 nodes
    318.36 seconds: SPR round   2 of   2, 7001 of 7678 nodes
    319.82 seconds: SPR round   2 of   2, 7101 of 7678 nodes
    321.14 seconds: SPR round   2 of   2, 7201 of 7678 nodes
    322.86 seconds: SPR round   2 of   2, 7301 of 7678 nodes
    324.08 seconds: SPR round   2 of   2, 7401 of 7678 nodes
    325.84 seconds: SPR round   2 of   2, 7501 of 7678 nodes
    327.39 seconds: SPR round   2 of   2, 7601 of 7678 nodes
    328.52 seconds: ME NNI round 33 of 48, 1 of 3838 splits
    328.66 seconds: ME NNI round 33 of 48, 201 of 3838 splits, 2 changes (max delta 0.000)
    328.80 seconds: ME NNI round 33 of 48, 401 of 3838 splits, 3 changes (max delta 0.000)
    328.95 seconds: ME NNI round 33 of 48, 601 of 3838 splits, 4 changes (max delta 0.000)
    329.09 seconds: ME NNI round 33 of 48, 801 of 3838 splits, 4 changes (max delta 0.000)
    329.25 seconds: ME NNI round 33 of 48, 1001 of 3838 splits, 4 changes (max delta 0.000)
    329.40 seconds: ME NNI round 33 of 48, 1201 of 3838 splits, 5 changes (max delta 0.000)
    329.54 seconds: ME NNI round 33 of 48, 1401 of 3838 splits, 11 changes (max delta 0.000)
    329.68 seconds: ME NNI round 33 of 48, 1601 of 3838 splits, 11 changes (max delta 0.000)
    329.82 seconds: ME NNI round 33 of 48, 1801 of 3838 splits, 11 changes (max delta 0.000)
    329.97 seconds: ME NNI round 33 of 48, 2001 of 3838 splits, 11 changes (max delta 0.000)
    330.10 seconds: ME NNI round 33 of 48, 2201 of 3838 splits, 11 changes (max delta 0.000)
    330.24 seconds: ME NNI round 33 of 48, 2401 of 3838 splits, 11 changes (max delta 0.000)
    330.39 seconds: ME NNI round 33 of 48, 2601 of 3838 splits, 12 changes (max delta 0.000)
    330.54 seconds: ME NNI round 33 of 48, 2801 of 3838 splits, 12 changes (max delta 0.000)
    330.67 seconds: ME NNI round 33 of 48, 3001 of 3838 splits, 13 changes (max delta 0.000)
    330.80 seconds: ME NNI round 33 of 48, 3201 of 3838 splits, 15 changes (max delta 0.000)
    330.95 seconds: ME NNI round 33 of 48, 3401 of 3838 splits, 16 changes (max delta 0.000)
    331.09 seconds: ME NNI round 33 of 48, 3601 of 3838 splits, 22 changes (max delta 0.000)
    331.24 seconds: ME NNI round 33 of 48, 3801 of 3838 splits, 22 changes (max delta 0.000)
    331.40 seconds: ME NNI round 34 of 48, 201 of 3838 splits, 2 changes (max delta 0.000)
    331.54 seconds: ME NNI round 34 of 48, 401 of 3838 splits, 3 changes (max delta 0.000)
    331.68 seconds: ME NNI round 34 of 48, 601 of 3838 splits, 3 changes (max delta 0.000)
    331.82 seconds: ME NNI round 34 of 48, 801 of 3838 splits, 3 changes (max delta 0.000)
    331.98 seconds: ME NNI round 34 of 48, 1001 of 3838 splits, 3 changes (max delta 0.000)
    332.13 seconds: ME NNI round 34 of 48, 1201 of 3838 splits, 3 changes (max delta 0.000)
    332.27 seconds: ME NNI round 34 of 48, 1401 of 3838 splits, 4 changes (max delta 0.000)
    332.41 seconds: ME NNI round 34 of 48, 1601 of 3838 splits, 4 changes (max delta 0.000)
    332.55 seconds: ME NNI round 34 of 48, 1801 of 3838 splits, 4 changes (max delta 0.000)
    332.69 seconds: ME NNI round 34 of 48, 2001 of 3838 splits, 4 changes (max delta 0.000)
    332.83 seconds: ME NNI round 34 of 48, 2201 of 3838 splits, 4 changes (max delta 0.000)
    332.97 seconds: ME NNI round 34 of 48, 2401 of 3838 splits, 4 changes (max delta 0.000)
    333.12 seconds: ME NNI round 34 of 48, 2601 of 3838 splits, 4 changes (max delta 0.000)
    333.27 seconds: ME NNI round 34 of 48, 2801 of 3838 splits, 4 changes (max delta 0.000)
    333.40 seconds: ME NNI round 34 of 48, 3001 of 3838 splits, 4 changes (max delta 0.000)
    333.53 seconds: ME NNI round 34 of 48, 3201 of 3838 splits, 4 changes (max delta 0.000)
    333.68 seconds: ME NNI round 34 of 48, 3401 of 3838 splits, 6 changes (max delta 0.000)
    333.82 seconds: ME NNI round 34 of 48, 3601 of 3838 splits, 10 changes (max delta 0.008)
    333.97 seconds: ME NNI round 34 of 48, 3801 of 3838 splits, 10 changes (max delta 0.008)
    334.09 seconds: ME NNI round 35 of 48, 101 of 3838 splits, 3 changes (max delta 0.000)
    334.24 seconds: ME NNI round 37 of 48, 1 of 3838 splits
    334.39 seconds: ME NNI round 39 of 48, 1 of 3838 splits
    334.51 seconds: ME NNI round 41 of 48, 1 of 3838 splits
    334.62 seconds: ME NNI round 45 of 48, 1 of 3838 splits
Total branch-length 46.341 after 338.10 sec
    338.51 seconds: ML Lengths 1 of 3838 splits
    339.19 seconds: ML Lengths 101 of 3838 splits
    339.87 seconds: ML Lengths 201 of 3838 splits
    340.55 seconds: ML Lengths 301 of 3838 splits
    341.26 seconds: ML Lengths 401 of 3838 splits
    342.01 seconds: ML Lengths 501 of 3838 splits
    342.73 seconds: ML Lengths 601 of 3838 splits
    343.43 seconds: ML Lengths 701 of 3838 splits
    344.17 seconds: ML Lengths 801 of 3838 splits
    344.91 seconds: ML Lengths 901 of 3838 splits
    345.64 seconds: ML Lengths 1001 of 3838 splits
    346.39 seconds: ML Lengths 1101 of 3838 splits
    347.11 seconds: ML Lengths 1201 of 3838 splits
    347.77 seconds: ML Lengths 1301 of 3838 splits
    348.49 seconds: ML Lengths 1401 of 3838 splits
    349.26 seconds: ML Lengths 1501 of 3838 splits
    349.97 seconds: ML Lengths 1601 of 3838 splits
    350.68 seconds: ML Lengths 1701 of 3838 splits
    351.42 seconds: ML Lengths 1801 of 3838 splits
    352.21 seconds: ML Lengths 1901 of 3838 splits
    352.92 seconds: ML Lengths 2001 of 3838 splits
    353.59 seconds: ML Lengths 2101 of 3838 splits
    354.28 seconds: ML Lengths 2201 of 3838 splits
    354.96 seconds: ML Lengths 2301 of 3838 splits
    355.65 seconds: ML Lengths 2401 of 3838 splits
    356.38 seconds: ML Lengths 2501 of 3838 splits
    357.10 seconds: ML Lengths 2601 of 3838 splits
    357.77 seconds: ML Lengths 2701 of 3838 splits
    358.55 seconds: ML Lengths 2801 of 3838 splits
    359.23 seconds: ML Lengths 2901 of 3838 splits
    359.95 seconds: ML Lengths 3001 of 3838 splits
    360.63 seconds: ML Lengths 3101 of 3838 splits
    361.30 seconds: ML Lengths 3201 of 3838 splits
    361.98 seconds: ML Lengths 3301 of 3838 splits
    362.68 seconds: ML Lengths 3401 of 3838 splits
    363.45 seconds: ML Lengths 3501 of 3838 splits
    364.21 seconds: ML Lengths 3601 of 3838 splits
    364.97 seconds: ML Lengths 3701 of 3838 splits
    365.68 seconds: ML Lengths 3801 of 3838 splits
    365.92 seconds: ML NNI round 1 of 24, 1 of 3838 splits
    368.28 seconds: ML NNI round 1 of 24, 101 of 3838 splits, 22 changes (max delta 15.525)
    370.62 seconds: ML NNI round 1 of 24, 201 of 3838 splits, 50 changes (max delta 36.324)
    373.00 seconds: ML NNI round 1 of 24, 301 of 3838 splits, 67 changes (max delta 36.324)
    375.44 seconds: ML NNI round 1 of 24, 401 of 3838 splits, 86 changes (max delta 36.324)
    377.99 seconds: ML NNI round 1 of 24, 501 of 3838 splits, 108 changes (max delta 36.324)
    380.40 seconds: ML NNI round 1 of 24, 601 of 3838 splits, 129 changes (max delta 36.324)
    382.84 seconds: ML NNI round 1 of 24, 701 of 3838 splits, 149 changes (max delta 80.345)
    385.36 seconds: ML NNI round 1 of 24, 801 of 3838 splits, 168 changes (max delta 80.345)
    388.05 seconds: ML NNI round 1 of 24, 901 of 3838 splits, 185 changes (max delta 80.345)
    390.49 seconds: ML NNI round 1 of 24, 1001 of 3838 splits, 201 changes (max delta 80.345)
    393.08 seconds: ML NNI round 1 of 24, 1101 of 3838 splits, 218 changes (max delta 80.345)
    395.60 seconds: ML NNI round 1 of 24, 1201 of 3838 splits, 242 changes (max delta 80.345)
    397.89 seconds: ML NNI round 1 of 24, 1301 of 3838 splits, 273 changes (max delta 80.345)
    400.25 seconds: ML NNI round 1 of 24, 1401 of 3838 splits, 292 changes (max delta 80.345)
    402.85 seconds: ML NNI round 1 of 24, 1501 of 3838 splits, 308 changes (max delta 80.345)
    405.29 seconds: ML NNI round 1 of 24, 1601 of 3838 splits, 324 changes (max delta 80.345)
    407.77 seconds: ML NNI round 1 of 24, 1701 of 3838 splits, 337 changes (max delta 80.345)
    410.38 seconds: ML NNI round 1 of 24, 1801 of 3838 splits, 355 changes (max delta 80.345)
    413.05 seconds: ML NNI round 1 of 24, 1901 of 3838 splits, 375 changes (max delta 122.715)
    415.55 seconds: ML NNI round 1 of 24, 2001 of 3838 splits, 393 changes (max delta 122.715)
    417.88 seconds: ML NNI round 1 of 24, 2101 of 3838 splits, 412 changes (max delta 122.715)
    420.32 seconds: ML NNI round 1 of 24, 2201 of 3838 splits, 428 changes (max delta 122.715)
    422.70 seconds: ML NNI round 1 of 24, 2301 of 3838 splits, 445 changes (max delta 122.715)
    425.11 seconds: ML NNI round 1 of 24, 2401 of 3838 splits, 460 changes (max delta 122.715)
    427.60 seconds: ML NNI round 1 of 24, 2501 of 3838 splits, 479 changes (max delta 122.715)
    430.05 seconds: ML NNI round 1 of 24, 2601 of 3838 splits, 490 changes (max delta 122.715)
    432.52 seconds: ML NNI round 1 of 24, 2701 of 3838 splits, 507 changes (max delta 122.715)
    435.19 seconds: ML NNI round 1 of 24, 2801 of 3838 splits, 535 changes (max delta 122.715)
    437.53 seconds: ML NNI round 1 of 24, 2901 of 3838 splits, 552 changes (max delta 122.715)
    439.98 seconds: ML NNI round 1 of 24, 3001 of 3838 splits, 563 changes (max delta 122.715)
    442.29 seconds: ML NNI round 1 of 24, 3101 of 3838 splits, 583 changes (max delta 122.715)
    444.57 seconds: ML NNI round 1 of 24, 3201 of 3838 splits, 598 changes (max delta 122.715)
    446.98 seconds: ML NNI round 1 of 24, 3301 of 3838 splits, 621 changes (max delta 122.715)
    449.45 seconds: ML NNI round 1 of 24, 3401 of 3838 splits, 640 changes (max delta 122.715)
    452.12 seconds: ML NNI round 1 of 24, 3501 of 3838 splits, 666 changes (max delta 122.715)
    454.75 seconds: ML NNI round 1 of 24, 3601 of 3838 splits, 682 changes (max delta 122.715)
    457.34 seconds: ML NNI round 1 of 24, 3701 of 3838 splits, 705 changes (max delta 122.715)
    459.80 seconds: ML NNI round 1 of 24, 3801 of 3838 splits, 731 changes (max delta 122.715)
ML-NNI round 1: LogLk = -510158.400 NNIs 743 max delta 122.71 Time 461.26
    461.28 seconds: Optimizing GTR model, step 1 of 12
    493.49 seconds: Optimizing GTR model, step 2 of 12
    529.63 seconds: Optimizing GTR model, step 3 of 12
    569.98 seconds: Optimizing GTR model, step 4 of 12
    606.60 seconds: Optimizing GTR model, step 5 of 12
    643.73 seconds: Optimizing GTR model, step 6 of 12
    688.88 seconds: Optimizing GTR model, step 7 of 12
    710.76 seconds: Optimizing GTR model, step 8 of 12
    728.61 seconds: Optimizing GTR model, step 9 of 12
    752.11 seconds: Optimizing GTR model, step 10 of 12
    781.66 seconds: Optimizing GTR model, step 11 of 12
    808.90 seconds: Optimizing GTR model, step 12 of 12
GTR Frequencies: 0.2732 0.2128 0.2466 0.2674
GTR rates(ac ag at cg ct gt) 1.6383 6.1605 0.8391 1.0052 11.5261 1.0000
    829.86 seconds: ML Lengths 1 of 3838 splits
    830.79 seconds: ML Lengths 101 of 3838 splits
    831.75 seconds: ML Lengths 201 of 3838 splits
    832.72 seconds: ML Lengths 301 of 3838 splits
    833.64 seconds: ML Lengths 401 of 3838 splits
    834.59 seconds: ML Lengths 501 of 3838 splits
    836.62 seconds: ML Lengths 701 of 3838 splits
    837.61 seconds: ML Lengths 801 of 3838 splits
    839.58 seconds: ML Lengths 1001 of 3838 splits
    840.54 seconds: ML Lengths 1101 of 3838 splits
    841.52 seconds: ML Lengths 1201 of 3838 splits
    842.50 seconds: ML Lengths 1301 of 3838 splits
    843.43 seconds: ML Lengths 1401 of 3838 splits
    845.41 seconds: ML Lengths 1601 of 3838 splits
    846.38 seconds: ML Lengths 1701 of 3838 splits
    847.36 seconds: ML Lengths 1801 of 3838 splits
    848.31 seconds: ML Lengths 1901 of 3838 splits
    850.28 seconds: ML Lengths 2101 of 3838 splits
    852.26 seconds: ML Lengths 2301 of 3838 splits
    853.22 seconds: ML Lengths 2401 of 3838 splits
    854.15 seconds: ML Lengths 2501 of 3838 splits
    855.13 seconds: ML Lengths 2601 of 3838 splits
    856.07 seconds: ML Lengths 2701 of 3838 splits
    857.02 seconds: ML Lengths 2801 of 3838 splits
    859.01 seconds: ML Lengths 3001 of 3838 splits
    859.92 seconds: ML Lengths 3101 of 3838 splits
    860.87 seconds: ML Lengths 3201 of 3838 splits
    861.85 seconds: ML Lengths 3301 of 3838 splits
    862.82 seconds: ML Lengths 3401 of 3838 splits
    864.76 seconds: ML Lengths 3601 of 3838 splits
    865.67 seconds: ML Lengths 3701 of 3838 splits
    866.64 seconds: ML Lengths 3801 of 3838 splits
    868.98 seconds: Site likelihoods with rate category 1 of 20
    870.96 seconds: Site likelihoods with rate category 2 of 20
    872.95 seconds: Site likelihoods with rate category 3 of 20
    874.94 seconds: Site likelihoods with rate category 4 of 20
    876.92 seconds: Site likelihoods with rate category 5 of 20
    878.91 seconds: Site likelihoods with rate category 6 of 20
    880.89 seconds: Site likelihoods with rate category 7 of 20
    882.87 seconds: Site likelihoods with rate category 8 of 20
    884.86 seconds: Site likelihoods with rate category 9 of 20
    886.84 seconds: Site likelihoods with rate category 10 of 20
    888.83 seconds: Site likelihoods with rate category 11 of 20
    890.82 seconds: Site likelihoods with rate category 12 of 20
    892.80 seconds: Site likelihoods with rate category 13 of 20
    894.78 seconds: Site likelihoods with rate category 14 of 20
    896.77 seconds: Site likelihoods with rate category 15 of 20
    898.75 seconds: Site likelihoods with rate category 16 of 20
    900.73 seconds: Site likelihoods with rate category 17 of 20
    902.72 seconds: Site likelihoods with rate category 18 of 20
    904.70 seconds: Site likelihoods with rate category 19 of 20
    906.69 seconds: Site likelihoods with rate category 20 of 20
Switched to using 20 rate categories (CAT approximation)
Rate categories were divided by 0.996 so that average rate = 1.0
CAT-based log-likelihoods may not be comparable across runs
Use -gamma for approximate but comparable Gamma(20) log-likelihoods
    909.81 seconds: ML NNI round 2 of 24, 1 of 3838 splits
    912.53 seconds: ML NNI round 2 of 24, 101 of 3838 splits, 12 changes (max delta 3.064)
    915.41 seconds: ML NNI round 2 of 24, 201 of 3838 splits, 33 changes (max delta 6.085)
    917.96 seconds: ML NNI round 2 of 24, 301 of 3838 splits, 45 changes (max delta 6.085)
    921.03 seconds: ML NNI round 2 of 24, 401 of 3838 splits, 62 changes (max delta 6.085)
    923.60 seconds: ML NNI round 2 of 24, 501 of 3838 splits, 69 changes (max delta 6.085)
    925.95 seconds: ML NNI round 2 of 24, 601 of 3838 splits, 77 changes (max delta 6.085)
    928.26 seconds: ML NNI round 2 of 24, 701 of 3838 splits, 89 changes (max delta 32.113)
    930.76 seconds: ML NNI round 2 of 24, 801 of 3838 splits, 97 changes (max delta 32.113)
    933.60 seconds: ML NNI round 2 of 24, 901 of 3838 splits, 108 changes (max delta 32.113)
    936.44 seconds: ML NNI round 2 of 24, 1001 of 3838 splits, 121 changes (max delta 32.113)
    939.36 seconds: ML NNI round 2 of 24, 1101 of 3838 splits, 133 changes (max delta 51.029)
    942.03 seconds: ML NNI round 2 of 24, 1201 of 3838 splits, 148 changes (max delta 51.029)
    944.90 seconds: ML NNI round 2 of 24, 1301 of 3838 splits, 158 changes (max delta 51.029)
    947.86 seconds: ML NNI round 2 of 24, 1401 of 3838 splits, 177 changes (max delta 51.029)
    949.87 seconds: ML NNI round 2 of 24, 1501 of 3838 splits, 185 changes (max delta 51.029)
    952.44 seconds: ML NNI round 2 of 24, 1601 of 3838 splits, 200 changes (max delta 51.029)
    954.81 seconds: ML NNI round 2 of 24, 1701 of 3838 splits, 210 changes (max delta 51.029)
    957.26 seconds: ML NNI round 2 of 24, 1801 of 3838 splits, 222 changes (max delta 51.029)
    959.84 seconds: ML NNI round 2 of 24, 1901 of 3838 splits, 233 changes (max delta 51.029)
    962.75 seconds: ML NNI round 2 of 24, 2001 of 3838 splits, 255 changes (max delta 61.768)
    965.69 seconds: ML NNI round 2 of 24, 2101 of 3838 splits, 265 changes (max delta 61.768)
    968.37 seconds: ML NNI round 2 of 24, 2201 of 3838 splits, 277 changes (max delta 61.768)
    970.34 seconds: ML NNI round 2 of 24, 2301 of 3838 splits, 282 changes (max delta 61.768)
    973.05 seconds: ML NNI round 2 of 24, 2401 of 3838 splits, 294 changes (max delta 61.768)
    975.53 seconds: ML NNI round 2 of 24, 2501 of 3838 splits, 300 changes (max delta 61.768)
    978.13 seconds: ML NNI round 2 of 24, 2601 of 3838 splits, 308 changes (max delta 61.768)
    980.35 seconds: ML NNI round 2 of 24, 2701 of 3838 splits, 311 changes (max delta 61.768)
    983.07 seconds: ML NNI round 2 of 24, 2801 of 3838 splits, 319 changes (max delta 61.768)
    986.45 seconds: ML NNI round 2 of 24, 2901 of 3838 splits, 335 changes (max delta 61.768)
    989.27 seconds: ML NNI round 2 of 24, 3001 of 3838 splits, 344 changes (max delta 61.768)
    992.01 seconds: ML NNI round 2 of 24, 3101 of 3838 splits, 355 changes (max delta 61.768)
    994.62 seconds: ML NNI round 2 of 24, 3201 of 3838 splits, 362 changes (max delta 61.768)
    996.98 seconds: ML NNI round 2 of 24, 3301 of 3838 splits, 372 changes (max delta 61.768)
    999.83 seconds: ML NNI round 2 of 24, 3401 of 3838 splits, 382 changes (max delta 61.768)
   1002.73 seconds: ML NNI round 2 of 24, 3501 of 3838 splits, 395 changes (max delta 61.768)
   1005.55 seconds: ML NNI round 2 of 24, 3601 of 3838 splits, 402 changes (max delta 61.768)
   1008.20 seconds: ML NNI round 2 of 24, 3701 of 3838 splits, 414 changes (max delta 61.768)
   1011.03 seconds: ML NNI round 2 of 24, 3801 of 3838 splits, 428 changes (max delta 61.768)
ML-NNI round 2: LogLk = -409159.837 NNIs 435 max delta 61.77 Time 1012.58
   1012.58 seconds: ML NNI round 3 of 24, 1 of 3838 splits
   1015.40 seconds: ML NNI round 3 of 24, 101 of 3838 splits, 7 changes (max delta 0.048)
   1018.04 seconds: ML NNI round 3 of 24, 201 of 3838 splits, 17 changes (max delta 0.374)
   1021.14 seconds: ML NNI round 3 of 24, 301 of 3838 splits, 25 changes (max delta 1.991)
   1023.42 seconds: ML NNI round 3 of 24, 401 of 3838 splits, 31 changes (max delta 1.991)
   1026.21 seconds: ML NNI round 3 of 24, 501 of 3838 splits, 43 changes (max delta 2.209)
   1028.93 seconds: ML NNI round 3 of 24, 601 of 3838 splits, 52 changes (max delta 4.040)
   1031.34 seconds: ML NNI round 3 of 24, 701 of 3838 splits, 57 changes (max delta 4.040)
   1033.62 seconds: ML NNI round 3 of 24, 801 of 3838 splits, 61 changes (max delta 4.040)
   1036.04 seconds: ML NNI round 3 of 24, 901 of 3838 splits, 72 changes (max delta 4.040)
   1038.70 seconds: ML NNI round 3 of 24, 1001 of 3838 splits, 84 changes (max delta 4.040)
   1041.05 seconds: ML NNI round 3 of 24, 1101 of 3838 splits, 88 changes (max delta 4.040)
   1043.47 seconds: ML NNI round 3 of 24, 1201 of 3838 splits, 92 changes (max delta 4.040)
   1046.01 seconds: ML NNI round 3 of 24, 1301 of 3838 splits, 97 changes (max delta 4.040)
   1048.89 seconds: ML NNI round 3 of 24, 1401 of 3838 splits, 108 changes (max delta 4.040)
   1051.07 seconds: ML NNI round 3 of 24, 1501 of 3838 splits, 109 changes (max delta 4.040)
   1053.56 seconds: ML NNI round 3 of 24, 1601 of 3838 splits, 113 changes (max delta 4.040)
   1056.39 seconds: ML NNI round 3 of 24, 1701 of 3838 splits, 118 changes (max delta 4.040)
   1058.68 seconds: ML NNI round 3 of 24, 1801 of 3838 splits, 121 changes (max delta 4.040)
   1061.04 seconds: ML NNI round 3 of 24, 1901 of 3838 splits, 124 changes (max delta 4.040)
   1063.65 seconds: ML NNI round 3 of 24, 2001 of 3838 splits, 131 changes (max delta 6.748)
   1066.62 seconds: ML NNI round 3 of 24, 2101 of 3838 splits, 142 changes (max delta 6.748)
   1069.25 seconds: ML NNI round 3 of 24, 2201 of 3838 splits, 146 changes (max delta 6.748)
   1071.62 seconds: ML NNI round 3 of 24, 2301 of 3838 splits, 152 changes (max delta 6.748)
   1074.78 seconds: ML NNI round 3 of 24, 2401 of 3838 splits, 162 changes (max delta 6.748)
   1077.53 seconds: ML NNI round 3 of 24, 2501 of 3838 splits, 172 changes (max delta 6.748)
   1079.84 seconds: ML NNI round 3 of 24, 2601 of 3838 splits, 177 changes (max delta 6.748)
ML-NNI round 3: LogLk = -409024.363 NNIs 182 max delta 6.75 Time 1081.48
   1081.48 seconds: ML NNI round 4 of 24, 1 of 3838 splits
   1084.28 seconds: ML NNI round 4 of 24, 101 of 3838 splits, 12 changes (max delta 0.244)
   1086.76 seconds: ML NNI round 4 of 24, 201 of 3838 splits, 15 changes (max delta 0.244)
   1089.17 seconds: ML NNI round 4 of 24, 301 of 3838 splits, 23 changes (max delta 0.244)
   1091.64 seconds: ML NNI round 4 of 24, 401 of 3838 splits, 34 changes (max delta 0.337)
   1093.46 seconds: ML NNI round 4 of 24, 501 of 3838 splits, 37 changes (max delta 4.545)
   1095.51 seconds: ML NNI round 4 of 24, 601 of 3838 splits, 46 changes (max delta 4.545)
   1097.68 seconds: ML NNI round 4 of 24, 701 of 3838 splits, 49 changes (max delta 4.545)
   1099.92 seconds: ML NNI round 4 of 24, 801 of 3838 splits, 51 changes (max delta 4.545)
   1102.48 seconds: ML NNI round 4 of 24, 901 of 3838 splits, 59 changes (max delta 4.545)
   1104.65 seconds: ML NNI round 4 of 24, 1001 of 3838 splits, 61 changes (max delta 4.545)
   1107.07 seconds: ML NNI round 4 of 24, 1101 of 3838 splits, 64 changes (max delta 4.545)
   1109.42 seconds: ML NNI round 4 of 24, 1201 of 3838 splits, 71 changes (max delta 4.545)
   1111.99 seconds: ML NNI round 4 of 24, 1301 of 3838 splits, 76 changes (max delta 4.545)
   1114.31 seconds: ML NNI round 4 of 24, 1401 of 3838 splits, 83 changes (max delta 4.545)
   1117.14 seconds: ML NNI round 4 of 24, 1501 of 3838 splits, 90 changes (max delta 4.545)
ML-NNI round 4: LogLk = -409005.470 NNIs 98 max delta 4.55 Time 1119.91
   1119.91 seconds: ML NNI round 5 of 24, 1 of 3838 splits
   1122.39 seconds: ML NNI round 5 of 24, 101 of 3838 splits, 7 changes (max delta 6.396)
   1125.24 seconds: ML NNI round 5 of 24, 201 of 3838 splits, 24 changes (max delta 6.396)
   1127.28 seconds: ML NNI round 5 of 24, 301 of 3838 splits, 27 changes (max delta 6.396)
   1129.61 seconds: ML NNI round 5 of 24, 401 of 3838 splits, 33 changes (max delta 6.396)
   1131.91 seconds: ML NNI round 5 of 24, 501 of 3838 splits, 38 changes (max delta 6.396)
   1134.59 seconds: ML NNI round 5 of 24, 601 of 3838 splits, 46 changes (max delta 6.396)
ML-NNI round 5: LogLk = -408992.422 NNIs 51 max delta 6.40 Time 1136.66
   1136.66 seconds: ML NNI round 6 of 24, 1 of 3838 splits
   1139.43 seconds: ML NNI round 6 of 24, 101 of 3838 splits, 15 changes (max delta 0.621)
   1141.85 seconds: ML NNI round 6 of 24, 201 of 3838 splits, 20 changes (max delta 4.984)
   1144.09 seconds: ML NNI round 6 of 24, 301 of 3838 splits, 29 changes (max delta 4.984)
ML-NNI round 6: LogLk = -408986.255 NNIs 31 max delta 4.98 Time 1146.04
   1146.04 seconds: ML NNI round 7 of 24, 1 of 3838 splits
   1148.69 seconds: ML NNI round 7 of 24, 101 of 3838 splits, 11 changes (max delta 0.262)
   1150.96 seconds: ML NNI round 7 of 24, 201 of 3838 splits, 17 changes (max delta 0.262)
ML-NNI round 7: LogLk = -408986.558 NNIs 25 max delta 0.26 Time 1153.76
Turning off heuristics for final round of ML NNIs (converged)
   1153.76 seconds: ML NNI round 8 of 24, 1 of 3838 splits
   1157.09 seconds: ML NNI round 8 of 24, 101 of 3838 splits, 5 changes (max delta 0.017)
   1160.65 seconds: ML NNI round 8 of 24, 201 of 3838 splits, 10 changes (max delta 0.154)
   1164.29 seconds: ML NNI round 8 of 24, 301 of 3838 splits, 14 changes (max delta 0.154)
   1167.75 seconds: ML NNI round 8 of 24, 401 of 3838 splits, 19 changes (max delta 0.154)
   1171.29 seconds: ML NNI round 8 of 24, 501 of 3838 splits, 22 changes (max delta 0.154)
   1175.08 seconds: ML NNI round 8 of 24, 601 of 3838 splits, 28 changes (max delta 0.219)
   1178.42 seconds: ML NNI round 8 of 24, 701 of 3838 splits, 36 changes (max delta 0.219)
   1181.99 seconds: ML NNI round 8 of 24, 801 of 3838 splits, 39 changes (max delta 22.984)
   1185.68 seconds: ML NNI round 8 of 24, 901 of 3838 splits, 42 changes (max delta 22.984)
   1189.38 seconds: ML NNI round 8 of 24, 1001 of 3838 splits, 43 changes (max delta 22.984)
   1193.12 seconds: ML NNI round 8 of 24, 1101 of 3838 splits, 46 changes (max delta 22.984)
   1196.96 seconds: ML NNI round 8 of 24, 1201 of 3838 splits, 51 changes (max delta 22.984)
   1200.66 seconds: ML NNI round 8 of 24, 1301 of 3838 splits, 57 changes (max delta 22.984)
   1204.65 seconds: ML NNI round 8 of 24, 1401 of 3838 splits, 65 changes (max delta 22.984)
   1208.60 seconds: ML NNI round 8 of 24, 1501 of 3838 splits, 65 changes (max delta 22.984)
   1212.57 seconds: ML NNI round 8 of 24, 1601 of 3838 splits, 65 changes (max delta 22.984)
   1216.17 seconds: ML NNI round 8 of 24, 1701 of 3838 splits, 66 changes (max delta 22.984)
   1220.10 seconds: ML NNI round 8 of 24, 1801 of 3838 splits, 69 changes (max delta 22.984)
   1223.67 seconds: ML NNI round 8 of 24, 1901 of 3838 splits, 74 changes (max delta 22.984)
   1227.67 seconds: ML NNI round 8 of 24, 2001 of 3838 splits, 75 changes (max delta 22.984)
   1231.16 seconds: ML NNI round 8 of 24, 2101 of 3838 splits, 78 changes (max delta 22.984)
   1234.72 seconds: ML NNI round 8 of 24, 2201 of 3838 splits, 79 changes (max delta 22.984)
   1238.49 seconds: ML NNI round 8 of 24, 2301 of 3838 splits, 80 changes (max delta 22.984)
   1242.09 seconds: ML NNI round 8 of 24, 2401 of 3838 splits, 83 changes (max delta 22.984)
   1245.58 seconds: ML NNI round 8 of 24, 2501 of 3838 splits, 87 changes (max delta 22.984)
   1249.34 seconds: ML NNI round 8 of 24, 2601 of 3838 splits, 87 changes (max delta 22.984)
   1253.15 seconds: ML NNI round 8 of 24, 2701 of 3838 splits, 93 changes (max delta 22.984)
   1257.04 seconds: ML NNI round 8 of 24, 2801 of 3838 splits, 96 changes (max delta 22.984)
   1260.85 seconds: ML NNI round 8 of 24, 2901 of 3838 splits, 99 changes (max delta 22.984)
   1264.80 seconds: ML NNI round 8 of 24, 3001 of 3838 splits, 100 changes (max delta 22.984)
   1268.37 seconds: ML NNI round 8 of 24, 3101 of 3838 splits, 108 changes (max delta 22.984)
   1272.25 seconds: ML NNI round 8 of 24, 3201 of 3838 splits, 110 changes (max delta 22.984)
   1275.96 seconds: ML NNI round 8 of 24, 3301 of 3838 splits, 111 changes (max delta 22.984)
   1279.50 seconds: ML NNI round 8 of 24, 3401 of 3838 splits, 117 changes (max delta 22.984)
   1283.51 seconds: ML NNI round 8 of 24, 3501 of 3838 splits, 118 changes (max delta 22.984)
   1287.23 seconds: ML NNI round 8 of 24, 3601 of 3838 splits, 122 changes (max delta 22.984)
   1290.84 seconds: ML NNI round 8 of 24, 3701 of 3838 splits, 126 changes (max delta 22.984)
   1294.42 seconds: ML NNI round 8 of 24, 3801 of 3838 splits, 129 changes (max delta 22.984)
ML-NNI round 8: LogLk = -408849.868 NNIs 131 max delta 22.98 Time 1296.07 (final)
   1296.06 seconds: ML Lengths 1 of 3838 splits
   1297.00 seconds: ML Lengths 101 of 3838 splits
   1297.95 seconds: ML Lengths 201 of 3838 splits
   1298.93 seconds: ML Lengths 301 of 3838 splits
   1299.85 seconds: ML Lengths 401 of 3838 splits
   1300.80 seconds: ML Lengths 501 of 3838 splits
   1301.80 seconds: ML Lengths 601 of 3838 splits
   1302.76 seconds: ML Lengths 701 of 3838 splits
   1303.71 seconds: ML Lengths 801 of 3838 splits
   1304.71 seconds: ML Lengths 901 of 3838 splits
   1305.70 seconds: ML Lengths 1001 of 3838 splits
   1306.70 seconds: ML Lengths 1101 of 3838 splits
   1307.65 seconds: ML Lengths 1201 of 3838 splits
   1308.61 seconds: ML Lengths 1301 of 3838 splits
   1310.69 seconds: ML Lengths 1501 of 3838 splits
   1312.75 seconds: ML Lengths 1701 of 3838 splits
   1314.74 seconds: ML Lengths 1901 of 3838 splits
   1316.65 seconds: ML Lengths 2101 of 3838 splits
   1317.60 seconds: ML Lengths 2201 of 3838 splits
   1318.57 seconds: ML Lengths 2301 of 3838 splits
   1319.49 seconds: ML Lengths 2401 of 3838 splits
   1320.43 seconds: ML Lengths 2501 of 3838 splits
   1322.44 seconds: ML Lengths 2701 of 3838 splits
   1323.41 seconds: ML Lengths 2801 of 3838 splits
   1324.40 seconds: ML Lengths 2901 of 3838 splits
   1326.32 seconds: ML Lengths 3101 of 3838 splits
   1327.31 seconds: ML Lengths 3201 of 3838 splits
   1328.25 seconds: ML Lengths 3301 of 3838 splits
   1329.17 seconds: ML Lengths 3401 of 3838 splits
   1330.13 seconds: ML Lengths 3501 of 3838 splits
   1331.07 seconds: ML Lengths 3601 of 3838 splits
   1332.01 seconds: ML Lengths 3701 of 3838 splits
   1332.98 seconds: ML Lengths 3801 of 3838 splits
Optimize all lengths: LogLk = -408848.945 Time 1333.70
   1339.44 seconds: ML split tests for    100 of   3837 internal splits
   1345.13 seconds: ML split tests for    200 of   3837 internal splits
   1350.84 seconds: ML split tests for    300 of   3837 internal splits
   1356.49 seconds: ML split tests for    400 of   3837 internal splits
   1362.16 seconds: ML split tests for    500 of   3837 internal splits
   1367.84 seconds: ML split tests for    600 of   3837 internal splits
   1373.55 seconds: ML split tests for    700 of   3837 internal splits
   1379.14 seconds: ML split tests for    800 of   3837 internal splits
   1384.87 seconds: ML split tests for    900 of   3837 internal splits
   1390.61 seconds: ML split tests for   1000 of   3837 internal splits
   1396.30 seconds: ML split tests for   1100 of   3837 internal splits
   1401.99 seconds: ML split tests for   1200 of   3837 internal splits
   1407.69 seconds: ML split tests for   1300 of   3837 internal splits
   1413.48 seconds: ML split tests for   1400 of   3837 internal splits
   1419.36 seconds: ML split tests for   1500 of   3837 internal splits
   1425.23 seconds: ML split tests for   1600 of   3837 internal splits
   1431.00 seconds: ML split tests for   1700 of   3837 internal splits
   1436.77 seconds: ML split tests for   1800 of   3837 internal splits
   1442.42 seconds: ML split tests for   1900 of   3837 internal splits
   1448.26 seconds: ML split tests for   2000 of   3837 internal splits
   1453.90 seconds: ML split tests for   2100 of   3837 internal splits
   1459.62 seconds: ML split tests for   2200 of   3837 internal splits
   1465.38 seconds: ML split tests for   2300 of   3837 internal splits
   1471.16 seconds: ML split tests for   2400 of   3837 internal splits
   1476.81 seconds: ML split tests for   2500 of   3837 internal splits
   1482.53 seconds: ML split tests for   2600 of   3837 internal splits
   1488.23 seconds: ML split tests for   2700 of   3837 internal splits
   1493.97 seconds: ML split tests for   2800 of   3837 internal splits
   1499.72 seconds: ML split tests for   2900 of   3837 internal splits
   1505.58 seconds: ML split tests for   3000 of   3837 internal splits
   1511.22 seconds: ML split tests for   3100 of   3837 internal splits
   1517.02 seconds: ML split tests for   3200 of   3837 internal splits
   1522.75 seconds: ML split tests for   3300 of   3837 internal splits
   1528.42 seconds: ML split tests for   3400 of   3837 internal splits
   1534.30 seconds: ML split tests for   3500 of   3837 internal splits
   1540.05 seconds: ML split tests for   3600 of   3837 internal splits
   1545.77 seconds: ML split tests for   3700 of   3837 internal splits
   1551.49 seconds: ML split tests for   3800 of   3837 internal splits
Total time: 1553.59 seconds Unique: 3840/4036 Bad splits: 11/3837 Worst delta-LogLk 9.901
