assembly
number of threads: 1
clade name: Moniliformopses
search: matk
search: matK
gene name: matK
gene database: matK.db
mad cutoff: 0.05
coverage: 0.4
identity: 0.1
connected to matK.db
database created
search number 107586
connected to /n/regal/informatics_public/apps/phlawd/pln.db
Found 1 taxon ids:
241806
Will be using 241806
first: 1218
blasted: 119
dups: 65
adding sequences to database: matK.db
starting saturation
Moniliformopses: 241806 65 0
aligning
mafft matK_TEMPFILES/tempfile > matK_TEMPFILES/outfile 2> matK_TEMPFILES/mafft.out
calculating distance
median: 0.303424
mad: 0.185382
Polypodiidae: 1521262 35 0
aligning
mafft matK_TEMPFILES/tempfile > matK_TEMPFILES/outfile 2> matK_TEMPFILES/mafft.out
calculating distance
median: 0.045145
mad: 0.0621913
Gleicheniales: 693761 1 0 65
adding alignment to database: matK.db
Hymenophyllales: 693760 1 0 64
adding alignment to database: matK.db
Osmundales: 693749 1 0 63
adding alignment to database: matK.db
Polypodiales: 3268 32 0
aligning
mafft matK_TEMPFILES/tempfile > matK_TEMPFILES/outfile 2> matK_TEMPFILES/mafft.out
calculating distance
median: 0.0408889
mad: 0.0524794
eupolypods I: 1203512 2 0
aligning
mafft matK_TEMPFILES/tempfile > matK_TEMPFILES/outfile 2> matK_TEMPFILES/mafft.out
mad: 0
adding alignment to database: matK.db
eupolypods II: 1203511 1 0 60
adding alignment to database: matK.db
Pteridaceae: 13819 29 0
aligning
mafft matK_TEMPFILES/tempfile > matK_TEMPFILES/outfile 2> matK_TEMPFILES/mafft.out
calculating distance
median: 0.0379164
mad: 0.0425728
adding alignment to database: matK.db
Equisetidae: 1521258 13 0
aligning
mafft matK_TEMPFILES/tempfile > matK_TEMPFILES/outfile 2> matK_TEMPFILES/mafft.out
calculating distance
median: 0.0037648
mad: 0.00427428
adding alignment to database: matK.db
Ophioglossidae: 1521257 17 0
aligning
mafft matK_TEMPFILES/tempfile > matK_TEMPFILES/outfile 2> matK_TEMPFILES/mafft.out
calculating distance
median: 0.054281
mad: 0.0290489
adding alignment to database: matK.db
leftovers: 0
picking where leftovers should go
finished with sequence processing
getting alignments
starting run
ncbi guide tree
241806
clade=241806
distances complete: 693761 1
distances complete: 693760 2
distances complete: 693749 3
distances complete: 1203512 4
distances complete: 1203511 5
distances complete: 13819 6
distances complete: 1521258 7
distances complete: 1521257 8
profiling
writing everything to record.log
aligning
muscle -profile -maxmb 5000 -in1 matK_TEMPFILES/TEMP1.profile -in2 matK_TEMPFILES/TEMP2.profile -out matK_TEMPFILES/TEMPOUT.PROFILE 2> matK_TEMPFILES/muscle.out
1768 bytes
aligning
muscle -profile -maxmb 5000 -in1 matK_TEMPFILES/TEMP1.profile -in2 matK_TEMPFILES/TEMP2.profile -out matK_TEMPFILES/TEMPOUT.PROFILE 2> matK_TEMPFILES/muscle.out
1750 bytes
aligning
muscle -profile -maxmb 5000 -in1 matK_TEMPFILES/TEMP1.profile -in2 matK_TEMPFILES/TEMP2.profile -out matK_TEMPFILES/TEMPOUT.PROFILE 2> matK_TEMPFILES/muscle.out
1768 bytes
cleaning seqs for TEMPOUT.PROFILE
adding sequences to profile alignment table
aligning
muscle -profile -maxmb 5000 -in1 matK_TEMPFILES/TEMP1.profile -in2 matK_TEMPFILES/TEMP2.profile -out matK_TEMPFILES/TEMPOUT.PROFILE 2> matK_TEMPFILES/muscle.out
2652 bytes
cleaning seqs for TEMPOUT.PROFILE
adding sequences to profile alignment table
aligning
muscle -profile -maxmb 5000 -in1 matK_TEMPFILES/TEMP1.profile -in2 matK_TEMPFILES/TEMP2.profile -out matK_TEMPFILES/TEMPOUT.PROFILE 2> matK_TEMPFILES/muscle.out
2112 bytes
aligning
muscle -profile -maxmb 5000 -in1 matK_TEMPFILES/TEMP1.profile -in2 matK_TEMPFILES/TEMP2.profile -out matK_TEMPFILES/TEMPOUT.PROFILE 2> matK_TEMPFILES/muscle.out
39361 bytes
aligning
muscle -profile -maxmb 5000 -in1 matK_TEMPFILES/TEMP1.profile -in2 matK_TEMPFILES/TEMP2.profile -out matK_TEMPFILES/TEMPOUT.PROFILE 2> matK_TEMPFILES/muscle.out
39361 bytes
cleaning seqs for TEMPOUT.PROFILE
adding sequences to profile alignment table
aligning
muscle -profile -maxmb 5000 -in1 matK_TEMPFILES/TEMP1.profile -in2 matK_TEMPFILES/TEMP2.profile -out matK_TEMPFILES/TEMPOUT.PROFILE 2> matK_TEMPFILES/muscle.out
33527 bytes
cleaning seqs for TEMPOUT.PROFILE
adding sequences to profile alignment table
aligning
muscle -profile -maxmb 5000 -in1 matK_TEMPFILES/TEMP1.profile -in2 matK_TEMPFILES/TEMP2.profile -out matK_TEMPFILES/TEMPOUT.PROFILE 2> matK_TEMPFILES/muscle.out
33540 bytes
cleaning seqs for TEMPOUT.PROFILE
adding sequences to profile alignment table
processing profile files
10
12
13
aligning
muscle -profile -maxmb 5000 -in1 matK_TEMPFILES/TEMP1.profile -in2 matK_TEMPFILES/TEMP2.profile -out matK_TEMPFILES/TEMPOUT.PROFILE 2> matK_TEMPFILES/muscle.out
39051 bytes
cleaning seqs for TEMPOUT.PROFILE
adding sequences to profile alignment table
aligning
muscle -profile -maxmb 5000 -in1 matK_TEMPFILES/TEMP1.profile -in2 matK_TEMPFILES/TEMP2.profile -out matK_TEMPFILES/TEMPOUT.PROFILE 2> matK_TEMPFILES/muscle.out
85401 bytes
cleaning seqs for TEMPOUT.PROFILE
adding sequences to profile alignment table
writing final alignment
profile run completed
