
This is ExaML FINE-GRAIN MPI Process Number: 0

proc	offset	length	part
0	0	1300	0

#proc	#part	#sites
0	1	1300



This is ExaML version 3.0.1 released by Alexandros Stamatakis, Andre Aberer, and Alexey Kozlov in November 3 2014.


Alignment has 1300 distinct alignment patterns

Proportion of gaps and completely undetermined characters in this alignment: 5.77%

ExaML rapid hill-climbing mode

Using 1 distinct models/data partitions with joint branch length optimization


All free model parameters will be estimated by ExaML
GAMMA model of rate heteorgeneity, ML estimate of alpha-parameter

Partition: 0
Alignment Patterns: 1300
Name: No Name Provided
DataType: DNA
Substitution Matrix: GTR




ExaML was called as follows:

examl-AVX -t RAxML_parsimonyTree.StartingTree -m GAMMA -s rbcL_phlawd_outgroup.binary -n rbcL_phlawd_examl 


Memory Saving Option: DISABLED

Best rearrangement radius: 15

Likelihood of best tree: -201274.605368


Overall Time for 1 Inference 54071.637426

Overall accumulated Time (in case of restarts): 54071.637426

Likelihood   : -201274.605368


Final tree written to:                 /n/home04/jnitta/Analysis/moorea/bin/2015-11-28/examl/ExaML_result.rbcL_phlawd_examl
Execution Log File written to:         /n/home04/jnitta/Analysis/moorea/bin/2015-11-28/examl/ExaML_log.rbcL_phlawd_examl
Execution information file written to: /n/home04/jnitta/Analysis/moorea/bin/2015-11-28/examl/ExaML_info.rbcL_phlawd_examl
