assembly
number of threads: 1
clade name: Moniliformopses
search: matk
search: matK
gene name: matK
gene database: matK.db
mad cutoff: 0.05
coverage: 0.4
identity: 0.1
connected to matK.db
database created
search number 107586
connected to /n/regal/informatics_public/apps/phlawd/pln.db
Found 1 taxon ids:
241806
Will be using 241806
first: 1218
blasted: 174
dups: 134
adding sequences to database: matK.db
starting saturation
Moniliformopses: 241806 134 0
aligning
mafft matK_TEMPFILES/tempfile > matK_TEMPFILES/outfile 2> matK_TEMPFILES/mafft.out
calculating distance
median: 0.0186104
mad: 0.0269502
adding alignment to database: matK.db
leftovers: 0
picking where leftovers should go
finished with sequence processing
getting alignments
starting run
cleaning seqs
writing final alignment
profile run completed
