

IMPORTANT WARNING: Sequences Abrodictyum_asae_grayi and Abrodictyum_strictum are exactly identical


IMPORTANT WARNING: Sequences Abrodictyum_caudatum and Abrodictyum_caudatum_JNG45 are exactly identical


IMPORTANT WARNING: Sequences Acrophorus_emeiensis and Acrophorus_exstipellatus are exactly identical


IMPORTANT WARNING: Sequences Acrophorus_stipellatus and Dryopteris_squamifera are exactly identical


IMPORTANT WARNING: Sequences Adiantopsis_parvisegmenta and Adiantopsis_vincentii are exactly identical


IMPORTANT WARNING: Sequences Adiantopsis_pedata and Adiantopsis_reesii are exactly identical


IMPORTANT WARNING: Sequences Adiantum_aleuticum and Adiantum_viridimontanum are exactly identical


IMPORTANT WARNING: Sequences Adiantum_chienii and Adiantum_juxtapositum are exactly identical


IMPORTANT WARNING: Sequences Adiantum_fulvum and Adiantum_viridescens are exactly identical


IMPORTANT WARNING: Sequences Adiantum_obliquum and Adiantum_terminatum are exactly identical


IMPORTANT WARNING: Sequences Adiantum_pedatum and Lygodium_palmatum are exactly identical


IMPORTANT WARNING: Sequences Aglaomorpha_cornucopia and Aglaomorpha_novoguineensis are exactly identical


IMPORTANT WARNING: Sequences Aglaomorpha_hieronymi and Aglaomorpha_parkinsonii are exactly identical


IMPORTANT WARNING: Sequences Alsophila_acutula and Cyathea_approximata are exactly identical


IMPORTANT WARNING: Sequences Alsophila_acutula and Cyathea_ligulata are exactly identical


IMPORTANT WARNING: Sequences Anemia_affinis and Anemia_jaliscana are exactly identical


IMPORTANT WARNING: Sequences Anemia_affinis and Anemia_multiplex are exactly identical


IMPORTANT WARNING: Sequences Anemia_andersonii and Anemia_sertaneja are exactly identical


IMPORTANT WARNING: Sequences Anemia_australis and Anemia_flexuosa are exactly identical


IMPORTANT WARNING: Sequences Anemia_buniifolia and Anemia_elaphoglossoides are exactly identical


IMPORTANT WARNING: Sequences Anemia_buniifolia and Anemia_marginata are exactly identical


IMPORTANT WARNING: Sequences Anemia_buniifolia and Anemia_pyrenaea are exactly identical


IMPORTANT WARNING: Sequences Anemia_cicutaria and Anemia_wrightii are exactly identical


IMPORTANT WARNING: Sequences Anemia_collina and Anemia_nicaraguensis are exactly identical


IMPORTANT WARNING: Sequences Anemia_dentata and Anemia_rosulata are exactly identical


IMPORTANT WARNING: Sequences Anemia_elegans and Anemia_lanata are exactly identical


IMPORTANT WARNING: Sequences Anemia_herzogii and Anemia_lancea are exactly identical


IMPORTANT WARNING: Sequences Anemia_herzogii and Anemia_phyllitidis_var._phyllitidis are exactly identical


IMPORTANT WARNING: Sequences Anemia_herzogii and Anemia_repens are exactly identical


IMPORTANT WARNING: Sequences Anemia_herzogii and Anemia_underwoodiana are exactly identical


IMPORTANT WARNING: Sequences Anemia_herzogii and Anemia_wettsteinii are exactly identical


IMPORTANT WARNING: Sequences Anemia_hirsuta and Anemia_tenera are exactly identical


IMPORTANT WARNING: Sequences Anemia_hispida and Anemia_humilis are exactly identical


IMPORTANT WARNING: Sequences Anemia_hispida and Anemia_mynsseniana are exactly identical


IMPORTANT WARNING: Sequences Anemia_hispida and Anemia_oblongifolia are exactly identical


IMPORTANT WARNING: Sequences Anemia_hispida and Anemia_presliana are exactly identical


IMPORTANT WARNING: Sequences Anemia_hispida and Anemia_pubescens are exactly identical


IMPORTANT WARNING: Sequences Anemia_patens and Anemia_retroflexa are exactly identical


IMPORTANT WARNING: Sequences Anemia_radicans and Anemia_warmingii are exactly identical


IMPORTANT WARNING: Sequences Anemia_spicantoides and Anemia_villosa are exactly identical


IMPORTANT WARNING: Sequences Angiopteris_angustifolia and Angiopteris_evecta_KMG17 are exactly identical


IMPORTANT WARNING: Sequences Angiopteris_helferiana and Angiopteris_wangii are exactly identical


IMPORTANT WARNING: Sequences Angiopteris_hokouensis and Angiopteris_lygodiifolia are exactly identical


IMPORTANT WARNING: Sequences Anogramma_ascensionis and Pityrogramma_chaerophylla are exactly identical


IMPORTANT WARNING: Sequences Arachniodes_aristata and Arachniodes_aristata_JNG1099 are exactly identical


IMPORTANT WARNING: Sequences Arachniodes_aristata and Arachniodes_chinensis are exactly identical


IMPORTANT WARNING: Sequences Arachniodes_cantilenae and Arachniodes_hekiana are exactly identical


IMPORTANT WARNING: Sequences Arachniodes_cantilenae and Arachniodes_hiugana are exactly identical


IMPORTANT WARNING: Sequences Arachniodes_davalliiformis and Arachniodes_sporadosora are exactly identical


IMPORTANT WARNING: Sequences Arachniodes_fengii and Phanerophlebiopsis_bipinnata are exactly identical


IMPORTANT WARNING: Sequences Ascogrammitis_angustipes and Ascogrammitis_loxensis are exactly identical


IMPORTANT WARNING: Sequences Ascogrammitis_clathrata and Ascogrammitis_clavigera are exactly identical


IMPORTANT WARNING: Sequences Ascogrammitis_cuencana and Ascogrammitis_pichinchae are exactly identical


IMPORTANT WARNING: Sequences Asplenium_aethopicum_JNG1965_TAHITI and Asplenium_decompositum are exactly identical


IMPORTANT WARNING: Sequences Asplenium_anogrammoides and Asplenium_pekinense are exactly identical


IMPORTANT WARNING: Sequences Asplenium_aureum and Asplenium_lolegnamense are exactly identical


IMPORTANT WARNING: Sequences Asplenium_aureum and Asplenium_octoploideum are exactly identical


IMPORTANT WARNING: Sequences Asplenium_aureum and Asplenium_parvifolium are exactly identical


IMPORTANT WARNING: Sequences Asplenium_cordatum and Asplenium_phillipsianum are exactly identical


IMPORTANT WARNING: Sequences Asplenium_majus and Asplenium_praegracile are exactly identical


IMPORTANT WARNING: Sequences Athyrium_clivicola and Athyrium_kuratae are exactly identical


IMPORTANT WARNING: Sequences Athyrium_clivicola and Athyrium_setuligerum are exactly identical


IMPORTANT WARNING: Sequences Athyrium_clivicola and Athyrium_subrigescens are exactly identical


IMPORTANT WARNING: Sequences Athyrium_nyalamense and Athyrium_rhachidosorum are exactly identical


IMPORTANT WARNING: Sequences Athyrium_oblitescens and Athyrium_otophorum are exactly identical


IMPORTANT WARNING: Sequences Athyrium_supraspinescens and Athyrium_yui are exactly identical


IMPORTANT WARNING: Sequences Blechnum_appendiculatum and Blechnum_glandulosum are exactly identical


IMPORTANT WARNING: Sequences Blechnum_brackenridgei and Blechnum_dissectum are exactly identical


IMPORTANT WARNING: Sequences Blechnum_brackenridgei and Blechnum_doodianum are exactly identical


IMPORTANT WARNING: Sequences Blechnum_brackenridgei and Blechnum_lineare are exactly identical


IMPORTANT WARNING: Sequences Blechnum_brackenridgei and Blechnum_spinulosum are exactly identical


IMPORTANT WARNING: Sequences Blechnum_capense and Blechnum_howeanum are exactly identical


IMPORTANT WARNING: Sequences Blechnum_capense and Blechnum_minus are exactly identical


IMPORTANT WARNING: Sequences Blechnum_capense and Blechnum_novae_zelandiae are exactly identical


IMPORTANT WARNING: Sequences Blechnum_capense and Blechnum_pacificum_JNG556 are exactly identical


IMPORTANT WARNING: Sequences Blechnum_coriaceum and Blechnum_melanocaulon are exactly identical


IMPORTANT WARNING: Sequences Blechnum_medium and Blechnum_norfolkense are exactly identical


IMPORTANT WARNING: Sequences Botrychium_gallicomontanum and Botrychium_pallidum are exactly identical


IMPORTANT WARNING: Sequences Cheilanthes_viridis and Pellaea_flavescens are exactly identical


IMPORTANT WARNING: Sequences Christella_dentata_JNG640 and Cyclosorus_nanxinensis are exactly identical


IMPORTANT WARNING: Sequences Christella_molliuscula and Christella_procurrens are exactly identical


IMPORTANT WARNING: Sequences Colysis_longipes and Colysis_pothifolia are exactly identical


IMPORTANT WARNING: Sequences Crepidomanes_intricatum and Crepidomanes_schmidianum are exactly identical


IMPORTANT WARNING: Sequences Ctenitis_crinita and Ctenitis_humida are exactly identical


IMPORTANT WARNING: Sequences Ctenopteris_curtisii and Prosaptia_obliquata are exactly identical


IMPORTANT WARNING: Sequences Cyathea_concava and Cyathea_similis are exactly identical


IMPORTANT WARNING: Sequences Cystopteris_bulbifera and Cystopteris_utahensis are exactly identical


IMPORTANT WARNING: Sequences Cystopteris_fragilis and Cystopteris_laurentiana are exactly identical


IMPORTANT WARNING: Sequences Cystopteris_fragilis and Cystopteris_reevesiana are exactly identical


IMPORTANT WARNING: Sequences Cystopteris_fragilis and Cystopteris_tenuis are exactly identical


IMPORTANT WARNING: Sequences Danaea_bipinnata and Danaea_elliptica are exactly identical


IMPORTANT WARNING: Sequences Danaea_bipinnata and Danaea_geniculata are exactly identical


IMPORTANT WARNING: Sequences Danaea_carillensis and Danaea_crispa are exactly identical


IMPORTANT WARNING: Sequences Danaea_grandifolia and Danaea_longicaudata are exactly identical


IMPORTANT WARNING: Sequences Danaea_mazeana and Danaea_moritziana are exactly identical


IMPORTANT WARNING: Sequences Danaea_mazeana and Danaea_urbanii are exactly identical


IMPORTANT WARNING: Sequences Davallia_heterophylla and Humata_polypodioides are exactly identical


IMPORTANT WARNING: Sequences Davallia_pentaphylla and Davallia_pycnocarpa are exactly identical


IMPORTANT WARNING: Sequences Diellia_pallida and Diellia_unisora are exactly identical


IMPORTANT WARNING: Sequences Diplaziopsis_cavaleriana and Diplazium_cavalerianum are exactly identical


IMPORTANT WARNING: Sequences Diplazium_deciduum and Diplazium_fauriei are exactly identical


IMPORTANT WARNING: Sequences Diplazium_dilatatum and Diplazium_hayatamae are exactly identical


IMPORTANT WARNING: Sequences Diplazium_echinatum and Diplazium_spinulosum are exactly identical


IMPORTANT WARNING: Sequences Diplazium_matthewii and Diplazium_petelotii are exactly identical


IMPORTANT WARNING: Sequences Dryopteris_anadroma and Dryopteris_ryo_itoana are exactly identical


IMPORTANT WARNING: Sequences Dryopteris_atrata and Dryopteris_commixta are exactly identical


IMPORTANT WARNING: Sequences Dryopteris_atrata and Dryopteris_namegatae are exactly identical


IMPORTANT WARNING: Sequences Dryopteris_atrata and Dryopteris_uniformis are exactly identical


IMPORTANT WARNING: Sequences Dryopteris_caudipinna and Dryopteris_kinokuniensis are exactly identical


IMPORTANT WARNING: Sequences Dryopteris_caudipinna and Dryopteris_koidzumiana are exactly identical


IMPORTANT WARNING: Sequences Dryopteris_championii and Dryopteris_cystolepidota are exactly identical


IMPORTANT WARNING: Sequences Dryopteris_chinensis and Dryopteris_sacrosancta are exactly identical


IMPORTANT WARNING: Sequences Dryopteris_goeringiana and Dryopteris_stewartii are exactly identical


IMPORTANT WARNING: Sequences Dryopteris_munchii and Dryopteris_remota are exactly identical


IMPORTANT WARNING: Sequences Dryopteris_sabae and Dryopteris_yakusilvicola are exactly identical


IMPORTANT WARNING: Sequences Elaphoglossum_samoense and Elaphoglossum_samoense_JNG622 are exactly identical


IMPORTANT WARNING: Sequences Gaga_germanotta and Gaga_membranacea are exactly identical


IMPORTANT WARNING: Sequences Gleichenia_alpina and Gleichenia_dicarpa are exactly identical


IMPORTANT WARNING: Sequences Goniophlebium_formosanum and Polypodiodes_formosana are exactly identical


IMPORTANT WARNING: Sequences Humata_anderssonii_JNG638 and Humata_parvula are exactly identical


IMPORTANT WARNING: Sequences Humata_banksii and Humata_melanophlebia are exactly identical


IMPORTANT WARNING: Sequences Humata_banksii and Humata_pectinata_KMG54 are exactly identical


IMPORTANT WARNING: Sequences Hymenasplenium_mitanii and Hymenasplenium_murakami_hatanakae are exactly identical


IMPORTANT WARNING: Sequences Hypolepis_tenuifolia and Hypolepis_tenuifolia_JNG632 are exactly identical


IMPORTANT WARNING: Sequences Jamesonia_alstonii and Jamesonia_brasiliensis are exactly identical


IMPORTANT WARNING: Sequences Jamesonia_alstonii and Jamesonia_rotundifolia are exactly identical


IMPORTANT WARNING: Sequences Jamesonia_cheilanthoides and Jamesonia_elongata are exactly identical


IMPORTANT WARNING: Sequences Jamesonia_congesta and Jamesonia_warscewiczii are exactly identical


IMPORTANT WARNING: Sequences Lastreopsis_boivinii and Lastreopsis_pseudoperrieriana are exactly identical


IMPORTANT WARNING: Sequences Lastreopsis_glabella and Lastreopsis_smithiana are exactly identical


IMPORTANT WARNING: Sequences Lastreopsis_marginans and Lastreopsis_tenera are exactly identical


IMPORTANT WARNING: Sequences Lastreopsis_microsora and Lastreopsis_windsorensis are exactly identical


IMPORTANT WARNING: Sequences Lemmaphyllum_intermedium and Lemmaphyllum_microphyllum are exactly identical


IMPORTANT WARNING: Sequences Lepisorus_asterolepis and Lepisorus_marginatus are exactly identical


IMPORTANT WARNING: Sequences Lepisorus_bampsii and Lepisorus_excavatus are exactly identical


IMPORTANT WARNING: Sequences Lepisorus_bampsii and Lepisorus_morrisonensis are exactly identical


IMPORTANT WARNING: Sequences Leucostegia_pallida and Leucostegia_pallida_AB232389 are exactly identical


IMPORTANT WARNING: Sequences Lindsaea_cambodgensis and Lindsaea_kawabatae are exactly identical


IMPORTANT WARNING: Sequences Lindsaea_cambodgensis and Lindsaea_simulans are exactly identical


IMPORTANT WARNING: Sequences Lindsaea_rufa and Lindsaea_trichomanoides are exactly identical


IMPORTANT WARNING: Sequences Lycopodiella_cernua_KMG149 and Lycopodiella_cernua_THG73 are exactly identical


IMPORTANT WARNING: Sequences Macrothelypteris_torresiana and Macrothelypteris_torresiana_JNG644 are exactly identical


IMPORTANT WARNING: Sequences Marattia_laxa and Marattia_weinmanniifolia are exactly identical


IMPORTANT WARNING: Sequences Marsilea_aegyptiaca and Marsilea_botryocarpa are exactly identical


IMPORTANT WARNING: Sequences Marsilea_aegyptiaca and Marsilea_ephippiocarpa are exactly identical


IMPORTANT WARNING: Sequences Marsilea_aegyptiaca and Marsilea_farinosa are exactly identical


IMPORTANT WARNING: Sequences Marsilea_azorica and Marsilea_costulifera are exactly identical


IMPORTANT WARNING: Sequences Marsilea_azorica and Marsilea_exarata are exactly identical


IMPORTANT WARNING: Sequences Marsilea_azorica and Marsilea_hirsuta are exactly identical


IMPORTANT WARNING: Sequences Marsilea_capensis and Marsilea_coromandelina are exactly identical


IMPORTANT WARNING: Sequences Marsilea_capensis and Marsilea_crenulata are exactly identical


IMPORTANT WARNING: Sequences Marsilea_capensis and Marsilea_gibba are exactly identical


IMPORTANT WARNING: Sequences Marsilea_crotophora and Marsilea_deflexa are exactly identical


IMPORTANT WARNING: Sequences Marsilea_drummondii and Marsilea_nashii are exactly identical


IMPORTANT WARNING: Sequences Marsilea_drummondii and Marsilea_uncinata are exactly identical


IMPORTANT WARNING: Sequences Marsilea_mucronata and Marsilea_villosa are exactly identical


IMPORTANT WARNING: Sequences Marsilea_schelpeana and Marsilea_vera are exactly identical


IMPORTANT WARNING: Sequences Marsilea_schelpeana and Marsilea_villifolia are exactly identical


IMPORTANT WARNING: Sequences Marsilea_tenuifolia and Marsilea_vestita are exactly identical


IMPORTANT WARNING: Sequences Megalastrum_connexum and Megalastrum_retrorsum are exactly identical


IMPORTANT WARNING: Sequences Megalastrum_lanatum and Megalastrum_oppositum are exactly identical


IMPORTANT WARNING: Sequences Melpomene_firma and Melpomene_occidentalis are exactly identical


IMPORTANT WARNING: Sequences Melpomene_paradoxa and Melpomene_peruviana are exactly identical


IMPORTANT WARNING: Sequences Melpomene_vulcanica and Melpomene_wolfii are exactly identical


IMPORTANT WARNING: Sequences Metathelypteris_flaccida and Metathelypteris_glandulifera are exactly identical


IMPORTANT WARNING: Sequences Mickelia_nicotianifolia and Mickelia_pergamentacea are exactly identical


IMPORTANT WARNING: Sequences Microlepia_izu_peninsulae and Microlepia_obtusiloba are exactly identical


IMPORTANT WARNING: Sequences Microlepia_izu_peninsulae and Microlepia_pseudostrigosa are exactly identical


IMPORTANT WARNING: Sequences Microlepia_izu_peninsulae and Microlepia_substrigosa are exactly identical


IMPORTANT WARNING: Sequences Microsorum_grossum_THG136 and Microsorum_xmaximum_THG144 are exactly identical


IMPORTANT WARNING: Sequences Moranopteris_grisebachii and Moranopteris_nana are exactly identical


IMPORTANT WARNING: Sequences Moranopteris_grisebachii and Moranopteris_perpusilla are exactly identical


IMPORTANT WARNING: Sequences Mycopteris_attenuatissima and Mycopteris_leucosticta are exactly identical


IMPORTANT WARNING: Sequences Mycopteris_attenuatissima and Mycopteris_longicaulis are exactly identical


IMPORTANT WARNING: Sequences Myriopteris_chipinquensis and Myriopteris_tomentosa are exactly identical


IMPORTANT WARNING: Sequences Myriopteris_gracillima and Myriopteris_intertexta are exactly identical


IMPORTANT WARNING: Sequences Myriopteris_lendigera and Myriopteris_mexicana are exactly identical


IMPORTANT WARNING: Sequences Neolepisorus_fortunei and Polypodium_maculosum are exactly identical


IMPORTANT WARNING: Sequences Nephrolepis_biserrata_JNG628 and Nephrolepis_hirsutula are exactly identical


IMPORTANT WARNING: Sequences Nephrolepis_cordifolia and Nephrolepis_multiflora are exactly identical


IMPORTANT WARNING: Sequences Nephrolepis_hirsutula_KMG2 and Nephrolepis_obliterata are exactly identical


IMPORTANT WARNING: Sequences Osmunda_japonica and Osmunda_lancea are exactly identical


IMPORTANT WARNING: Sequences Parathelypteris_glanduligera and Thelypteris_nipponica are exactly identical


IMPORTANT WARNING: Sequences Pecluma_alfredii and Pecluma_ptilodon are exactly identical


IMPORTANT WARNING: Sequences Pellaea_crenata and Pellaea_gleichenioides are exactly identical


IMPORTANT WARNING: Sequences Pellaea_crenata and Pellaea_riedelii are exactly identical


IMPORTANT WARNING: Sequences Phymatopteris_conjuncta and Phymatopteris_tibetana are exactly identical


IMPORTANT WARNING: Sequences Phymatopteris_oxyloba and Phymatopteris_suboxyloba are exactly identical


IMPORTANT WARNING: Sequences Pilularia_novae_hollandiae and Pilularia_novae_zelandiae are exactly identical


IMPORTANT WARNING: Sequences Platygyria_soulieana and Platygyria_waltonii are exactly identical


IMPORTANT WARNING: Sequences Pleocnemia_cumingiana and Pleocnemia_leuzeana are exactly identical


IMPORTANT WARNING: Sequences Pleopeltis_conzattii and Pleopeltis_mexicana are exactly identical


IMPORTANT WARNING: Sequences Pleopeltis_conzattii and Pleopeltis_polylepis are exactly identical


IMPORTANT WARNING: Sequences Pleopeltis_pycnocarpa and Polypodium_monosorum are exactly identical


IMPORTANT WARNING: Sequences Polyphlebium_borbonicum and Polyphlebium_borbonicum_JNG8 are exactly identical


IMPORTANT WARNING: Sequences Polypodium_amamianum and Polypodium_niponicum are exactly identical


IMPORTANT WARNING: Sequences Polypodium_amorphum and Polypodium_sibiricum are exactly identical


IMPORTANT WARNING: Sequences Polypodium_amorphum and Polypodium_virginianum are exactly identical


IMPORTANT WARNING: Sequences Polypodium_collinsii and Polypodium_pyrrholepis are exactly identical


IMPORTANT WARNING: Sequences Polypodium_collinsii and Polypodium_sanctae_rosae are exactly identical


IMPORTANT WARNING: Sequences Polypodium_guttatum and Polypodium_madrense are exactly identical


IMPORTANT WARNING: Sequences Polypodium_guttatum and Polypodium_montigenum are exactly identical


IMPORTANT WARNING: Sequences Polystichum_basipinnatum and Polystichum_conjunctum are exactly identical


IMPORTANT WARNING: Sequences Polystichum_basipinnatum and Polystichum_lepidocaulon are exactly identical


IMPORTANT WARNING: Sequences Polystichum_concinnum and Polystichum_turrialbae are exactly identical


IMPORTANT WARNING: Sequences Pronephrium_gymnopteridifrons and Thelypteris_affinis are exactly identical


IMPORTANT WARNING: Sequences Prosaptia_contigua_JNG633 and Prosaptia_subnuda_JNG563 are exactly identical


IMPORTANT WARNING: Sequences Pseudophegopteris_pyrrhorachis and Pseudophegopteris_tibetana are exactly identical


IMPORTANT WARNING: Sequences Pteris_actiniopteroides and Pteris_angustipinna are exactly identical


IMPORTANT WARNING: Sequences Pteris_actiniopteroides and Pteris_gallinopes are exactly identical


IMPORTANT WARNING: Sequences Pteris_actiniopteroides and Pteris_henryi are exactly identical


IMPORTANT WARNING: Sequences Pteris_actiniopteroides and Pteris_yamatensis are exactly identical


IMPORTANT WARNING: Sequences Pteris_argyraea and Pteris_confusa are exactly identical


IMPORTANT WARNING: Sequences Pteris_argyraea and Pteris_perrottetii are exactly identical


IMPORTANT WARNING: Sequences Pteris_arisanensis and Pteris_laurisilvicola are exactly identical


IMPORTANT WARNING: Sequences Pteris_arisanensis and Pteris_natiensis are exactly identical


IMPORTANT WARNING: Sequences Pteris_arisanensis and Pteris_porphyrophlebia are exactly identical


IMPORTANT WARNING: Sequences Pteris_arisanensis and Pteris_wulaiensis are exactly identical


IMPORTANT WARNING: Sequences Pteris_brasiliensis and Pteris_splendens are exactly identical


IMPORTANT WARNING: Sequences Pteris_cadieri and Pteris_grevilleana are exactly identical


IMPORTANT WARNING: Sequences Pteris_elongatiloba and Pteris_laurea are exactly identical


IMPORTANT WARNING: Sequences Pteris_heteromorpha and Pteris_insignis are exactly identical


IMPORTANT WARNING: Sequences Pteris_heteromorpha and Pteris_pellucida are exactly identical


IMPORTANT WARNING: Sequences Pteris_heteromorpha and Pteris_venusta are exactly identical


IMPORTANT WARNING: Sequences Pteris_himalayensis and Pteris_kathmanduensis are exactly identical


IMPORTANT WARNING: Sequences Pteris_himalayensis and Pteris_medogensis are exactly identical


IMPORTANT WARNING: Sequences Pteris_himalayensis and Pteris_satsumana are exactly identical


IMPORTANT WARNING: Sequences Pteris_himalayensis and Pteris_spinescens are exactly identical


IMPORTANT WARNING: Sequences Pteris_kidoi and Pteris_multifida are exactly identical


IMPORTANT WARNING: Sequences Pteris_kingiana and Pteris_tremula are exactly identical


IMPORTANT WARNING: Sequences Pteris_nipponica and Pteris_ryukyuensis are exactly identical


IMPORTANT WARNING: Sequences Pteris_nipponica and Pteris_umbrosa are exactly identical


IMPORTANT WARNING: Sequences Pteris_normalis and Pteris_scabripes are exactly identical


IMPORTANT WARNING: Sequences Pteris_normalis and Pteris_scabririgens are exactly identical


IMPORTANT WARNING: Sequences Pteris_ottaria and Pteris_praetermissa are exactly identical


IMPORTANT WARNING: Sequences Pteris_puberula and Pteris_subquinata are exactly identical


IMPORTANT WARNING: Sequences Pyrrosia_lingua and Pyrrosia_piloselloides are exactly identical


IMPORTANT WARNING: Sequences Selaginella_banksii_KMG150 and Selaginella_banksii_KMG70 are exactly identical


IMPORTANT WARNING: Sequences Selaginella_banksii_KMG150 and Selaginella_sp_JNG2467_RAIATEA are exactly identical


IMPORTANT WARNING: Sequences Selliguea_plantaginea and Selliguea_plantaginea_JNG648 are exactly identical


IMPORTANT WARNING: Sequences Sorolepidium_glaciale and Sorolepidium_ovale are exactly identical


IMPORTANT WARNING: Sequences Tectaria_fauriei and Tectaria_vasta are exactly identical


IMPORTANT WARNING: Sequences Tectaria_gemmifera and Tectaria_paradoxa are exactly identical


IMPORTANT WARNING: Sequences Teratophyllum_wilkesianum and Teratophyllum_wilkesianum_KMG3 are exactly identical


IMPORTANT WARNING: Sequences Tmesipteris_elongata and Tmesipteris_tannensis are exactly identical


IMPORTANT WARNING: Sequences Trichomanes_crispum and Trichomanes_egleri are exactly identical


IMPORTANT WARNING: Sequences Trichomanes_crispum and Trichomanes_pilosum are exactly identical


IMPORTANT WARNING: Sequences Trichomanes_crispum and Trichomanes_robustum are exactly identical


IMPORTANT WARNING: Sequences Tryonia_areniticola and Tryonia_myriophylla are exactly identical


IMPORTANT WARNING: Sequences Wibelia_denticulata and Wibelia_denticulata_JNG631 are exactly identical


IMPORTANT WARNING: Sequences Woodsia_intermedia and Woodsia_subcordata are exactly identical


IMPORTANT WARNING: Sequences Woodwardia_auriculata and Woodwardia_japonica are exactly identical

IMPORTANT WARNING
Found 252 sequences that are exactly identical to other sequences in the alignment.
Normally they should be excluded from the analysis.

Just in case you might need it, an alignment file with 
sequence duplicates removed is printed to file /n/home04/jnitta/Analysis/moorea/data/rbcL_broad.phy.reduced


Using BFGS method to optimize GTR rate parameters, to disable this specify "--no-bfgs" 


This is the RAxML Master Pthread

This is RAxML Worker Pthread Number: 1

This is RAxML Worker Pthread Number: 2

This is RAxML Worker Pthread Number: 3

This is RAxML Worker Pthread Number: 4

This is RAxML Worker Pthread Number: 5

This is RAxML Worker Pthread Number: 6

This is RAxML Worker Pthread Number: 7

This is RAxML Worker Pthread Number: 8

This is RAxML Worker Pthread Number: 10

This is RAxML Worker Pthread Number: 9

This is RAxML Worker Pthread Number: 11

This is RAxML Worker Pthread Number: 13

This is RAxML Worker Pthread Number: 12

This is RAxML Worker Pthread Number: 14

This is RAxML Worker Pthread Number: 15


This is RAxML version 8.1.15 released by Alexandros Stamatakis on December 25 2014.

With greatly appreciated code contributions by:
Andre Aberer      (HITS)
Simon Berger      (HITS)
Alexey Kozlov     (HITS)
Kassian Kobert    (HITS)
David Dao         (KIT and HITS)
Nick Pattengale   (Sandia)
Wayne Pfeiffer    (SDSC)
Akifumi S. Tanabe (NRIFS)

Alignment has 1185 distinct alignment patterns

Proportion of gaps and completely undetermined characters in this alignment: 2.67%

RAxML rapid hill-climbing mode

Using 1 distinct models/data partitions with joint branch length optimization


Executing 20 inferences on the original alignment using 20 distinct randomized MP trees

All free model parameters will be estimated by RAxML
GAMMA model of rate heteorgeneity, ML estimate of alpha-parameter

GAMMA Model parameters will be estimated up to an accuracy of 0.1000000000 Log Likelihood units

Partition: 0
Alignment Patterns: 1185
Name: No Name Provided
DataType: DNA
Substitution Matrix: GTR




RAxML was called as follows:

raxmlHPC-PTHREADS -T 16 -m GTRGAMMA -p 12345 -#20 -s /n/home04/jnitta/Analysis/moorea/data/rbcL_broad.phy -n rbcL_broad_20ML 


Partition: 0 with name: No Name Provided
Base frequencies: 0.266 0.218 0.250 0.267 

Inference[0]: Time 4952.954934 GAMMA-based likelihood -176631.650259, best rearrangement setting 15
Inference[1]: Time 4693.060399 GAMMA-based likelihood -176657.154775, best rearrangement setting 15
Inference[2]: Time 4160.010435 GAMMA-based likelihood -176666.708190, best rearrangement setting 15
Inference[3]: Time 4691.920376 GAMMA-based likelihood -176661.823122, best rearrangement setting 15
Inference[4]: Time 7330.194591 GAMMA-based likelihood -176651.462385, best rearrangement setting 20
Inference[5]: Time 6468.880605 GAMMA-based likelihood -176641.111650, best rearrangement setting 15
Inference[6]: Time 4750.948057 GAMMA-based likelihood -176671.709068, best rearrangement setting 15
Inference[7]: Time 5494.233283 GAMMA-based likelihood -176647.390283, best rearrangement setting 10
Inference[8]: Time 4423.686040 GAMMA-based likelihood -176686.957844, best rearrangement setting 15
Inference[9]: Time 4293.274889 GAMMA-based likelihood -176665.731606, best rearrangement setting 15
Inference[10]: Time 6574.657028 GAMMA-based likelihood -176635.299147, best rearrangement setting 15
Inference[11]: Time 7373.075285 GAMMA-based likelihood -176659.767648, best rearrangement setting 15
Inference[12]: Time 7933.864664 GAMMA-based likelihood -176638.576391, best rearrangement setting 20
Inference[13]: Time 6365.172811 GAMMA-based likelihood -176654.518005, best rearrangement setting 15
Inference[14]: Time 6847.228064 GAMMA-based likelihood -176631.110319, best rearrangement setting 15
Inference[15]: Time 5952.928293 GAMMA-based likelihood -176662.661964, best rearrangement setting 15
Inference[16]: Time 5916.230188 GAMMA-based likelihood -176649.087202, best rearrangement setting 15
Inference[17]: Time 8190.715886 GAMMA-based likelihood -176657.809805, best rearrangement setting 10
Inference[18]: Time 5162.933894 GAMMA-based likelihood -176678.401014, best rearrangement setting 15
Inference[19]: Time 5107.409939 GAMMA-based likelihood -176623.425461, best rearrangement setting 15


Conducting final model optimizations on all 20 trees under GAMMA-based models ....

Inference[0] final GAMMA-based Likelihood: -176630.622156 tree written to file /n/home04/jnitta/Analysis/moorea/bin/2015-08-30/RAxML_result.rbcL_broad_20ML.RUN.0
Inference[1] final GAMMA-based Likelihood: -176654.633230 tree written to file /n/home04/jnitta/Analysis/moorea/bin/2015-08-30/RAxML_result.rbcL_broad_20ML.RUN.1
Inference[2] final GAMMA-based Likelihood: -176664.785633 tree written to file /n/home04/jnitta/Analysis/moorea/bin/2015-08-30/RAxML_result.rbcL_broad_20ML.RUN.2
Inference[3] final GAMMA-based Likelihood: -176659.094380 tree written to file /n/home04/jnitta/Analysis/moorea/bin/2015-08-30/RAxML_result.rbcL_broad_20ML.RUN.3
Inference[4] final GAMMA-based Likelihood: -176649.326865 tree written to file /n/home04/jnitta/Analysis/moorea/bin/2015-08-30/RAxML_result.rbcL_broad_20ML.RUN.4
Inference[5] final GAMMA-based Likelihood: -176639.268089 tree written to file /n/home04/jnitta/Analysis/moorea/bin/2015-08-30/RAxML_result.rbcL_broad_20ML.RUN.5
Inference[6] final GAMMA-based Likelihood: -176669.391910 tree written to file /n/home04/jnitta/Analysis/moorea/bin/2015-08-30/RAxML_result.rbcL_broad_20ML.RUN.6
Inference[7] final GAMMA-based Likelihood: -176647.438300 tree written to file /n/home04/jnitta/Analysis/moorea/bin/2015-08-30/RAxML_result.rbcL_broad_20ML.RUN.7
Inference[8] final GAMMA-based Likelihood: -176684.524434 tree written to file /n/home04/jnitta/Analysis/moorea/bin/2015-08-30/RAxML_result.rbcL_broad_20ML.RUN.8
Inference[9] final GAMMA-based Likelihood: -176662.517641 tree written to file /n/home04/jnitta/Analysis/moorea/bin/2015-08-30/RAxML_result.rbcL_broad_20ML.RUN.9
Inference[10] final GAMMA-based Likelihood: -176634.471929 tree written to file /n/home04/jnitta/Analysis/moorea/bin/2015-08-30/RAxML_result.rbcL_broad_20ML.RUN.10
Inference[11] final GAMMA-based Likelihood: -176657.225905 tree written to file /n/home04/jnitta/Analysis/moorea/bin/2015-08-30/RAxML_result.rbcL_broad_20ML.RUN.11
Inference[12] final GAMMA-based Likelihood: -176636.989200 tree written to file /n/home04/jnitta/Analysis/moorea/bin/2015-08-30/RAxML_result.rbcL_broad_20ML.RUN.12
Inference[13] final GAMMA-based Likelihood: -176652.394578 tree written to file /n/home04/jnitta/Analysis/moorea/bin/2015-08-30/RAxML_result.rbcL_broad_20ML.RUN.13
Inference[14] final GAMMA-based Likelihood: -176629.810017 tree written to file /n/home04/jnitta/Analysis/moorea/bin/2015-08-30/RAxML_result.rbcL_broad_20ML.RUN.14
Inference[15] final GAMMA-based Likelihood: -176662.525614 tree written to file /n/home04/jnitta/Analysis/moorea/bin/2015-08-30/RAxML_result.rbcL_broad_20ML.RUN.15
Inference[16] final GAMMA-based Likelihood: -176646.767813 tree written to file /n/home04/jnitta/Analysis/moorea/bin/2015-08-30/RAxML_result.rbcL_broad_20ML.RUN.16
Inference[17] final GAMMA-based Likelihood: -176661.089012 tree written to file /n/home04/jnitta/Analysis/moorea/bin/2015-08-30/RAxML_result.rbcL_broad_20ML.RUN.17
Inference[18] final GAMMA-based Likelihood: -176680.038364 tree written to file /n/home04/jnitta/Analysis/moorea/bin/2015-08-30/RAxML_result.rbcL_broad_20ML.RUN.18
Inference[19] final GAMMA-based Likelihood: -176619.976032 tree written to file /n/home04/jnitta/Analysis/moorea/bin/2015-08-30/RAxML_result.rbcL_broad_20ML.RUN.19


Starting final GAMMA-based thorough Optimization on tree 19 likelihood -176619.976032 .... 

Final GAMMA-based Score of best tree -176618.766807

Program execution info written to /n/home04/jnitta/Analysis/moorea/bin/2015-08-30/RAxML_info.rbcL_broad_20ML
Best-scoring ML tree written to: /n/home04/jnitta/Analysis/moorea/bin/2015-08-30/RAxML_bestTree.rbcL_broad_20ML

Overall execution time: 118618.314889 secs or 32.949532 hours or 1.372897 days



IMPORTANT WARNING: Sequences Abrodictyum_asae_grayi and Abrodictyum_strictum are exactly identical


IMPORTANT WARNING: Sequences Abrodictyum_caudatum and Abrodictyum_caudatum_JNG45 are exactly identical


IMPORTANT WARNING: Sequences Acrophorus_emeiensis and Acrophorus_exstipellatus are exactly identical


IMPORTANT WARNING: Sequences Acrophorus_stipellatus and Dryopteris_squamifera are exactly identical


IMPORTANT WARNING: Sequences Adiantopsis_parvisegmenta and Adiantopsis_vincentii are exactly identical


IMPORTANT WARNING: Sequences Adiantopsis_pedata and Adiantopsis_reesii are exactly identical


IMPORTANT WARNING: Sequences Adiantum_aleuticum and Adiantum_viridimontanum are exactly identical


IMPORTANT WARNING: Sequences Adiantum_chienii and Adiantum_juxtapositum are exactly identical


IMPORTANT WARNING: Sequences Adiantum_fulvum and Adiantum_viridescens are exactly identical


IMPORTANT WARNING: Sequences Adiantum_obliquum and Adiantum_terminatum are exactly identical


IMPORTANT WARNING: Sequences Adiantum_pedatum and Lygodium_palmatum are exactly identical


IMPORTANT WARNING: Sequences Aglaomorpha_cornucopia and Aglaomorpha_novoguineensis are exactly identical


IMPORTANT WARNING: Sequences Aglaomorpha_hieronymi and Aglaomorpha_parkinsonii are exactly identical


IMPORTANT WARNING: Sequences Alsophila_acutula and Cyathea_approximata are exactly identical


IMPORTANT WARNING: Sequences Alsophila_acutula and Cyathea_ligulata are exactly identical


IMPORTANT WARNING: Sequences Anemia_affinis and Anemia_jaliscana are exactly identical


IMPORTANT WARNING: Sequences Anemia_affinis and Anemia_multiplex are exactly identical


IMPORTANT WARNING: Sequences Anemia_andersonii and Anemia_sertaneja are exactly identical


IMPORTANT WARNING: Sequences Anemia_australis and Anemia_flexuosa are exactly identical


IMPORTANT WARNING: Sequences Anemia_buniifolia and Anemia_elaphoglossoides are exactly identical


IMPORTANT WARNING: Sequences Anemia_buniifolia and Anemia_marginata are exactly identical


IMPORTANT WARNING: Sequences Anemia_buniifolia and Anemia_pyrenaea are exactly identical


IMPORTANT WARNING: Sequences Anemia_cicutaria and Anemia_wrightii are exactly identical


IMPORTANT WARNING: Sequences Anemia_collina and Anemia_nicaraguensis are exactly identical


IMPORTANT WARNING: Sequences Anemia_dentata and Anemia_rosulata are exactly identical


IMPORTANT WARNING: Sequences Anemia_elegans and Anemia_lanata are exactly identical


IMPORTANT WARNING: Sequences Anemia_herzogii and Anemia_lancea are exactly identical


IMPORTANT WARNING: Sequences Anemia_herzogii and Anemia_phyllitidis_var._phyllitidis are exactly identical


IMPORTANT WARNING: Sequences Anemia_herzogii and Anemia_repens are exactly identical


IMPORTANT WARNING: Sequences Anemia_herzogii and Anemia_underwoodiana are exactly identical


IMPORTANT WARNING: Sequences Anemia_herzogii and Anemia_wettsteinii are exactly identical


IMPORTANT WARNING: Sequences Anemia_hirsuta and Anemia_tenera are exactly identical


IMPORTANT WARNING: Sequences Anemia_hispida and Anemia_humilis are exactly identical


IMPORTANT WARNING: Sequences Anemia_hispida and Anemia_mynsseniana are exactly identical


IMPORTANT WARNING: Sequences Anemia_hispida and Anemia_oblongifolia are exactly identical


IMPORTANT WARNING: Sequences Anemia_hispida and Anemia_presliana are exactly identical


IMPORTANT WARNING: Sequences Anemia_hispida and Anemia_pubescens are exactly identical


IMPORTANT WARNING: Sequences Anemia_patens and Anemia_retroflexa are exactly identical


IMPORTANT WARNING: Sequences Anemia_radicans and Anemia_warmingii are exactly identical


IMPORTANT WARNING: Sequences Anemia_spicantoides and Anemia_villosa are exactly identical


IMPORTANT WARNING: Sequences Angiopteris_angustifolia and Angiopteris_evecta_KMG17 are exactly identical


IMPORTANT WARNING: Sequences Angiopteris_helferiana and Angiopteris_wangii are exactly identical


IMPORTANT WARNING: Sequences Angiopteris_hokouensis and Angiopteris_lygodiifolia are exactly identical


IMPORTANT WARNING: Sequences Anogramma_ascensionis and Pityrogramma_chaerophylla are exactly identical


IMPORTANT WARNING: Sequences Arachniodes_aristata and Arachniodes_aristata_JNG1099 are exactly identical


IMPORTANT WARNING: Sequences Arachniodes_aristata and Arachniodes_chinensis are exactly identical


IMPORTANT WARNING: Sequences Arachniodes_cantilenae and Arachniodes_hekiana are exactly identical


IMPORTANT WARNING: Sequences Arachniodes_cantilenae and Arachniodes_hiugana are exactly identical


IMPORTANT WARNING: Sequences Arachniodes_davalliiformis and Arachniodes_sporadosora are exactly identical


IMPORTANT WARNING: Sequences Arachniodes_fengii and Phanerophlebiopsis_bipinnata are exactly identical


IMPORTANT WARNING: Sequences Ascogrammitis_angustipes and Ascogrammitis_loxensis are exactly identical


IMPORTANT WARNING: Sequences Ascogrammitis_clathrata and Ascogrammitis_clavigera are exactly identical


IMPORTANT WARNING: Sequences Ascogrammitis_cuencana and Ascogrammitis_pichinchae are exactly identical


IMPORTANT WARNING: Sequences Asplenium_aethopicum_JNG1965_TAHITI and Asplenium_decompositum are exactly identical


IMPORTANT WARNING: Sequences Asplenium_anogrammoides and Asplenium_pekinense are exactly identical


IMPORTANT WARNING: Sequences Asplenium_aureum and Asplenium_lolegnamense are exactly identical


IMPORTANT WARNING: Sequences Asplenium_aureum and Asplenium_octoploideum are exactly identical


IMPORTANT WARNING: Sequences Asplenium_aureum and Asplenium_parvifolium are exactly identical


IMPORTANT WARNING: Sequences Asplenium_cordatum and Asplenium_phillipsianum are exactly identical


IMPORTANT WARNING: Sequences Asplenium_majus and Asplenium_praegracile are exactly identical


IMPORTANT WARNING: Sequences Athyrium_clivicola and Athyrium_kuratae are exactly identical


IMPORTANT WARNING: Sequences Athyrium_clivicola and Athyrium_setuligerum are exactly identical


IMPORTANT WARNING: Sequences Athyrium_clivicola and Athyrium_subrigescens are exactly identical


IMPORTANT WARNING: Sequences Athyrium_nyalamense and Athyrium_rhachidosorum are exactly identical


IMPORTANT WARNING: Sequences Athyrium_oblitescens and Athyrium_otophorum are exactly identical


IMPORTANT WARNING: Sequences Athyrium_supraspinescens and Athyrium_yui are exactly identical


IMPORTANT WARNING: Sequences Blechnum_appendiculatum and Blechnum_glandulosum are exactly identical


IMPORTANT WARNING: Sequences Blechnum_brackenridgei and Blechnum_dissectum are exactly identical


IMPORTANT WARNING: Sequences Blechnum_brackenridgei and Blechnum_doodianum are exactly identical


IMPORTANT WARNING: Sequences Blechnum_brackenridgei and Blechnum_lineare are exactly identical


IMPORTANT WARNING: Sequences Blechnum_brackenridgei and Blechnum_spinulosum are exactly identical


IMPORTANT WARNING: Sequences Blechnum_capense and Blechnum_howeanum are exactly identical


IMPORTANT WARNING: Sequences Blechnum_capense and Blechnum_minus are exactly identical


IMPORTANT WARNING: Sequences Blechnum_capense and Blechnum_novae_zelandiae are exactly identical


IMPORTANT WARNING: Sequences Blechnum_capense and Blechnum_pacificum_JNG556 are exactly identical


IMPORTANT WARNING: Sequences Blechnum_coriaceum and Blechnum_melanocaulon are exactly identical


IMPORTANT WARNING: Sequences Blechnum_medium and Blechnum_norfolkense are exactly identical


IMPORTANT WARNING: Sequences Botrychium_gallicomontanum and Botrychium_pallidum are exactly identical


IMPORTANT WARNING: Sequences Cheilanthes_viridis and Pellaea_flavescens are exactly identical


IMPORTANT WARNING: Sequences Christella_dentata_JNG640 and Cyclosorus_nanxinensis are exactly identical


IMPORTANT WARNING: Sequences Christella_molliuscula and Christella_procurrens are exactly identical


IMPORTANT WARNING: Sequences Colysis_longipes and Colysis_pothifolia are exactly identical


IMPORTANT WARNING: Sequences Crepidomanes_intricatum and Crepidomanes_schmidianum are exactly identical


IMPORTANT WARNING: Sequences Ctenitis_crinita and Ctenitis_humida are exactly identical


IMPORTANT WARNING: Sequences Ctenopteris_curtisii and Prosaptia_obliquata are exactly identical


IMPORTANT WARNING: Sequences Cyathea_concava and Cyathea_similis are exactly identical


IMPORTANT WARNING: Sequences Cystopteris_bulbifera and Cystopteris_utahensis are exactly identical


IMPORTANT WARNING: Sequences Cystopteris_fragilis and Cystopteris_laurentiana are exactly identical


IMPORTANT WARNING: Sequences Cystopteris_fragilis and Cystopteris_reevesiana are exactly identical


IMPORTANT WARNING: Sequences Cystopteris_fragilis and Cystopteris_tenuis are exactly identical


IMPORTANT WARNING: Sequences Danaea_bipinnata and Danaea_elliptica are exactly identical


IMPORTANT WARNING: Sequences Danaea_bipinnata and Danaea_geniculata are exactly identical


IMPORTANT WARNING: Sequences Danaea_carillensis and Danaea_crispa are exactly identical


IMPORTANT WARNING: Sequences Danaea_grandifolia and Danaea_longicaudata are exactly identical


IMPORTANT WARNING: Sequences Danaea_mazeana and Danaea_moritziana are exactly identical


IMPORTANT WARNING: Sequences Danaea_mazeana and Danaea_urbanii are exactly identical


IMPORTANT WARNING: Sequences Davallia_heterophylla and Humata_polypodioides are exactly identical


IMPORTANT WARNING: Sequences Davallia_pentaphylla and Davallia_pycnocarpa are exactly identical


IMPORTANT WARNING: Sequences Diellia_pallida and Diellia_unisora are exactly identical


IMPORTANT WARNING: Sequences Diplaziopsis_cavaleriana and Diplazium_cavalerianum are exactly identical


IMPORTANT WARNING: Sequences Diplazium_deciduum and Diplazium_fauriei are exactly identical


IMPORTANT WARNING: Sequences Diplazium_dilatatum and Diplazium_hayatamae are exactly identical


IMPORTANT WARNING: Sequences Diplazium_echinatum and Diplazium_spinulosum are exactly identical


IMPORTANT WARNING: Sequences Diplazium_matthewii and Diplazium_petelotii are exactly identical


IMPORTANT WARNING: Sequences Dryopteris_anadroma and Dryopteris_ryo_itoana are exactly identical


IMPORTANT WARNING: Sequences Dryopteris_atrata and Dryopteris_commixta are exactly identical


IMPORTANT WARNING: Sequences Dryopteris_atrata and Dryopteris_namegatae are exactly identical


IMPORTANT WARNING: Sequences Dryopteris_atrata and Dryopteris_uniformis are exactly identical


IMPORTANT WARNING: Sequences Dryopteris_caudipinna and Dryopteris_kinokuniensis are exactly identical


IMPORTANT WARNING: Sequences Dryopteris_caudipinna and Dryopteris_koidzumiana are exactly identical


IMPORTANT WARNING: Sequences Dryopteris_championii and Dryopteris_cystolepidota are exactly identical


IMPORTANT WARNING: Sequences Dryopteris_chinensis and Dryopteris_sacrosancta are exactly identical


IMPORTANT WARNING: Sequences Dryopteris_goeringiana and Dryopteris_stewartii are exactly identical


IMPORTANT WARNING: Sequences Dryopteris_munchii and Dryopteris_remota are exactly identical


IMPORTANT WARNING: Sequences Dryopteris_sabae and Dryopteris_yakusilvicola are exactly identical


IMPORTANT WARNING: Sequences Elaphoglossum_samoense and Elaphoglossum_samoense_JNG622 are exactly identical


IMPORTANT WARNING: Sequences Gaga_germanotta and Gaga_membranacea are exactly identical


IMPORTANT WARNING: Sequences Gleichenia_alpina and Gleichenia_dicarpa are exactly identical


IMPORTANT WARNING: Sequences Goniophlebium_formosanum and Polypodiodes_formosana are exactly identical


IMPORTANT WARNING: Sequences Humata_anderssonii_JNG638 and Humata_parvula are exactly identical


IMPORTANT WARNING: Sequences Humata_banksii and Humata_melanophlebia are exactly identical


IMPORTANT WARNING: Sequences Humata_banksii and Humata_pectinata_KMG54 are exactly identical


IMPORTANT WARNING: Sequences Hymenasplenium_mitanii and Hymenasplenium_murakami_hatanakae are exactly identical


IMPORTANT WARNING: Sequences Hypolepis_tenuifolia and Hypolepis_tenuifolia_JNG632 are exactly identical


IMPORTANT WARNING: Sequences Jamesonia_alstonii and Jamesonia_brasiliensis are exactly identical


IMPORTANT WARNING: Sequences Jamesonia_alstonii and Jamesonia_rotundifolia are exactly identical


IMPORTANT WARNING: Sequences Jamesonia_cheilanthoides and Jamesonia_elongata are exactly identical


IMPORTANT WARNING: Sequences Jamesonia_congesta and Jamesonia_warscewiczii are exactly identical


IMPORTANT WARNING: Sequences Lastreopsis_boivinii and Lastreopsis_pseudoperrieriana are exactly identical


IMPORTANT WARNING: Sequences Lastreopsis_glabella and Lastreopsis_smithiana are exactly identical


IMPORTANT WARNING: Sequences Lastreopsis_marginans and Lastreopsis_tenera are exactly identical


IMPORTANT WARNING: Sequences Lastreopsis_microsora and Lastreopsis_windsorensis are exactly identical


IMPORTANT WARNING: Sequences Lemmaphyllum_intermedium and Lemmaphyllum_microphyllum are exactly identical


IMPORTANT WARNING: Sequences Lepisorus_asterolepis and Lepisorus_marginatus are exactly identical


IMPORTANT WARNING: Sequences Lepisorus_bampsii and Lepisorus_excavatus are exactly identical


IMPORTANT WARNING: Sequences Lepisorus_bampsii and Lepisorus_morrisonensis are exactly identical


IMPORTANT WARNING: Sequences Leucostegia_pallida and Leucostegia_pallida_AB232389 are exactly identical


IMPORTANT WARNING: Sequences Lindsaea_cambodgensis and Lindsaea_kawabatae are exactly identical


IMPORTANT WARNING: Sequences Lindsaea_cambodgensis and Lindsaea_simulans are exactly identical


IMPORTANT WARNING: Sequences Lindsaea_rufa and Lindsaea_trichomanoides are exactly identical


IMPORTANT WARNING: Sequences Lycopodiella_cernua_KMG149 and Lycopodiella_cernua_THG73 are exactly identical


IMPORTANT WARNING: Sequences Macrothelypteris_torresiana and Macrothelypteris_torresiana_JNG644 are exactly identical


IMPORTANT WARNING: Sequences Marattia_laxa and Marattia_weinmanniifolia are exactly identical


IMPORTANT WARNING: Sequences Marsilea_aegyptiaca and Marsilea_botryocarpa are exactly identical


IMPORTANT WARNING: Sequences Marsilea_aegyptiaca and Marsilea_ephippiocarpa are exactly identical


IMPORTANT WARNING: Sequences Marsilea_aegyptiaca and Marsilea_farinosa are exactly identical


IMPORTANT WARNING: Sequences Marsilea_azorica and Marsilea_costulifera are exactly identical


IMPORTANT WARNING: Sequences Marsilea_azorica and Marsilea_exarata are exactly identical


IMPORTANT WARNING: Sequences Marsilea_azorica and Marsilea_hirsuta are exactly identical


IMPORTANT WARNING: Sequences Marsilea_capensis and Marsilea_coromandelina are exactly identical


IMPORTANT WARNING: Sequences Marsilea_capensis and Marsilea_crenulata are exactly identical


IMPORTANT WARNING: Sequences Marsilea_capensis and Marsilea_gibba are exactly identical


IMPORTANT WARNING: Sequences Marsilea_crotophora and Marsilea_deflexa are exactly identical


IMPORTANT WARNING: Sequences Marsilea_drummondii and Marsilea_nashii are exactly identical


IMPORTANT WARNING: Sequences Marsilea_drummondii and Marsilea_uncinata are exactly identical


IMPORTANT WARNING: Sequences Marsilea_mucronata and Marsilea_villosa are exactly identical


IMPORTANT WARNING: Sequences Marsilea_schelpeana and Marsilea_vera are exactly identical


IMPORTANT WARNING: Sequences Marsilea_schelpeana and Marsilea_villifolia are exactly identical


IMPORTANT WARNING: Sequences Marsilea_tenuifolia and Marsilea_vestita are exactly identical


IMPORTANT WARNING: Sequences Megalastrum_connexum and Megalastrum_retrorsum are exactly identical


IMPORTANT WARNING: Sequences Megalastrum_lanatum and Megalastrum_oppositum are exactly identical


IMPORTANT WARNING: Sequences Melpomene_firma and Melpomene_occidentalis are exactly identical


IMPORTANT WARNING: Sequences Melpomene_paradoxa and Melpomene_peruviana are exactly identical


IMPORTANT WARNING: Sequences Melpomene_vulcanica and Melpomene_wolfii are exactly identical


IMPORTANT WARNING: Sequences Metathelypteris_flaccida and Metathelypteris_glandulifera are exactly identical


IMPORTANT WARNING: Sequences Mickelia_nicotianifolia and Mickelia_pergamentacea are exactly identical


IMPORTANT WARNING: Sequences Microlepia_izu_peninsulae and Microlepia_obtusiloba are exactly identical


IMPORTANT WARNING: Sequences Microlepia_izu_peninsulae and Microlepia_pseudostrigosa are exactly identical


IMPORTANT WARNING: Sequences Microlepia_izu_peninsulae and Microlepia_substrigosa are exactly identical


IMPORTANT WARNING: Sequences Microsorum_grossum_THG136 and Microsorum_xmaximum_THG144 are exactly identical


IMPORTANT WARNING: Sequences Moranopteris_grisebachii and Moranopteris_nana are exactly identical


IMPORTANT WARNING: Sequences Moranopteris_grisebachii and Moranopteris_perpusilla are exactly identical


IMPORTANT WARNING: Sequences Mycopteris_attenuatissima and Mycopteris_leucosticta are exactly identical


IMPORTANT WARNING: Sequences Mycopteris_attenuatissima and Mycopteris_longicaulis are exactly identical


IMPORTANT WARNING: Sequences Myriopteris_chipinquensis and Myriopteris_tomentosa are exactly identical


IMPORTANT WARNING: Sequences Myriopteris_gracillima and Myriopteris_intertexta are exactly identical


IMPORTANT WARNING: Sequences Myriopteris_lendigera and Myriopteris_mexicana are exactly identical


IMPORTANT WARNING: Sequences Neolepisorus_fortunei and Polypodium_maculosum are exactly identical


IMPORTANT WARNING: Sequences Nephrolepis_biserrata_JNG628 and Nephrolepis_hirsutula are exactly identical


IMPORTANT WARNING: Sequences Nephrolepis_cordifolia and Nephrolepis_multiflora are exactly identical


IMPORTANT WARNING: Sequences Nephrolepis_hirsutula_KMG2 and Nephrolepis_obliterata are exactly identical


IMPORTANT WARNING: Sequences Osmunda_japonica and Osmunda_lancea are exactly identical


IMPORTANT WARNING: Sequences Parathelypteris_glanduligera and Thelypteris_nipponica are exactly identical


IMPORTANT WARNING: Sequences Pecluma_alfredii and Pecluma_ptilodon are exactly identical


IMPORTANT WARNING: Sequences Pellaea_crenata and Pellaea_gleichenioides are exactly identical


IMPORTANT WARNING: Sequences Pellaea_crenata and Pellaea_riedelii are exactly identical


IMPORTANT WARNING: Sequences Phymatopteris_conjuncta and Phymatopteris_tibetana are exactly identical


IMPORTANT WARNING: Sequences Phymatopteris_oxyloba and Phymatopteris_suboxyloba are exactly identical


IMPORTANT WARNING: Sequences Pilularia_novae_hollandiae and Pilularia_novae_zelandiae are exactly identical


IMPORTANT WARNING: Sequences Platygyria_soulieana and Platygyria_waltonii are exactly identical


IMPORTANT WARNING: Sequences Pleocnemia_cumingiana and Pleocnemia_leuzeana are exactly identical


IMPORTANT WARNING: Sequences Pleopeltis_conzattii and Pleopeltis_mexicana are exactly identical


IMPORTANT WARNING: Sequences Pleopeltis_conzattii and Pleopeltis_polylepis are exactly identical


IMPORTANT WARNING: Sequences Pleopeltis_pycnocarpa and Polypodium_monosorum are exactly identical


IMPORTANT WARNING: Sequences Polyphlebium_borbonicum and Polyphlebium_borbonicum_JNG8 are exactly identical


IMPORTANT WARNING: Sequences Polypodium_amamianum and Polypodium_niponicum are exactly identical


IMPORTANT WARNING: Sequences Polypodium_amorphum and Polypodium_sibiricum are exactly identical


IMPORTANT WARNING: Sequences Polypodium_amorphum and Polypodium_virginianum are exactly identical


IMPORTANT WARNING: Sequences Polypodium_collinsii and Polypodium_pyrrholepis are exactly identical


IMPORTANT WARNING: Sequences Polypodium_collinsii and Polypodium_sanctae_rosae are exactly identical


IMPORTANT WARNING: Sequences Polypodium_guttatum and Polypodium_madrense are exactly identical


IMPORTANT WARNING: Sequences Polypodium_guttatum and Polypodium_montigenum are exactly identical


IMPORTANT WARNING: Sequences Polystichum_basipinnatum and Polystichum_conjunctum are exactly identical


IMPORTANT WARNING: Sequences Polystichum_basipinnatum and Polystichum_lepidocaulon are exactly identical


IMPORTANT WARNING: Sequences Polystichum_concinnum and Polystichum_turrialbae are exactly identical


IMPORTANT WARNING: Sequences Pronephrium_gymnopteridifrons and Thelypteris_affinis are exactly identical


IMPORTANT WARNING: Sequences Prosaptia_contigua_JNG633 and Prosaptia_subnuda_JNG563 are exactly identical


IMPORTANT WARNING: Sequences Pseudophegopteris_pyrrhorachis and Pseudophegopteris_tibetana are exactly identical


IMPORTANT WARNING: Sequences Pteris_actiniopteroides and Pteris_angustipinna are exactly identical


IMPORTANT WARNING: Sequences Pteris_actiniopteroides and Pteris_gallinopes are exactly identical


IMPORTANT WARNING: Sequences Pteris_actiniopteroides and Pteris_henryi are exactly identical


IMPORTANT WARNING: Sequences Pteris_actiniopteroides and Pteris_yamatensis are exactly identical


IMPORTANT WARNING: Sequences Pteris_argyraea and Pteris_confusa are exactly identical


IMPORTANT WARNING: Sequences Pteris_argyraea and Pteris_perrottetii are exactly identical


IMPORTANT WARNING: Sequences Pteris_arisanensis and Pteris_laurisilvicola are exactly identical


IMPORTANT WARNING: Sequences Pteris_arisanensis and Pteris_natiensis are exactly identical


IMPORTANT WARNING: Sequences Pteris_arisanensis and Pteris_porphyrophlebia are exactly identical


IMPORTANT WARNING: Sequences Pteris_arisanensis and Pteris_wulaiensis are exactly identical


IMPORTANT WARNING: Sequences Pteris_brasiliensis and Pteris_splendens are exactly identical


IMPORTANT WARNING: Sequences Pteris_cadieri and Pteris_grevilleana are exactly identical


IMPORTANT WARNING: Sequences Pteris_elongatiloba and Pteris_laurea are exactly identical


IMPORTANT WARNING: Sequences Pteris_heteromorpha and Pteris_insignis are exactly identical


IMPORTANT WARNING: Sequences Pteris_heteromorpha and Pteris_pellucida are exactly identical


IMPORTANT WARNING: Sequences Pteris_heteromorpha and Pteris_venusta are exactly identical


IMPORTANT WARNING: Sequences Pteris_himalayensis and Pteris_kathmanduensis are exactly identical


IMPORTANT WARNING: Sequences Pteris_himalayensis and Pteris_medogensis are exactly identical


IMPORTANT WARNING: Sequences Pteris_himalayensis and Pteris_satsumana are exactly identical


IMPORTANT WARNING: Sequences Pteris_himalayensis and Pteris_spinescens are exactly identical


IMPORTANT WARNING: Sequences Pteris_kidoi and Pteris_multifida are exactly identical


IMPORTANT WARNING: Sequences Pteris_kingiana and Pteris_tremula are exactly identical


IMPORTANT WARNING: Sequences Pteris_nipponica and Pteris_ryukyuensis are exactly identical


IMPORTANT WARNING: Sequences Pteris_nipponica and Pteris_umbrosa are exactly identical


IMPORTANT WARNING: Sequences Pteris_normalis and Pteris_scabripes are exactly identical


IMPORTANT WARNING: Sequences Pteris_normalis and Pteris_scabririgens are exactly identical


IMPORTANT WARNING: Sequences Pteris_ottaria and Pteris_praetermissa are exactly identical


IMPORTANT WARNING: Sequences Pteris_puberula and Pteris_subquinata are exactly identical


IMPORTANT WARNING: Sequences Pyrrosia_lingua and Pyrrosia_piloselloides are exactly identical


IMPORTANT WARNING: Sequences Selaginella_banksii_KMG150 and Selaginella_banksii_KMG70 are exactly identical


IMPORTANT WARNING: Sequences Selaginella_banksii_KMG150 and Selaginella_sp_JNG2467_RAIATEA are exactly identical


IMPORTANT WARNING: Sequences Selliguea_plantaginea and Selliguea_plantaginea_JNG648 are exactly identical


IMPORTANT WARNING: Sequences Sorolepidium_glaciale and Sorolepidium_ovale are exactly identical


IMPORTANT WARNING: Sequences Tectaria_fauriei and Tectaria_vasta are exactly identical


IMPORTANT WARNING: Sequences Tectaria_gemmifera and Tectaria_paradoxa are exactly identical


IMPORTANT WARNING: Sequences Teratophyllum_wilkesianum and Teratophyllum_wilkesianum_KMG3 are exactly identical


IMPORTANT WARNING: Sequences Tmesipteris_elongata and Tmesipteris_tannensis are exactly identical


IMPORTANT WARNING: Sequences Trichomanes_crispum and Trichomanes_egleri are exactly identical


IMPORTANT WARNING: Sequences Trichomanes_crispum and Trichomanes_pilosum are exactly identical


IMPORTANT WARNING: Sequences Trichomanes_crispum and Trichomanes_robustum are exactly identical


IMPORTANT WARNING: Sequences Tryonia_areniticola and Tryonia_myriophylla are exactly identical


IMPORTANT WARNING: Sequences Wibelia_denticulata and Wibelia_denticulata_JNG631 are exactly identical


IMPORTANT WARNING: Sequences Woodsia_intermedia and Woodsia_subcordata are exactly identical


IMPORTANT WARNING: Sequences Woodwardia_auriculata and Woodwardia_japonica are exactly identical

IMPORTANT WARNING
Found 252 sequences that are exactly identical to other sequences in the alignment.
Normally they should be excluded from the analysis.

An alignment file with sequence duplicates removed has already
been printed to file /n/home04/jnitta/Analysis/moorea/data/rbcL_broad.phy.reduced


Using BFGS method to optimize GTR rate parameters, to disable this specify "--no-bfgs" 


This is the RAxML Master Pthread

This is RAxML Worker Pthread Number: 2

This is RAxML Worker Pthread Number: 1

This is RAxML Worker Pthread Number: 3

This is RAxML Worker Pthread Number: 4

This is RAxML Worker Pthread Number: 5

This is RAxML Worker Pthread Number: 6

This is RAxML Worker Pthread Number: 8

This is RAxML Worker Pthread Number: 7

This is RAxML Worker Pthread Number: 10

This is RAxML Worker Pthread Number: 9

This is RAxML Worker Pthread Number: 11

This is RAxML Worker Pthread Number: 12

This is RAxML Worker Pthread Number: 13

This is RAxML Worker Pthread Number: 14

This is RAxML Worker Pthread Number: 15


This is RAxML version 8.1.15 released by Alexandros Stamatakis on December 25 2014.

With greatly appreciated code contributions by:
Andre Aberer      (HITS)
Simon Berger      (HITS)
Alexey Kozlov     (HITS)
Kassian Kobert    (HITS)
David Dao         (KIT and HITS)
Nick Pattengale   (Sandia)
Wayne Pfeiffer    (SDSC)
Akifumi S. Tanabe (NRIFS)

Alignment has 1185 distinct alignment patterns

Proportion of gaps and completely undetermined characters in this alignment: 2.67%

RAxML rapid hill-climbing mode

Using 1 distinct models/data partitions with joint branch length optimization


Executing 100 non-parametric bootstrap inferences

All free model parameters will be estimated by RAxML
GAMMA model of rate heteorgeneity, ML estimate of alpha-parameter

GAMMA Model parameters will be estimated up to an accuracy of 0.1000000000 Log Likelihood units

Partition: 0
Alignment Patterns: 1185
Name: No Name Provided
DataType: DNA
Substitution Matrix: GTR




RAxML was called as follows:

raxmlHPC-PTHREADS -T 16 -m GTRGAMMA -p 12345 -b 12345 -# 100 -s /n/home04/jnitta/Analysis/moorea/data/rbcL_broad.phy -n rbcL_broad_100boot 


Bootstrap[0]: Time 5360.484454 seconds, bootstrap likelihood -169405.413819, best rearrangement setting 25
Bootstrap[1]: Time 5645.687422 seconds, bootstrap likelihood -172339.211905, best rearrangement setting 20
Bootstrap[2]: Time 2762.486115 seconds, bootstrap likelihood -165527.371622, best rearrangement setting 15
Bootstrap[3]: Time 3432.800599 seconds, bootstrap likelihood -176637.800981, best rearrangement setting 25
Bootstrap[4]: Time 4104.146100 seconds, bootstrap likelihood -172739.163777, best rearrangement setting 15
Bootstrap[5]: Time 4373.926559 seconds, bootstrap likelihood -162544.433211, best rearrangement setting 15
Bootstrap[6]: Time 5015.690728 seconds, bootstrap likelihood -173707.498848, best rearrangement setting 20
Bootstrap[7]: Time 3823.289193 seconds, bootstrap likelihood -176636.077103, best rearrangement setting 20
Bootstrap[8]: Time 5601.588227 seconds, bootstrap likelihood -168749.601332, best rearrangement setting 15
Bootstrap[9]: Time 4043.254249 seconds, bootstrap likelihood -163225.663942, best rearrangement setting 15
Bootstrap[10]: Time 3974.598704 seconds, bootstrap likelihood -173583.213485, best rearrangement setting 20
Bootstrap[11]: Time 4632.067023 seconds, bootstrap likelihood -174060.066530, best rearrangement setting 20
Bootstrap[12]: Time 5027.315657 seconds, bootstrap likelihood -169595.614019, best rearrangement setting 20
Bootstrap[13]: Time 3829.626873 seconds, bootstrap likelihood -187653.896396, best rearrangement setting 15
Bootstrap[14]: Time 5194.279677 seconds, bootstrap likelihood -159450.552821, best rearrangement setting 20
Bootstrap[15]: Time 3385.600895 seconds, bootstrap likelihood -182923.196529, best rearrangement setting 10
Bootstrap[16]: Time 4050.901312 seconds, bootstrap likelihood -185026.526849, best rearrangement setting 20
Bootstrap[17]: Time 5303.531195 seconds, bootstrap likelihood -174808.844437, best rearrangement setting 20
Bootstrap[18]: Time 5277.980467 seconds, bootstrap likelihood -171203.215451, best rearrangement setting 20
Bootstrap[19]: Time 4280.787268 seconds, bootstrap likelihood -164448.506221, best rearrangement setting 25
Bootstrap[20]: Time 3647.333372 seconds, bootstrap likelihood -166757.316323, best rearrangement setting 20
Bootstrap[21]: Time 5768.019753 seconds, bootstrap likelihood -176025.197414, best rearrangement setting 15
Bootstrap[22]: Time 3835.361806 seconds, bootstrap likelihood -158885.613950, best rearrangement setting 20
Bootstrap[23]: Time 5961.496259 seconds, bootstrap likelihood -173272.816439, best rearrangement setting 25
Bootstrap[24]: Time 3784.221262 seconds, bootstrap likelihood -174072.061564, best rearrangement setting 25
Bootstrap[25]: Time 3629.385102 seconds, bootstrap likelihood -168549.369058, best rearrangement setting 20
Bootstrap[26]: Time 3971.103684 seconds, bootstrap likelihood -171096.730220, best rearrangement setting 15
Bootstrap[27]: Time 3430.529204 seconds, bootstrap likelihood -173230.356237, best rearrangement setting 15
Bootstrap[28]: Time 3754.269887 seconds, bootstrap likelihood -164724.548639, best rearrangement setting 25
Bootstrap[29]: Time 4762.958076 seconds, bootstrap likelihood -175590.864926, best rearrangement setting 25
Bootstrap[30]: Time 7455.119846 seconds, bootstrap likelihood -185600.380482, best rearrangement setting 25
Bootstrap[31]: Time 2619.928757 seconds, bootstrap likelihood -180360.139710, best rearrangement setting 15
Bootstrap[32]: Time 3566.905302 seconds, bootstrap likelihood -171424.145110, best rearrangement setting 25
Bootstrap[33]: Time 3181.667487 seconds, bootstrap likelihood -178244.777842, best rearrangement setting 15
Bootstrap[34]: Time 6010.901756 seconds, bootstrap likelihood -184539.936475, best rearrangement setting 20
Bootstrap[35]: Time 4531.114103 seconds, bootstrap likelihood -179620.251660, best rearrangement setting 15
Bootstrap[36]: Time 4286.501705 seconds, bootstrap likelihood -176392.131848, best rearrangement setting 20
Bootstrap[37]: Time 4610.516647 seconds, bootstrap likelihood -169360.206146, best rearrangement setting 20
Bootstrap[38]: Time 5932.237230 seconds, bootstrap likelihood -175664.688794, best rearrangement setting 20
Bootstrap[39]: Time 4000.076180 seconds, bootstrap likelihood -169404.890270, best rearrangement setting 25
Bootstrap[40]: Time 6460.876319 seconds, bootstrap likelihood -171716.960399, best rearrangement setting 20
Bootstrap[41]: Time 4143.396340 seconds, bootstrap likelihood -176018.645404, best rearrangement setting 20
Bootstrap[42]: Time 4455.607354 seconds, bootstrap likelihood -173739.225423, best rearrangement setting 20
Bootstrap[43]: Time 3690.932225 seconds, bootstrap likelihood -175483.547078, best rearrangement setting 25
Bootstrap[44]: Time 4379.172275 seconds, bootstrap likelihood -171417.220593, best rearrangement setting 20
Bootstrap[45]: Time 5820.778630 seconds, bootstrap likelihood -165336.171333, best rearrangement setting 25
Bootstrap[46]: Time 3295.468653 seconds, bootstrap likelihood -166826.994681, best rearrangement setting 15
Bootstrap[47]: Time 6261.052418 seconds, bootstrap likelihood -159392.680511, best rearrangement setting 20
Bootstrap[48]: Time 4733.190739 seconds, bootstrap likelihood -171591.183101, best rearrangement setting 20
Bootstrap[49]: Time 4109.650818 seconds, bootstrap likelihood -172699.753808, best rearrangement setting 20
Bootstrap[50]: Time 4304.203891 seconds, bootstrap likelihood -164897.124727, best rearrangement setting 20
Bootstrap[51]: Time 3923.462831 seconds, bootstrap likelihood -166084.419538, best rearrangement setting 20
Bootstrap[52]: Time 4725.243961 seconds, bootstrap likelihood -184125.108783, best rearrangement setting 15
Bootstrap[53]: Time 4508.667619 seconds, bootstrap likelihood -165934.015720, best rearrangement setting 15
Bootstrap[54]: Time 3648.595866 seconds, bootstrap likelihood -184662.973424, best rearrangement setting 15
Bootstrap[55]: Time 3523.824744 seconds, bootstrap likelihood -168844.041642, best rearrangement setting 15
Bootstrap[56]: Time 5321.758252 seconds, bootstrap likelihood -161247.361050, best rearrangement setting 20
Bootstrap[57]: Time 5613.027208 seconds, bootstrap likelihood -160079.141313, best rearrangement setting 25
Bootstrap[58]: Time 3928.819066 seconds, bootstrap likelihood -159622.346862, best rearrangement setting 20
Bootstrap[59]: Time 5300.259766 seconds, bootstrap likelihood -170833.573434, best rearrangement setting 25
Bootstrap[60]: Time 4204.477023 seconds, bootstrap likelihood -162022.203942, best rearrangement setting 25
Bootstrap[61]: Time 6009.305128 seconds, bootstrap likelihood -180467.551696, best rearrangement setting 25
Bootstrap[62]: Time 5338.215081 seconds, bootstrap likelihood -165568.820980, best rearrangement setting 20
Bootstrap[63]: Time 4216.379594 seconds, bootstrap likelihood -180340.585993, best rearrangement setting 20
Bootstrap[64]: Time 4780.139021 seconds, bootstrap likelihood -171222.266384, best rearrangement setting 20
Bootstrap[65]: Time 5584.940602 seconds, bootstrap likelihood -168491.164516, best rearrangement setting 20
Bootstrap[66]: Time 5688.302622 seconds, bootstrap likelihood -179591.015503, best rearrangement setting 15
Bootstrap[67]: Time 3009.598752 seconds, bootstrap likelihood -175625.721151, best rearrangement setting 15
Bootstrap[68]: Time 4513.995936 seconds, bootstrap likelihood -178697.658562, best rearrangement setting 15
Bootstrap[69]: Time 5144.030115 seconds, bootstrap likelihood -170439.894980, best rearrangement setting 25
Bootstrap[70]: Time 4954.162173 seconds, bootstrap likelihood -162566.464560, best rearrangement setting 20
Bootstrap[71]: Time 4627.101209 seconds, bootstrap likelihood -185468.342812, best rearrangement setting 20
Bootstrap[72]: Time 3137.224438 seconds, bootstrap likelihood -175358.221777, best rearrangement setting 20
Bootstrap[73]: Time 4698.909571 seconds, bootstrap likelihood -166981.332942, best rearrangement setting 20
Bootstrap[74]: Time 4714.458429 seconds, bootstrap likelihood -174454.951292, best rearrangement setting 20
Bootstrap[75]: Time 4442.449371 seconds, bootstrap likelihood -177016.402491, best rearrangement setting 20
Bootstrap[76]: Time 4315.881194 seconds, bootstrap likelihood -165712.158609, best rearrangement setting 15
Bootstrap[77]: Time 4064.401986 seconds, bootstrap likelihood -176092.736538, best rearrangement setting 15
Bootstrap[78]: Time 4407.939482 seconds, bootstrap likelihood -185956.465705, best rearrangement setting 15
Bootstrap[79]: Time 3948.754135 seconds, bootstrap likelihood -177090.387618, best rearrangement setting 15
Bootstrap[80]: Time 5367.697290 seconds, bootstrap likelihood -181085.197865, best rearrangement setting 25
Bootstrap[81]: Time 4788.660238 seconds, bootstrap likelihood -177214.407247, best rearrangement setting 10
Bootstrap[82]: Time 3525.901043 seconds, bootstrap likelihood -180678.593313, best rearrangement setting 15
Bootstrap[83]: Time 3238.706328 seconds, bootstrap likelihood -173629.940702, best rearrangement setting 15
Bootstrap[84]: Time 5311.078674 seconds, bootstrap likelihood -176259.589027, best rearrangement setting 15
Bootstrap[85]: Time 4798.197266 seconds, bootstrap likelihood -166095.378224, best rearrangement setting 20
Bootstrap[86]: Time 4191.413903 seconds, bootstrap likelihood -162423.563232, best rearrangement setting 25
Bootstrap[87]: Time 5127.649846 seconds, bootstrap likelihood -181846.239900, best rearrangement setting 25
Bootstrap[88]: Time 4078.211447 seconds, bootstrap likelihood -160866.012884, best rearrangement setting 20
Bootstrap[89]: Time 3861.577155 seconds, bootstrap likelihood -158576.987220, best rearrangement setting 20
Bootstrap[90]: Time 4186.234076 seconds, bootstrap likelihood -163072.668734, best rearrangement setting 25
Bootstrap[91]: Time 4397.567543 seconds, bootstrap likelihood -189729.786386, best rearrangement setting 20
Bootstrap[92]: Time 3732.638207 seconds, bootstrap likelihood -166262.331154, best rearrangement setting 25
Bootstrap[93]: Time 6941.687307 seconds, bootstrap likelihood -171903.526832, best rearrangement setting 20
Bootstrap[94]: Time 3758.578386 seconds, bootstrap likelihood -168501.850855, best rearrangement setting 20
Bootstrap[95]: Time 3656.692953 seconds, bootstrap likelihood -173926.902459, best rearrangement setting 15
Bootstrap[96]: Time 4668.976980 seconds, bootstrap likelihood -180857.834238, best rearrangement setting 15
Bootstrap[97]: Time 3863.140610 seconds, bootstrap likelihood -171758.546912, best rearrangement setting 20
Bootstrap[98]: Time 3460.496610 seconds, bootstrap likelihood -171834.809228, best rearrangement setting 20
Bootstrap[99]: Time 3355.310830 seconds, bootstrap likelihood -171118.536854, best rearrangement setting 20


Overall Time for 100 Bootstraps 448140.364730


Average Time per Bootstrap 4481.403647
All 100 bootstrapped trees written to: /n/home04/jnitta/Analysis/moorea/bin/2015-08-30/RAxML_bootstrap.rbcL_broad_100boot
Found a total of 3243 taxa in first tree of tree collection RAxML_bootstrap.rbcL_broad_100boot
Expecting all remaining trees in collection to have the same taxon set


WARNING: RAxML is not checking sequences for duplicate seqs and sites with missing data!


This is the RAxML Master Pthread

This is RAxML Worker Pthread Number: 1

This is RAxML Worker Pthread Number: 2

This is RAxML Worker Pthread Number: 3

This is RAxML Worker Pthread Number: 4

This is RAxML Worker Pthread Number: 5

This is RAxML Worker Pthread Number: 6

This is RAxML Worker Pthread Number: 8

This is RAxML Worker Pthread Number: 7

This is RAxML Worker Pthread Number: 9

This is RAxML Worker Pthread Number: 10

This is RAxML Worker Pthread Number: 11

This is RAxML Worker Pthread Number: 12

This is RAxML Worker Pthread Number: 13

This is RAxML Worker Pthread Number: 14

This is RAxML Worker Pthread Number: 15


This is RAxML version 8.1.15 released by Alexandros Stamatakis on December 25 2014.

With greatly appreciated code contributions by:
Andre Aberer      (HITS)
Simon Berger      (HITS)
Alexey Kozlov     (HITS)
Kassian Kobert    (HITS)
David Dao         (KIT and HITS)
Nick Pattengale   (Sandia)
Wayne Pfeiffer    (SDSC)
Akifumi S. Tanabe (NRIFS)

RAxML Bipartition Computation: Drawing support values from trees in file RAxML_bootstrap.rbcL_broad_100boot onto tree in file RAxML_bestTree.rbcL_broad_20ML


RAxML was called as follows:

raxmlHPC-PTHREADS -T 16 -m GTRCAT -p 12345 -f b -t RAxML_bestTree.rbcL_broad_20ML -z RAxML_bootstrap.rbcL_broad_100boot -n rbcL_broad_MLboot 




Found 1 tree in File RAxML_bestTree.rbcL_broad_20ML



Found 100 trees in File RAxML_bootstrap.rbcL_broad_100boot



Found 1 tree in File RAxML_bestTree.rbcL_broad_20ML



Time for Computation of Bipartitions 3.465533
Tree with bipartitions written to file:  /n/home04/jnitta/Analysis/moorea/bin/2015-08-30/RAxML_bipartitions.rbcL_broad_MLboot
Tree with bipartitions as branch labels written to file:  /n/home04/jnitta/Analysis/moorea/bin/2015-08-30/RAxML_bipartitionsBranchLabels.rbcL_broad_MLboot
Execution information file written to :  /n/home04/jnitta/Analysis/moorea/bin/2015-08-30/RAxML_info.rbcL_broad_MLboot
